CRITICAL - 2021-08-15 01:26:26 --> Undefined offset: 0
#0 /opt/lampp/htdocs/DentistAPP/app/Views/admin/patient_info.php(32): CodeIgniter\Debug\Exceptions->errorHandler(8, 'Undefined offse...', '/opt/lampp/htdo...', 32, Array)
#1 /opt/lampp/htdocs/DentistAPP/system/View/View.php(230): include('/opt/lampp/htdo...')
#2 /opt/lampp/htdocs/DentistAPP/system/View/View.php(232): CodeIgniter\View\View->CodeIgniter\View\{closure}()
#3 /opt/lampp/htdocs/DentistAPP/system/Common.php(1271): CodeIgniter\View\View->render('admin/patient_i...', Array, true)
#4 /opt/lampp/htdocs/DentistAPP/app/Controllers/Admin/Patient.php(69): view('admin/patient_i...', Array)
#5 /opt/lampp/htdocs/DentistAPP/system/CodeIgniter.php(928): App\Controllers\Admin\Patient->patient_info('sweetalert2.all...')
#6 /opt/lampp/htdocs/DentistAPP/system/CodeIgniter.php(436): CodeIgniter\CodeIgniter->runController(Object(App\Controllers\Admin\Patient))
#7 /opt/lampp/htdocs/DentistAPP/system/CodeIgniter.php(336): CodeIgniter\CodeIgniter->handleRequest(NULL, Object(Config\Cache), false)
#8 /opt/lampp/htdocs/DentistAPP/public/index.php(37): CodeIgniter\CodeIgniter->run()
#9 {main}
CRITICAL - 2021-08-15 01:31:45 --> Undefined offset: 0
#0 /opt/lampp/htdocs/DentistAPP/app/Views/admin/patient_info.php(32): CodeIgniter\Debug\Exceptions->errorHandler(8, 'Undefined offse...', '/opt/lampp/htdo...', 32, Array)
#1 /opt/lampp/htdocs/DentistAPP/system/View/View.php(230): include('/opt/lampp/htdo...')
#2 /opt/lampp/htdocs/DentistAPP/system/View/View.php(232): CodeIgniter\View\View->CodeIgniter\View\{closure}()
#3 /opt/lampp/htdocs/DentistAPP/system/Common.php(1271): CodeIgniter\View\View->render('admin/patient_i...', Array, true)
#4 /opt/lampp/htdocs/DentistAPP/app/Controllers/Admin/Patient.php(69): view('admin/patient_i...', Array)
#5 /opt/lampp/htdocs/DentistAPP/system/CodeIgniter.php(928): App\Controllers\Admin\Patient->patient_info('app-calendar.ht...')
#6 /opt/lampp/htdocs/DentistAPP/system/CodeIgniter.php(436): CodeIgniter\CodeIgniter->runController(Object(App\Controllers\Admin\Patient))
#7 /opt/lampp/htdocs/DentistAPP/system/CodeIgniter.php(336): CodeIgniter\CodeIgniter->handleRequest(NULL, Object(Config\Cache), false)
#8 /opt/lampp/htdocs/DentistAPP/public/index.php(37): CodeIgniter\CodeIgniter->run()
#9 {main}
CRITICAL - 2021-08-15 01:31:56 --> Undefined offset: 0
#0 /opt/lampp/htdocs/DentistAPP/app/Views/admin/patient_info.php(32): CodeIgniter\Debug\Exceptions->errorHandler(8, 'Undefined offse...', '/opt/lampp/htdo...', 32, Array)
#1 /opt/lampp/htdocs/DentistAPP/system/View/View.php(230): include('/opt/lampp/htdo...')
#2 /opt/lampp/htdocs/DentistAPP/system/View/View.php(232): CodeIgniter\View\View->CodeIgniter\View\{closure}()
#3 /opt/lampp/htdocs/DentistAPP/system/Common.php(1271): CodeIgniter\View\View->render('admin/patient_i...', Array, true)
#4 /opt/lampp/htdocs/DentistAPP/app/Controllers/Admin/Patient.php(69): view('admin/patient_i...', Array)
#5 /opt/lampp/htdocs/DentistAPP/system/CodeIgniter.php(928): App\Controllers\Admin\Patient->patient_info('sweetalert2.all...')
#6 /opt/lampp/htdocs/DentistAPP/system/CodeIgniter.php(436): CodeIgniter\CodeIgniter->runController(Object(App\Controllers\Admin\Patient))
#7 /opt/lampp/htdocs/DentistAPP/system/CodeIgniter.php(336): CodeIgniter\CodeIgniter->handleRequest(NULL, Object(Config\Cache), false)
#8 /opt/lampp/htdocs/DentistAPP/public/index.php(37): CodeIgniter\CodeIgniter->run()
#9 {main}
CRITICAL - 2021-08-15 01:31:56 --> Undefined offset: 0
#0 /opt/lampp/htdocs/DentistAPP/app/Views/admin/patient_info.php(32): CodeIgniter\Debug\Exceptions->errorHandler(8, 'Undefined offse...', '/opt/lampp/htdo...', 32, Array)
#1 /opt/lampp/htdocs/DentistAPP/system/View/View.php(230): include('/opt/lampp/htdo...')
#2 /opt/lampp/htdocs/DentistAPP/system/View/View.php(232): CodeIgniter\View\View->CodeIgniter\View\{closure}()
#3 /opt/lampp/htdocs/DentistAPP/system/Common.php(1271): CodeIgniter\View\View->render('admin/patient_i...', Array, true)
#4 /opt/lampp/htdocs/DentistAPP/app/Controllers/Admin/Patient.php(69): view('admin/patient_i...', Array)
#5 /opt/lampp/htdocs/DentistAPP/system/CodeIgniter.php(928): App\Controllers\Admin\Patient->patient_info('sweetalert2.all...')
#6 /opt/lampp/htdocs/DentistAPP/system/CodeIgniter.php(436): CodeIgniter\CodeIgniter->runController(Object(App\Controllers\Admin\Patient))
#7 /opt/lampp/htdocs/DentistAPP/system/CodeIgniter.php(336): CodeIgniter\CodeIgniter->handleRequest(NULL, Object(Config\Cache), false)
#8 /opt/lampp/htdocs/DentistAPP/public/index.php(37): CodeIgniter\CodeIgniter->run()
#9 {main}
CRITICAL - 2021-08-15 01:31:57 --> Undefined offset: 0
#0 /opt/lampp/htdocs/DentistAPP/app/Views/admin/patient_info.php(32): CodeIgniter\Debug\Exceptions->errorHandler(8, 'Undefined offse...', '/opt/lampp/htdo...', 32, Array)
#1 /opt/lampp/htdocs/DentistAPP/system/View/View.php(230): include('/opt/lampp/htdo...')
#2 /opt/lampp/htdocs/DentistAPP/system/View/View.php(232): CodeIgniter\View\View->CodeIgniter\View\{closure}()
#3 /opt/lampp/htdocs/DentistAPP/system/Common.php(1271): CodeIgniter\View\View->render('admin/patient_i...', Array, true)
#4 /opt/lampp/htdocs/DentistAPP/app/Controllers/Admin/Patient.php(69): view('admin/patient_i...', Array)
#5 /opt/lampp/htdocs/DentistAPP/system/CodeIgniter.php(928): App\Controllers\Admin\Patient->patient_info('app-calendar.ht...')
#6 /opt/lampp/htdocs/DentistAPP/system/CodeIgniter.php(436): CodeIgniter\CodeIgniter->runController(Object(App\Controllers\Admin\Patient))
#7 /opt/lampp/htdocs/DentistAPP/system/CodeIgniter.php(336): CodeIgniter\CodeIgniter->handleRequest(NULL, Object(Config\Cache), false)
#8 /opt/lampp/htdocs/DentistAPP/public/index.php(37): CodeIgniter\CodeIgniter->run()
#9 {main}
CRITICAL - 2021-08-15 01:33:01 --> Undefined offset: 0
#0 /opt/lampp/htdocs/DentistAPP/app/Views/admin/patient_info.php(32): CodeIgniter\Debug\Exceptions->errorHandler(8, 'Undefined offse...', '/opt/lampp/htdo...', 32, Array)
#1 /opt/lampp/htdocs/DentistAPP/system/View/View.php(230): include('/opt/lampp/htdo...')
#2 /opt/lampp/htdocs/DentistAPP/system/View/View.php(232): CodeIgniter\View\View->CodeIgniter\View\{closure}()
#3 /opt/lampp/htdocs/DentistAPP/system/Common.php(1271): CodeIgniter\View\View->render('admin/patient_i...', Array, true)
#4 /opt/lampp/htdocs/DentistAPP/app/Controllers/Admin/Patient.php(69): view('admin/patient_i...', Array)
#5 /opt/lampp/htdocs/DentistAPP/system/CodeIgniter.php(928): App\Controllers\Admin\Patient->patient_info('sweetalert2.all...')
#6 /opt/lampp/htdocs/DentistAPP/system/CodeIgniter.php(436): CodeIgniter\CodeIgniter->runController(Object(App\Controllers\Admin\Patient))
#7 /opt/lampp/htdocs/DentistAPP/system/CodeIgniter.php(336): CodeIgniter\CodeIgniter->handleRequest(NULL, Object(Config\Cache), false)
#8 /opt/lampp/htdocs/DentistAPP/public/index.php(37): CodeIgniter\CodeIgniter->run()
#9 {main}
CRITICAL - 2021-08-15 01:39:06 --> Undefined offset: 0
#0 /opt/lampp/htdocs/DentistAPP/app/Views/admin/patient_info.php(32): CodeIgniter\Debug\Exceptions->errorHandler(8, 'Undefined offse...', '/opt/lampp/htdo...', 32, Array)
#1 /opt/lampp/htdocs/DentistAPP/system/View/View.php(230): include('/opt/lampp/htdo...')
#2 /opt/lampp/htdocs/DentistAPP/system/View/View.php(232): CodeIgniter\View\View->CodeIgniter\View\{closure}()
#3 /opt/lampp/htdocs/DentistAPP/system/Common.php(1271): CodeIgniter\View\View->render('admin/patient_i...', Array, true)
#4 /opt/lampp/htdocs/DentistAPP/app/Controllers/Admin/Patient.php(69): view('admin/patient_i...', Array)
#5 /opt/lampp/htdocs/DentistAPP/system/CodeIgniter.php(928): App\Controllers\Admin\Patient->patient_info('sweetalert2.all...')
#6 /opt/lampp/htdocs/DentistAPP/system/CodeIgniter.php(436): CodeIgniter\CodeIgniter->runController(Object(App\Controllers\Admin\Patient))
#7 /opt/lampp/htdocs/DentistAPP/system/CodeIgniter.php(336): CodeIgniter\CodeIgniter->handleRequest(NULL, Object(Config\Cache), false)
#8 /opt/lampp/htdocs/DentistAPP/public/index.php(37): CodeIgniter\CodeIgniter->run()
#9 {main}
