CRITICAL - 2021-08-14 00:03:46 --> Undefined variable: _SESSION
#0 /opt/lampp/htdocs/DentistAPP/app/Controllers/Admin/Dashboard.php(9): CodeIgniter\Debug\Exceptions->errorHandler(8, 'Undefined varia...', '/opt/lampp/htdo...', 9, Array)
#1 /opt/lampp/htdocs/DentistAPP/system/CodeIgniter.php(928): App\Controllers\Admin\Dashboard->index()
#2 /opt/lampp/htdocs/DentistAPP/system/CodeIgniter.php(436): CodeIgniter\CodeIgniter->runController(Object(App\Controllers\Admin\Dashboard))
#3 /opt/lampp/htdocs/DentistAPP/system/CodeIgniter.php(336): CodeIgniter\CodeIgniter->handleRequest(NULL, Object(Config\Cache), false)
#4 /opt/lampp/htdocs/DentistAPP/public/index.php(37): CodeIgniter\CodeIgniter->run()
#5 {main}
CRITICAL - 2021-08-14 00:05:17 --> Undefined property: App\Controllers\Admin\Dashboard::$session
#0 /opt/lampp/htdocs/DentistAPP/app/Controllers/Admin/Dashboard.php(9): CodeIgniter\Debug\Exceptions->errorHandler(8, 'Undefined prope...', '/opt/lampp/htdo...', 9, Array)
#1 /opt/lampp/htdocs/DentistAPP/system/CodeIgniter.php(928): App\Controllers\Admin\Dashboard->index()
#2 /opt/lampp/htdocs/DentistAPP/system/CodeIgniter.php(436): CodeIgniter\CodeIgniter->runController(Object(App\Controllers\Admin\Dashboard))
#3 /opt/lampp/htdocs/DentistAPP/system/CodeIgniter.php(336): CodeIgniter\CodeIgniter->handleRequest(NULL, Object(Config\Cache), false)
#4 /opt/lampp/htdocs/DentistAPP/public/index.php(37): CodeIgniter\CodeIgniter->run()
#5 {main}
CRITICAL - 2021-08-14 00:05:57 --> Undefined property: App\Controllers\Admin\Dashboard::$session
#0 /opt/lampp/htdocs/DentistAPP/app/Controllers/Admin/Dashboard.php(9): CodeIgniter\Debug\Exceptions->errorHandler(8, 'Undefined prope...', '/opt/lampp/htdo...', 9, Array)
#1 /opt/lampp/htdocs/DentistAPP/system/CodeIgniter.php(928): App\Controllers\Admin\Dashboard->index()
#2 /opt/lampp/htdocs/DentistAPP/system/CodeIgniter.php(436): CodeIgniter\CodeIgniter->runController(Object(App\Controllers\Admin\Dashboard))
#3 /opt/lampp/htdocs/DentistAPP/system/CodeIgniter.php(336): CodeIgniter\CodeIgniter->handleRequest(NULL, Object(Config\Cache), false)
#4 /opt/lampp/htdocs/DentistAPP/public/index.php(37): CodeIgniter\CodeIgniter->run()
#5 {main}
CRITICAL - 2021-08-14 00:08:45 --> Array to string conversion
#0 /opt/lampp/htdocs/DentistAPP/app/Views/admin/dashboard.php(37): CodeIgniter\Debug\Exceptions->errorHandler(8, 'Array to string...', '/opt/lampp/htdo...', 37, Array)
#1 /opt/lampp/htdocs/DentistAPP/system/View/View.php(230): include('/opt/lampp/htdo...')
#2 /opt/lampp/htdocs/DentistAPP/system/View/View.php(232): CodeIgniter\View\View->CodeIgniter\View\{closure}()
#3 /opt/lampp/htdocs/DentistAPP/system/Common.php(1271): CodeIgniter\View\View->render('admin/dashboard', Array, true)
#4 /opt/lampp/htdocs/DentistAPP/app/Controllers/Admin/Dashboard.php(12): view('admin/dashboard', Array)
#5 /opt/lampp/htdocs/DentistAPP/system/CodeIgniter.php(928): App\Controllers\Admin\Dashboard->index()
#6 /opt/lampp/htdocs/DentistAPP/system/CodeIgniter.php(436): CodeIgniter\CodeIgniter->runController(Object(App\Controllers\Admin\Dashboard))
#7 /opt/lampp/htdocs/DentistAPP/system/CodeIgniter.php(336): CodeIgniter\CodeIgniter->handleRequest(NULL, Object(Config\Cache), false)
#8 /opt/lampp/htdocs/DentistAPP/public/index.php(37): CodeIgniter\CodeIgniter->run()
#9 {main}
CRITICAL - 2021-08-14 00:11:18 --> A non-numeric value encountered
#0 /opt/lampp/htdocs/DentistAPP/app/Views/layout/main.php(118): CodeIgniter\Debug\Exceptions->errorHandler(2, 'A non-numeric v...', '/opt/lampp/htdo...', 118, Array)
#1 /opt/lampp/htdocs/DentistAPP/system/View/View.php(230): include('/opt/lampp/htdo...')
#2 /opt/lampp/htdocs/DentistAPP/system/View/View.php(232): CodeIgniter\View\View->CodeIgniter\View\{closure}()
#3 /opt/lampp/htdocs/DentistAPP/system/View/View.php(246): CodeIgniter\View\View->render('layout/main', Array, true)
#4 /opt/lampp/htdocs/DentistAPP/system/Common.php(1271): CodeIgniter\View\View->render('admin/dashboard', Array, true)
#5 /opt/lampp/htdocs/DentistAPP/app/Controllers/Admin/Dashboard.php(12): view('admin/dashboard', Array)
#6 /opt/lampp/htdocs/DentistAPP/system/CodeIgniter.php(928): App\Controllers\Admin\Dashboard->index()
#7 /opt/lampp/htdocs/DentistAPP/system/CodeIgniter.php(436): CodeIgniter\CodeIgniter->runController(Object(App\Controllers\Admin\Dashboard))
#8 /opt/lampp/htdocs/DentistAPP/system/CodeIgniter.php(336): CodeIgniter\CodeIgniter->handleRequest(NULL, Object(Config\Cache), false)
#9 /opt/lampp/htdocs/DentistAPP/public/index.php(37): CodeIgniter\CodeIgniter->run()
#10 {main}
CRITICAL - 2021-08-14 00:14:11 --> Array to string conversion
#0 /opt/lampp/htdocs/DentistAPP/app/Views/layout/main.php(118): CodeIgniter\Debug\Exceptions->errorHandler(8, 'Array to string...', '/opt/lampp/htdo...', 118, Array)
#1 /opt/lampp/htdocs/DentistAPP/system/View/View.php(230): include('/opt/lampp/htdo...')
#2 /opt/lampp/htdocs/DentistAPP/system/View/View.php(232): CodeIgniter\View\View->CodeIgniter\View\{closure}()
#3 /opt/lampp/htdocs/DentistAPP/system/View/View.php(246): CodeIgniter\View\View->render('layout/main', Array, true)
#4 /opt/lampp/htdocs/DentistAPP/system/Common.php(1271): CodeIgniter\View\View->render('admin/dashboard', Array, true)
#5 /opt/lampp/htdocs/DentistAPP/app/Controllers/Admin/Dashboard.php(13): view('admin/dashboard', Array)
#6 /opt/lampp/htdocs/DentistAPP/system/CodeIgniter.php(928): App\Controllers\Admin\Dashboard->index()
#7 /opt/lampp/htdocs/DentistAPP/system/CodeIgniter.php(436): CodeIgniter\CodeIgniter->runController(Object(App\Controllers\Admin\Dashboard))
#8 /opt/lampp/htdocs/DentistAPP/system/CodeIgniter.php(336): CodeIgniter\CodeIgniter->handleRequest(NULL, Object(Config\Cache), false)
#9 /opt/lampp/htdocs/DentistAPP/public/index.php(37): CodeIgniter\CodeIgniter->run()
#10 {main}
CRITICAL - 2021-08-14 00:16:37 --> Array to string conversion
#0 /opt/lampp/htdocs/DentistAPP/app/Views/layout/main.php(118): CodeIgniter\Debug\Exceptions->errorHandler(8, 'Array to string...', '/opt/lampp/htdo...', 118, Array)
#1 /opt/lampp/htdocs/DentistAPP/system/View/View.php(230): include('/opt/lampp/htdo...')
#2 /opt/lampp/htdocs/DentistAPP/system/View/View.php(232): CodeIgniter\View\View->CodeIgniter\View\{closure}()
#3 /opt/lampp/htdocs/DentistAPP/system/View/View.php(246): CodeIgniter\View\View->render('layout/main', Array, true)
#4 /opt/lampp/htdocs/DentistAPP/system/Common.php(1271): CodeIgniter\View\View->render('admin/dashboard', Array, true)
#5 /opt/lampp/htdocs/DentistAPP/app/Controllers/Admin/Dashboard.php(13): view('admin/dashboard', Array)
#6 /opt/lampp/htdocs/DentistAPP/system/CodeIgniter.php(928): App\Controllers\Admin\Dashboard->index()
#7 /opt/lampp/htdocs/DentistAPP/system/CodeIgniter.php(436): CodeIgniter\CodeIgniter->runController(Object(App\Controllers\Admin\Dashboard))
#8 /opt/lampp/htdocs/DentistAPP/system/CodeIgniter.php(336): CodeIgniter\CodeIgniter->handleRequest(NULL, Object(Config\Cache), false)
#9 /opt/lampp/htdocs/DentistAPP/public/index.php(37): CodeIgniter\CodeIgniter->run()
#10 {main}
CRITICAL - 2021-08-14 00:16:47 --> syntax error, unexpected ')', expecting ',' or ';'
#0 /opt/lampp/htdocs/DentistAPP/system/View/View.php(232): CodeIgniter\View\View->CodeIgniter\View\{closure}()
#1 /opt/lampp/htdocs/DentistAPP/system/View/View.php(246): CodeIgniter\View\View->render('layout/main', Array, true)
#2 /opt/lampp/htdocs/DentistAPP/system/Common.php(1271): CodeIgniter\View\View->render('admin/dashboard', Array, true)
#3 /opt/lampp/htdocs/DentistAPP/app/Controllers/Admin/Dashboard.php(13): view('admin/dashboard', Array)
#4 /opt/lampp/htdocs/DentistAPP/system/CodeIgniter.php(928): App\Controllers\Admin\Dashboard->index()
#5 /opt/lampp/htdocs/DentistAPP/system/CodeIgniter.php(436): CodeIgniter\CodeIgniter->runController(Object(App\Controllers\Admin\Dashboard))
#6 /opt/lampp/htdocs/DentistAPP/system/CodeIgniter.php(336): CodeIgniter\CodeIgniter->handleRequest(NULL, Object(Config\Cache), false)
#7 /opt/lampp/htdocs/DentistAPP/public/index.php(37): CodeIgniter\CodeIgniter->run()
#8 {main}
CRITICAL - 2021-08-14 00:16:55 --> Array to string conversion
#0 /opt/lampp/htdocs/DentistAPP/app/Views/layout/main.php(118): CodeIgniter\Debug\Exceptions->errorHandler(8, 'Array to string...', '/opt/lampp/htdo...', 118, Array)
#1 /opt/lampp/htdocs/DentistAPP/system/View/View.php(230): include('/opt/lampp/htdo...')
#2 /opt/lampp/htdocs/DentistAPP/system/View/View.php(232): CodeIgniter\View\View->CodeIgniter\View\{closure}()
#3 /opt/lampp/htdocs/DentistAPP/system/View/View.php(246): CodeIgniter\View\View->render('layout/main', Array, true)
#4 /opt/lampp/htdocs/DentistAPP/system/Common.php(1271): CodeIgniter\View\View->render('admin/dashboard', Array, true)
#5 /opt/lampp/htdocs/DentistAPP/app/Controllers/Admin/Dashboard.php(13): view('admin/dashboard', Array)
#6 /opt/lampp/htdocs/DentistAPP/system/CodeIgniter.php(928): App\Controllers\Admin\Dashboard->index()
#7 /opt/lampp/htdocs/DentistAPP/system/CodeIgniter.php(436): CodeIgniter\CodeIgniter->runController(Object(App\Controllers\Admin\Dashboard))
#8 /opt/lampp/htdocs/DentistAPP/system/CodeIgniter.php(336): CodeIgniter\CodeIgniter->handleRequest(NULL, Object(Config\Cache), false)
#9 /opt/lampp/htdocs/DentistAPP/public/index.php(37): CodeIgniter\CodeIgniter->run()
#10 {main}
CRITICAL - 2021-08-14 00:17:05 --> Array to string conversion
#0 /opt/lampp/htdocs/DentistAPP/app/Views/layout/main.php(118): CodeIgniter\Debug\Exceptions->errorHandler(8, 'Array to string...', '/opt/lampp/htdo...', 118, Array)
#1 /opt/lampp/htdocs/DentistAPP/system/View/View.php(230): include('/opt/lampp/htdo...')
#2 /opt/lampp/htdocs/DentistAPP/system/View/View.php(232): CodeIgniter\View\View->CodeIgniter\View\{closure}()
#3 /opt/lampp/htdocs/DentistAPP/system/View/View.php(246): CodeIgniter\View\View->render('layout/main', Array, true)
#4 /opt/lampp/htdocs/DentistAPP/system/Common.php(1271): CodeIgniter\View\View->render('admin/dashboard', Array, true)
#5 /opt/lampp/htdocs/DentistAPP/app/Controllers/Admin/Dashboard.php(13): view('admin/dashboard', Array)
#6 /opt/lampp/htdocs/DentistAPP/system/CodeIgniter.php(928): App\Controllers\Admin\Dashboard->index()
#7 /opt/lampp/htdocs/DentistAPP/system/CodeIgniter.php(436): CodeIgniter\CodeIgniter->runController(Object(App\Controllers\Admin\Dashboard))
#8 /opt/lampp/htdocs/DentistAPP/system/CodeIgniter.php(336): CodeIgniter\CodeIgniter->handleRequest(NULL, Object(Config\Cache), false)
#9 /opt/lampp/htdocs/DentistAPP/public/index.php(37): CodeIgniter\CodeIgniter->run()
#10 {main}
CRITICAL - 2021-08-14 00:21:26 --> Undefined variable: userData
#0 /opt/lampp/htdocs/DentistAPP/app/Views/layout/main.php(118): CodeIgniter\Debug\Exceptions->errorHandler(8, 'Undefined varia...', '/opt/lampp/htdo...', 118, Array)
#1 /opt/lampp/htdocs/DentistAPP/system/View/View.php(230): include('/opt/lampp/htdo...')
#2 /opt/lampp/htdocs/DentistAPP/system/View/View.php(232): CodeIgniter\View\View->CodeIgniter\View\{closure}()
#3 /opt/lampp/htdocs/DentistAPP/system/View/View.php(246): CodeIgniter\View\View->render('layout/main', Array, true)
#4 /opt/lampp/htdocs/DentistAPP/system/Common.php(1271): CodeIgniter\View\View->render('admin/dashboard', Array, true)
#5 /opt/lampp/htdocs/DentistAPP/app/Controllers/Admin/Dashboard.php(17): view('admin/dashboard', Array)
#6 /opt/lampp/htdocs/DentistAPP/system/CodeIgniter.php(928): App\Controllers\Admin\Dashboard->index()
#7 /opt/lampp/htdocs/DentistAPP/system/CodeIgniter.php(436): CodeIgniter\CodeIgniter->runController(Object(App\Controllers\Admin\Dashboard))
#8 /opt/lampp/htdocs/DentistAPP/system/CodeIgniter.php(336): CodeIgniter\CodeIgniter->handleRequest(NULL, Object(Config\Cache), false)
#9 /opt/lampp/htdocs/DentistAPP/public/index.php(37): CodeIgniter\CodeIgniter->run()
#10 {main}
CRITICAL - 2021-08-14 00:25:47 --> Undefined variable: data
#0 /opt/lampp/htdocs/DentistAPP/app/Controllers/Admin/Dashboard.php(11): CodeIgniter\Debug\Exceptions->errorHandler(8, 'Undefined varia...', '/opt/lampp/htdo...', 11, Array)
#1 /opt/lampp/htdocs/DentistAPP/system/CodeIgniter.php(928): App\Controllers\Admin\Dashboard->index()
#2 /opt/lampp/htdocs/DentistAPP/system/CodeIgniter.php(436): CodeIgniter\CodeIgniter->runController(Object(App\Controllers\Admin\Dashboard))
#3 /opt/lampp/htdocs/DentistAPP/system/CodeIgniter.php(336): CodeIgniter\CodeIgniter->handleRequest(NULL, Object(Config\Cache), false)
#4 /opt/lampp/htdocs/DentistAPP/public/index.php(37): CodeIgniter\CodeIgniter->run()
#5 {main}
CRITICAL - 2021-08-14 02:27:59 --> Undefined index: lastname
#0 /opt/lampp/htdocs/DentistAPP/app/Views/admin/patient.php(51): CodeIgniter\Debug\Exceptions->errorHandler(8, 'Undefined index...', '/opt/lampp/htdo...', 51, Array)
#1 /opt/lampp/htdocs/DentistAPP/system/View/View.php(230): include('/opt/lampp/htdo...')
#2 /opt/lampp/htdocs/DentistAPP/system/View/View.php(232): CodeIgniter\View\View->CodeIgniter\View\{closure}()
#3 /opt/lampp/htdocs/DentistAPP/system/Common.php(1271): CodeIgniter\View\View->render('admin/patient', Array, true)
#4 /opt/lampp/htdocs/DentistAPP/app/Controllers/Admin/Patient.php(15): view('admin/patient', Array)
#5 /opt/lampp/htdocs/DentistAPP/system/CodeIgniter.php(928): App\Controllers\Admin\Patient->index()
#6 /opt/lampp/htdocs/DentistAPP/system/CodeIgniter.php(436): CodeIgniter\CodeIgniter->runController(Object(App\Controllers\Admin\Patient))
#7 /opt/lampp/htdocs/DentistAPP/system/CodeIgniter.php(336): CodeIgniter\CodeIgniter->handleRequest(NULL, Object(Config\Cache), false)
#8 /opt/lampp/htdocs/DentistAPP/public/index.php(37): CodeIgniter\CodeIgniter->run()
#9 {main}
ERROR - 2021-08-14 04:43:24 --> Column 'birthdate' cannot be null
CRITICAL - 2021-08-14 04:43:24 --> Column 'birthdate' cannot be null
#0 /opt/lampp/htdocs/DentistAPP/system/Database/MySQLi/Connection.php(329): mysqli->query('INSERT INTO `pa...')
#1 /opt/lampp/htdocs/DentistAPP/system/Database/BaseConnection.php(732): CodeIgniter\Database\MySQLi\Connection->execute('INSERT INTO `pa...')
#2 /opt/lampp/htdocs/DentistAPP/system/Database/BaseConnection.php(647): CodeIgniter\Database\BaseConnection->simpleQuery('INSERT INTO `pa...')
#3 /opt/lampp/htdocs/DentistAPP/system/Database/BaseBuilder.php(2277): CodeIgniter\Database\BaseConnection->query('INSERT INTO `pa...', Array, false)
#4 /opt/lampp/htdocs/DentistAPP/system/Model.php(259): CodeIgniter\Database\BaseBuilder->insert()
#5 /opt/lampp/htdocs/DentistAPP/system/BaseModel.php(774): CodeIgniter\Model->doInsert(Array)
#6 /opt/lampp/htdocs/DentistAPP/system/Model.php(686): CodeIgniter\BaseModel->insert(Array, false)
#7 /opt/lampp/htdocs/DentistAPP/system/BaseModel.php(687): CodeIgniter\Model->insert(Array, false)
#8 /opt/lampp/htdocs/DentistAPP/app/Controllers/Admin/Patient.php(40): CodeIgniter\BaseModel->save(Array)
#9 /opt/lampp/htdocs/DentistAPP/system/CodeIgniter.php(928): App\Controllers\Admin\Patient->save()
#10 /opt/lampp/htdocs/DentistAPP/system/CodeIgniter.php(436): CodeIgniter\CodeIgniter->runController(Object(App\Controllers\Admin\Patient))
#11 /opt/lampp/htdocs/DentistAPP/system/CodeIgniter.php(336): CodeIgniter\CodeIgniter->handleRequest(NULL, Object(Config\Cache), false)
#12 /opt/lampp/htdocs/DentistAPP/public/index.php(37): CodeIgniter\CodeIgniter->run()
#13 {main}
ERROR - 2021-08-14 04:43:49 --> Column 'birthdate' cannot be null
CRITICAL - 2021-08-14 04:43:49 --> Column 'birthdate' cannot be null
#0 /opt/lampp/htdocs/DentistAPP/system/Database/MySQLi/Connection.php(329): mysqli->query('INSERT INTO `pa...')
#1 /opt/lampp/htdocs/DentistAPP/system/Database/BaseConnection.php(732): CodeIgniter\Database\MySQLi\Connection->execute('INSERT INTO `pa...')
#2 /opt/lampp/htdocs/DentistAPP/system/Database/BaseConnection.php(647): CodeIgniter\Database\BaseConnection->simpleQuery('INSERT INTO `pa...')
#3 /opt/lampp/htdocs/DentistAPP/system/Database/BaseBuilder.php(2277): CodeIgniter\Database\BaseConnection->query('INSERT INTO `pa...', Array, false)
#4 /opt/lampp/htdocs/DentistAPP/system/Model.php(259): CodeIgniter\Database\BaseBuilder->insert()
#5 /opt/lampp/htdocs/DentistAPP/system/BaseModel.php(774): CodeIgniter\Model->doInsert(Array)
#6 /opt/lampp/htdocs/DentistAPP/system/Model.php(686): CodeIgniter\BaseModel->insert(Array, false)
#7 /opt/lampp/htdocs/DentistAPP/system/BaseModel.php(687): CodeIgniter\Model->insert(Array, false)
#8 /opt/lampp/htdocs/DentistAPP/app/Controllers/Admin/Patient.php(40): CodeIgniter\BaseModel->save(Array)
#9 /opt/lampp/htdocs/DentistAPP/system/CodeIgniter.php(928): App\Controllers\Admin\Patient->save()
#10 /opt/lampp/htdocs/DentistAPP/system/CodeIgniter.php(436): CodeIgniter\CodeIgniter->runController(Object(App\Controllers\Admin\Patient))
#11 /opt/lampp/htdocs/DentistAPP/system/CodeIgniter.php(336): CodeIgniter\CodeIgniter->handleRequest(NULL, Object(Config\Cache), false)
#12 /opt/lampp/htdocs/DentistAPP/public/index.php(37): CodeIgniter\CodeIgniter->run()
#13 {main}
ERROR - 2021-08-14 05:02:39 --> Column 'sex' cannot be null
CRITICAL - 2021-08-14 05:02:39 --> Column 'sex' cannot be null
#0 /opt/lampp/htdocs/DentistAPP/system/Database/MySQLi/Connection.php(329): mysqli->query('INSERT INTO `pa...')
#1 /opt/lampp/htdocs/DentistAPP/system/Database/BaseConnection.php(732): CodeIgniter\Database\MySQLi\Connection->execute('INSERT INTO `pa...')
#2 /opt/lampp/htdocs/DentistAPP/system/Database/BaseConnection.php(647): CodeIgniter\Database\BaseConnection->simpleQuery('INSERT INTO `pa...')
#3 /opt/lampp/htdocs/DentistAPP/system/Database/BaseBuilder.php(2277): CodeIgniter\Database\BaseConnection->query('INSERT INTO `pa...', Array, false)
#4 /opt/lampp/htdocs/DentistAPP/system/Model.php(259): CodeIgniter\Database\BaseBuilder->insert()
#5 /opt/lampp/htdocs/DentistAPP/system/BaseModel.php(774): CodeIgniter\Model->doInsert(Array)
#6 /opt/lampp/htdocs/DentistAPP/system/Model.php(686): CodeIgniter\BaseModel->insert(Array, false)
#7 /opt/lampp/htdocs/DentistAPP/system/BaseModel.php(687): CodeIgniter\Model->insert(Array, false)
#8 /opt/lampp/htdocs/DentistAPP/app/Controllers/Admin/Patient.php(41): CodeIgniter\BaseModel->save(Array)
#9 /opt/lampp/htdocs/DentistAPP/system/CodeIgniter.php(928): App\Controllers\Admin\Patient->save()
#10 /opt/lampp/htdocs/DentistAPP/system/CodeIgniter.php(436): CodeIgniter\CodeIgniter->runController(Object(App\Controllers\Admin\Patient))
#11 /opt/lampp/htdocs/DentistAPP/system/CodeIgniter.php(336): CodeIgniter\CodeIgniter->handleRequest(NULL, Object(Config\Cache), false)
#12 /opt/lampp/htdocs/DentistAPP/public/index.php(37): CodeIgniter\CodeIgniter->run()
#13 {main}
ERROR - 2021-08-14 07:19:06 --> Table 'amdc.transaction' doesn't exist
CRITICAL - 2021-08-14 07:19:06 --> Table 'amdc.transaction' doesn't exist
#0 /opt/lampp/htdocs/DentistAPP/system/Database/MySQLi/Connection.php(329): mysqli->query('INSERT INTO `tr...')
#1 /opt/lampp/htdocs/DentistAPP/system/Database/BaseConnection.php(732): CodeIgniter\Database\MySQLi\Connection->execute('INSERT INTO `tr...')
#2 /opt/lampp/htdocs/DentistAPP/system/Database/BaseConnection.php(647): CodeIgniter\Database\BaseConnection->simpleQuery('INSERT INTO `tr...')
#3 /opt/lampp/htdocs/DentistAPP/system/Database/BaseBuilder.php(2277): CodeIgniter\Database\BaseConnection->query('INSERT INTO `tr...', Array, false)
#4 /opt/lampp/htdocs/DentistAPP/system/Model.php(259): CodeIgniter\Database\BaseBuilder->insert()
#5 /opt/lampp/htdocs/DentistAPP/system/BaseModel.php(774): CodeIgniter\Model->doInsert(Array)
#6 /opt/lampp/htdocs/DentistAPP/system/Model.php(686): CodeIgniter\BaseModel->insert(Array, false)
#7 /opt/lampp/htdocs/DentistAPP/system/BaseModel.php(687): CodeIgniter\Model->insert(Array, false)
#8 /opt/lampp/htdocs/DentistAPP/app/Controllers/Admin/Transaction.php(32): CodeIgniter\BaseModel->save(Array)
#9 /opt/lampp/htdocs/DentistAPP/system/CodeIgniter.php(928): App\Controllers\Admin\Transaction->save()
#10 /opt/lampp/htdocs/DentistAPP/system/CodeIgniter.php(436): CodeIgniter\CodeIgniter->runController(Object(App\Controllers\Admin\Transaction))
#11 /opt/lampp/htdocs/DentistAPP/system/CodeIgniter.php(336): CodeIgniter\CodeIgniter->handleRequest(NULL, Object(Config\Cache), false)
#12 /opt/lampp/htdocs/DentistAPP/public/index.php(37): CodeIgniter\CodeIgniter->run()
#13 {main}
ERROR - 2021-08-14 07:19:19 --> Table 'amdc.transaction' doesn't exist
CRITICAL - 2021-08-14 07:19:19 --> Table 'amdc.transaction' doesn't exist
#0 /opt/lampp/htdocs/DentistAPP/system/Database/MySQLi/Connection.php(329): mysqli->query('INSERT INTO `tr...')
#1 /opt/lampp/htdocs/DentistAPP/system/Database/BaseConnection.php(732): CodeIgniter\Database\MySQLi\Connection->execute('INSERT INTO `tr...')
#2 /opt/lampp/htdocs/DentistAPP/system/Database/BaseConnection.php(647): CodeIgniter\Database\BaseConnection->simpleQuery('INSERT INTO `tr...')
#3 /opt/lampp/htdocs/DentistAPP/system/Database/BaseBuilder.php(2277): CodeIgniter\Database\BaseConnection->query('INSERT INTO `tr...', Array, false)
#4 /opt/lampp/htdocs/DentistAPP/system/Model.php(259): CodeIgniter\Database\BaseBuilder->insert()
#5 /opt/lampp/htdocs/DentistAPP/system/BaseModel.php(774): CodeIgniter\Model->doInsert(Array)
#6 /opt/lampp/htdocs/DentistAPP/system/Model.php(686): CodeIgniter\BaseModel->insert(Array, false)
#7 /opt/lampp/htdocs/DentistAPP/system/BaseModel.php(687): CodeIgniter\Model->insert(Array, false)
#8 /opt/lampp/htdocs/DentistAPP/app/Controllers/Admin/Transaction.php(32): CodeIgniter\BaseModel->save(Array)
#9 /opt/lampp/htdocs/DentistAPP/system/CodeIgniter.php(928): App\Controllers\Admin\Transaction->save()
#10 /opt/lampp/htdocs/DentistAPP/system/CodeIgniter.php(436): CodeIgniter\CodeIgniter->runController(Object(App\Controllers\Admin\Transaction))
#11 /opt/lampp/htdocs/DentistAPP/system/CodeIgniter.php(336): CodeIgniter\CodeIgniter->handleRequest(NULL, Object(Config\Cache), false)
#12 /opt/lampp/htdocs/DentistAPP/public/index.php(37): CodeIgniter\CodeIgniter->run()
#13 {main}
CRITICAL - 2021-08-14 07:37:36 --> Undefined variable: transaction
#0 /opt/lampp/htdocs/DentistAPP/app/Views/admin/transaction.php(95): CodeIgniter\Debug\Exceptions->errorHandler(8, 'Undefined varia...', '/opt/lampp/htdo...', 95, Array)
#1 /opt/lampp/htdocs/DentistAPP/system/View/View.php(230): include('/opt/lampp/htdo...')
#2 /opt/lampp/htdocs/DentistAPP/system/View/View.php(232): CodeIgniter\View\View->CodeIgniter\View\{closure}()
#3 /opt/lampp/htdocs/DentistAPP/system/Common.php(1271): CodeIgniter\View\View->render('admin/transacti...', Array, true)
#4 /opt/lampp/htdocs/DentistAPP/app/Controllers/Admin/Transaction.php(26): view('admin/transacti...', Array)
#5 /opt/lampp/htdocs/DentistAPP/system/CodeIgniter.php(928): App\Controllers\Admin\Transaction->index()
#6 /opt/lampp/htdocs/DentistAPP/system/CodeIgniter.php(436): CodeIgniter\CodeIgniter->runController(Object(App\Controllers\Admin\Transaction))
#7 /opt/lampp/htdocs/DentistAPP/system/CodeIgniter.php(336): CodeIgniter\CodeIgniter->handleRequest(NULL, Object(Config\Cache), false)
#8 /opt/lampp/htdocs/DentistAPP/public/index.php(37): CodeIgniter\CodeIgniter->run()
#9 {main}
CRITICAL - 2021-08-14 21:23:35 --> session_destroy(): Trying to destroy uninitialized session
#0 [internal function]: CodeIgniter\Debug\Exceptions->errorHandler(2, 'session_destroy...', '/opt/lampp/htdo...', 26, Array)
#1 /opt/lampp/htdocs/DentistAPP/app/Controllers/Auth.php(26): session_destroy()
#2 /opt/lampp/htdocs/DentistAPP/system/CodeIgniter.php(928): App\Controllers\Auth->logout()
#3 /opt/lampp/htdocs/DentistAPP/system/CodeIgniter.php(436): CodeIgniter\CodeIgniter->runController(Object(App\Controllers\Auth))
#4 /opt/lampp/htdocs/DentistAPP/system/CodeIgniter.php(336): CodeIgniter\CodeIgniter->handleRequest(NULL, Object(Config\Cache), false)
#5 /opt/lampp/htdocs/DentistAPP/public/index.php(37): CodeIgniter\CodeIgniter->run()
#6 {main}
CRITICAL - 2021-08-14 21:33:21 --> A non-numeric value encountered
#0 /opt/lampp/htdocs/DentistAPP/app/Controllers/Admin/Dashboard.php(12): CodeIgniter\Debug\Exceptions->errorHandler(2, 'A non-numeric v...', '/opt/lampp/htdo...', 12, Array)
#1 /opt/lampp/htdocs/DentistAPP/system/CodeIgniter.php(900): App\Controllers\Admin\Dashboard->__construct()
#2 /opt/lampp/htdocs/DentistAPP/system/CodeIgniter.php(426): CodeIgniter\CodeIgniter->createController()
#3 /opt/lampp/htdocs/DentistAPP/system/CodeIgniter.php(336): CodeIgniter\CodeIgniter->handleRequest(NULL, Object(Config\Cache), false)
#4 /opt/lampp/htdocs/DentistAPP/public/index.php(37): CodeIgniter\CodeIgniter->run()
#5 {main}
CRITICAL - 2021-08-14 22:38:34 --> Undefined offset: 0
#0 /opt/lampp/htdocs/DentistAPP/app/Views/admin/patient_info.php(50): CodeIgniter\Debug\Exceptions->errorHandler(8, 'Undefined offse...', '/opt/lampp/htdo...', 50, Array)
#1 /opt/lampp/htdocs/DentistAPP/system/View/View.php(230): include('/opt/lampp/htdo...')
#2 /opt/lampp/htdocs/DentistAPP/system/View/View.php(232): CodeIgniter\View\View->CodeIgniter\View\{closure}()
#3 /opt/lampp/htdocs/DentistAPP/system/Common.php(1271): CodeIgniter\View\View->render('admin/patient_i...', Array, true)
#4 /opt/lampp/htdocs/DentistAPP/app/Controllers/Admin/Patient.php(67): view('admin/patient_i...', Array)
#5 /opt/lampp/htdocs/DentistAPP/system/CodeIgniter.php(928): App\Controllers\Admin\Patient->patient_info('sweetalert2.all...')
#6 /opt/lampp/htdocs/DentistAPP/system/CodeIgniter.php(436): CodeIgniter\CodeIgniter->runController(Object(App\Controllers\Admin\Patient))
#7 /opt/lampp/htdocs/DentistAPP/system/CodeIgniter.php(336): CodeIgniter\CodeIgniter->handleRequest(NULL, Object(Config\Cache), false)
#8 /opt/lampp/htdocs/DentistAPP/public/index.php(37): CodeIgniter\CodeIgniter->run()
#9 {main}
CRITICAL - 2021-08-14 22:38:34 --> Undefined offset: 0
#0 /opt/lampp/htdocs/DentistAPP/app/Views/admin/patient_info.php(50): CodeIgniter\Debug\Exceptions->errorHandler(8, 'Undefined offse...', '/opt/lampp/htdo...', 50, Array)
#1 /opt/lampp/htdocs/DentistAPP/system/View/View.php(230): include('/opt/lampp/htdo...')
#2 /opt/lampp/htdocs/DentistAPP/system/View/View.php(232): CodeIgniter\View\View->CodeIgniter\View\{closure}()
#3 /opt/lampp/htdocs/DentistAPP/system/Common.php(1271): CodeIgniter\View\View->render('admin/patient_i...', Array, true)
#4 /opt/lampp/htdocs/DentistAPP/app/Controllers/Admin/Patient.php(67): view('admin/patient_i...', Array)
#5 /opt/lampp/htdocs/DentistAPP/system/CodeIgniter.php(928): App\Controllers\Admin\Patient->patient_info('sweetalert2.all...')
#6 /opt/lampp/htdocs/DentistAPP/system/CodeIgniter.php(436): CodeIgniter\CodeIgniter->runController(Object(App\Controllers\Admin\Patient))
#7 /opt/lampp/htdocs/DentistAPP/system/CodeIgniter.php(336): CodeIgniter\CodeIgniter->handleRequest(NULL, Object(Config\Cache), false)
#8 /opt/lampp/htdocs/DentistAPP/public/index.php(37): CodeIgniter\CodeIgniter->run()
#9 {main}
CRITICAL - 2021-08-14 22:39:35 --> Undefined offset: 0
#0 /opt/lampp/htdocs/DentistAPP/app/Views/admin/patient_info.php(44): CodeIgniter\Debug\Exceptions->errorHandler(8, 'Undefined offse...', '/opt/lampp/htdo...', 44, Array)
#1 /opt/lampp/htdocs/DentistAPP/system/View/View.php(230): include('/opt/lampp/htdo...')
#2 /opt/lampp/htdocs/DentistAPP/system/View/View.php(232): CodeIgniter\View\View->CodeIgniter\View\{closure}()
#3 /opt/lampp/htdocs/DentistAPP/system/Common.php(1271): CodeIgniter\View\View->render('admin/patient_i...', Array, true)
#4 /opt/lampp/htdocs/DentistAPP/app/Controllers/Admin/Patient.php(67): view('admin/patient_i...', Array)
#5 /opt/lampp/htdocs/DentistAPP/system/CodeIgniter.php(928): App\Controllers\Admin\Patient->patient_info('sweetalert2.all...')
#6 /opt/lampp/htdocs/DentistAPP/system/CodeIgniter.php(436): CodeIgniter\CodeIgniter->runController(Object(App\Controllers\Admin\Patient))
#7 /opt/lampp/htdocs/DentistAPP/system/CodeIgniter.php(336): CodeIgniter\CodeIgniter->handleRequest(NULL, Object(Config\Cache), false)
#8 /opt/lampp/htdocs/DentistAPP/public/index.php(37): CodeIgniter\CodeIgniter->run()
#9 {main}
CRITICAL - 2021-08-14 22:40:02 --> Undefined offset: 0
#0 /opt/lampp/htdocs/DentistAPP/app/Views/admin/patient_info.php(44): CodeIgniter\Debug\Exceptions->errorHandler(8, 'Undefined offse...', '/opt/lampp/htdo...', 44, Array)
#1 /opt/lampp/htdocs/DentistAPP/system/View/View.php(230): include('/opt/lampp/htdo...')
#2 /opt/lampp/htdocs/DentistAPP/system/View/View.php(232): CodeIgniter\View\View->CodeIgniter\View\{closure}()
#3 /opt/lampp/htdocs/DentistAPP/system/Common.php(1271): CodeIgniter\View\View->render('admin/patient_i...', Array, true)
#4 /opt/lampp/htdocs/DentistAPP/app/Controllers/Admin/Patient.php(67): view('admin/patient_i...', Array)
#5 /opt/lampp/htdocs/DentistAPP/system/CodeIgniter.php(928): App\Controllers\Admin\Patient->patient_info('sweetalert2.all...')
#6 /opt/lampp/htdocs/DentistAPP/system/CodeIgniter.php(436): CodeIgniter\CodeIgniter->runController(Object(App\Controllers\Admin\Patient))
#7 /opt/lampp/htdocs/DentistAPP/system/CodeIgniter.php(336): CodeIgniter\CodeIgniter->handleRequest(NULL, Object(Config\Cache), false)
#8 /opt/lampp/htdocs/DentistAPP/public/index.php(37): CodeIgniter\CodeIgniter->run()
#9 {main}
CRITICAL - 2021-08-14 22:40:02 --> Undefined offset: 0
#0 /opt/lampp/htdocs/DentistAPP/app/Views/admin/patient_info.php(44): CodeIgniter\Debug\Exceptions->errorHandler(8, 'Undefined offse...', '/opt/lampp/htdo...', 44, Array)
#1 /opt/lampp/htdocs/DentistAPP/system/View/View.php(230): include('/opt/lampp/htdo...')
#2 /opt/lampp/htdocs/DentistAPP/system/View/View.php(232): CodeIgniter\View\View->CodeIgniter\View\{closure}()
#3 /opt/lampp/htdocs/DentistAPP/system/Common.php(1271): CodeIgniter\View\View->render('admin/patient_i...', Array, true)
#4 /opt/lampp/htdocs/DentistAPP/app/Controllers/Admin/Patient.php(67): view('admin/patient_i...', Array)
#5 /opt/lampp/htdocs/DentistAPP/system/CodeIgniter.php(928): App\Controllers\Admin\Patient->patient_info('sweetalert2.all...')
#6 /opt/lampp/htdocs/DentistAPP/system/CodeIgniter.php(436): CodeIgniter\CodeIgniter->runController(Object(App\Controllers\Admin\Patient))
#7 /opt/lampp/htdocs/DentistAPP/system/CodeIgniter.php(336): CodeIgniter\CodeIgniter->handleRequest(NULL, Object(Config\Cache), false)
#8 /opt/lampp/htdocs/DentistAPP/public/index.php(37): CodeIgniter\CodeIgniter->run()
#9 {main}
CRITICAL - 2021-08-14 22:41:37 --> Undefined offset: 0
#0 /opt/lampp/htdocs/DentistAPP/app/Views/admin/patient_info.php(44): CodeIgniter\Debug\Exceptions->errorHandler(8, 'Undefined offse...', '/opt/lampp/htdo...', 44, Array)
#1 /opt/lampp/htdocs/DentistAPP/system/View/View.php(230): include('/opt/lampp/htdo...')
#2 /opt/lampp/htdocs/DentistAPP/system/View/View.php(232): CodeIgniter\View\View->CodeIgniter\View\{closure}()
#3 /opt/lampp/htdocs/DentistAPP/system/Common.php(1271): CodeIgniter\View\View->render('admin/patient_i...', Array, true)
#4 /opt/lampp/htdocs/DentistAPP/app/Controllers/Admin/Patient.php(67): view('admin/patient_i...', Array)
#5 /opt/lampp/htdocs/DentistAPP/system/CodeIgniter.php(928): App\Controllers\Admin\Patient->patient_info('sweetalert2.all...')
#6 /opt/lampp/htdocs/DentistAPP/system/CodeIgniter.php(436): CodeIgniter\CodeIgniter->runController(Object(App\Controllers\Admin\Patient))
#7 /opt/lampp/htdocs/DentistAPP/system/CodeIgniter.php(336): CodeIgniter\CodeIgniter->handleRequest(NULL, Object(Config\Cache), false)
#8 /opt/lampp/htdocs/DentistAPP/public/index.php(37): CodeIgniter\CodeIgniter->run()
#9 {main}
CRITICAL - 2021-08-14 22:41:37 --> Undefined offset: 0
#0 /opt/lampp/htdocs/DentistAPP/app/Views/admin/patient_info.php(44): CodeIgniter\Debug\Exceptions->errorHandler(8, 'Undefined offse...', '/opt/lampp/htdo...', 44, Array)
#1 /opt/lampp/htdocs/DentistAPP/system/View/View.php(230): include('/opt/lampp/htdo...')
#2 /opt/lampp/htdocs/DentistAPP/system/View/View.php(232): CodeIgniter\View\View->CodeIgniter\View\{closure}()
#3 /opt/lampp/htdocs/DentistAPP/system/Common.php(1271): CodeIgniter\View\View->render('admin/patient_i...', Array, true)
#4 /opt/lampp/htdocs/DentistAPP/app/Controllers/Admin/Patient.php(67): view('admin/patient_i...', Array)
#5 /opt/lampp/htdocs/DentistAPP/system/CodeIgniter.php(928): App\Controllers\Admin\Patient->patient_info('sweetalert2.all...')
#6 /opt/lampp/htdocs/DentistAPP/system/CodeIgniter.php(436): CodeIgniter\CodeIgniter->runController(Object(App\Controllers\Admin\Patient))
#7 /opt/lampp/htdocs/DentistAPP/system/CodeIgniter.php(336): CodeIgniter\CodeIgniter->handleRequest(NULL, Object(Config\Cache), false)
#8 /opt/lampp/htdocs/DentistAPP/public/index.php(37): CodeIgniter\CodeIgniter->run()
#9 {main}
CRITICAL - 2021-08-14 22:42:13 --> Undefined offset: 0
#0 /opt/lampp/htdocs/DentistAPP/app/Views/admin/patient_info.php(44): CodeIgniter\Debug\Exceptions->errorHandler(8, 'Undefined offse...', '/opt/lampp/htdo...', 44, Array)
#1 /opt/lampp/htdocs/DentistAPP/system/View/View.php(230): include('/opt/lampp/htdo...')
#2 /opt/lampp/htdocs/DentistAPP/system/View/View.php(232): CodeIgniter\View\View->CodeIgniter\View\{closure}()
#3 /opt/lampp/htdocs/DentistAPP/system/Common.php(1271): CodeIgniter\View\View->render('admin/patient_i...', Array, true)
#4 /opt/lampp/htdocs/DentistAPP/app/Controllers/Admin/Patient.php(67): view('admin/patient_i...', Array)
#5 /opt/lampp/htdocs/DentistAPP/system/CodeIgniter.php(928): App\Controllers\Admin\Patient->patient_info('sweetalert2.all...')
#6 /opt/lampp/htdocs/DentistAPP/system/CodeIgniter.php(436): CodeIgniter\CodeIgniter->runController(Object(App\Controllers\Admin\Patient))
#7 /opt/lampp/htdocs/DentistAPP/system/CodeIgniter.php(336): CodeIgniter\CodeIgniter->handleRequest(NULL, Object(Config\Cache), false)
#8 /opt/lampp/htdocs/DentistAPP/public/index.php(37): CodeIgniter\CodeIgniter->run()
#9 {main}
CRITICAL - 2021-08-14 22:42:13 --> Undefined offset: 0
#0 /opt/lampp/htdocs/DentistAPP/app/Views/admin/patient_info.php(44): CodeIgniter\Debug\Exceptions->errorHandler(8, 'Undefined offse...', '/opt/lampp/htdo...', 44, Array)
#1 /opt/lampp/htdocs/DentistAPP/system/View/View.php(230): include('/opt/lampp/htdo...')
#2 /opt/lampp/htdocs/DentistAPP/system/View/View.php(232): CodeIgniter\View\View->CodeIgniter\View\{closure}()
#3 /opt/lampp/htdocs/DentistAPP/system/Common.php(1271): CodeIgniter\View\View->render('admin/patient_i...', Array, true)
#4 /opt/lampp/htdocs/DentistAPP/app/Controllers/Admin/Patient.php(67): view('admin/patient_i...', Array)
#5 /opt/lampp/htdocs/DentistAPP/system/CodeIgniter.php(928): App\Controllers\Admin\Patient->patient_info('sweetalert2.all...')
#6 /opt/lampp/htdocs/DentistAPP/system/CodeIgniter.php(436): CodeIgniter\CodeIgniter->runController(Object(App\Controllers\Admin\Patient))
#7 /opt/lampp/htdocs/DentistAPP/system/CodeIgniter.php(336): CodeIgniter\CodeIgniter->handleRequest(NULL, Object(Config\Cache), false)
#8 /opt/lampp/htdocs/DentistAPP/public/index.php(37): CodeIgniter\CodeIgniter->run()
#9 {main}
CRITICAL - 2021-08-14 22:42:40 --> Undefined offset: 0
#0 /opt/lampp/htdocs/DentistAPP/app/Views/admin/patient_info.php(44): CodeIgniter\Debug\Exceptions->errorHandler(8, 'Undefined offse...', '/opt/lampp/htdo...', 44, Array)
#1 /opt/lampp/htdocs/DentistAPP/system/View/View.php(230): include('/opt/lampp/htdo...')
#2 /opt/lampp/htdocs/DentistAPP/system/View/View.php(232): CodeIgniter\View\View->CodeIgniter\View\{closure}()
#3 /opt/lampp/htdocs/DentistAPP/system/Common.php(1271): CodeIgniter\View\View->render('admin/patient_i...', Array, true)
#4 /opt/lampp/htdocs/DentistAPP/app/Controllers/Admin/Patient.php(67): view('admin/patient_i...', Array)
#5 /opt/lampp/htdocs/DentistAPP/system/CodeIgniter.php(928): App\Controllers\Admin\Patient->patient_info('sweetalert2.all...')
#6 /opt/lampp/htdocs/DentistAPP/system/CodeIgniter.php(436): CodeIgniter\CodeIgniter->runController(Object(App\Controllers\Admin\Patient))
#7 /opt/lampp/htdocs/DentistAPP/system/CodeIgniter.php(336): CodeIgniter\CodeIgniter->handleRequest(NULL, Object(Config\Cache), false)
#8 /opt/lampp/htdocs/DentistAPP/public/index.php(37): CodeIgniter\CodeIgniter->run()
#9 {main}
CRITICAL - 2021-08-14 22:42:40 --> Undefined offset: 0
#0 /opt/lampp/htdocs/DentistAPP/app/Views/admin/patient_info.php(44): CodeIgniter\Debug\Exceptions->errorHandler(8, 'Undefined offse...', '/opt/lampp/htdo...', 44, Array)
#1 /opt/lampp/htdocs/DentistAPP/system/View/View.php(230): include('/opt/lampp/htdo...')
#2 /opt/lampp/htdocs/DentistAPP/system/View/View.php(232): CodeIgniter\View\View->CodeIgniter\View\{closure}()
#3 /opt/lampp/htdocs/DentistAPP/system/Common.php(1271): CodeIgniter\View\View->render('admin/patient_i...', Array, true)
#4 /opt/lampp/htdocs/DentistAPP/app/Controllers/Admin/Patient.php(67): view('admin/patient_i...', Array)
#5 /opt/lampp/htdocs/DentistAPP/system/CodeIgniter.php(928): App\Controllers\Admin\Patient->patient_info('sweetalert2.all...')
#6 /opt/lampp/htdocs/DentistAPP/system/CodeIgniter.php(436): CodeIgniter\CodeIgniter->runController(Object(App\Controllers\Admin\Patient))
#7 /opt/lampp/htdocs/DentistAPP/system/CodeIgniter.php(336): CodeIgniter\CodeIgniter->handleRequest(NULL, Object(Config\Cache), false)
#8 /opt/lampp/htdocs/DentistAPP/public/index.php(37): CodeIgniter\CodeIgniter->run()
#9 {main}
CRITICAL - 2021-08-14 22:43:08 --> Undefined offset: 0
#0 /opt/lampp/htdocs/DentistAPP/app/Views/admin/patient_info.php(44): CodeIgniter\Debug\Exceptions->errorHandler(8, 'Undefined offse...', '/opt/lampp/htdo...', 44, Array)
#1 /opt/lampp/htdocs/DentistAPP/system/View/View.php(230): include('/opt/lampp/htdo...')
#2 /opt/lampp/htdocs/DentistAPP/system/View/View.php(232): CodeIgniter\View\View->CodeIgniter\View\{closure}()
#3 /opt/lampp/htdocs/DentistAPP/system/Common.php(1271): CodeIgniter\View\View->render('admin/patient_i...', Array, true)
#4 /opt/lampp/htdocs/DentistAPP/app/Controllers/Admin/Patient.php(67): view('admin/patient_i...', Array)
#5 /opt/lampp/htdocs/DentistAPP/system/CodeIgniter.php(928): App\Controllers\Admin\Patient->patient_info('sweetalert2.all...')
#6 /opt/lampp/htdocs/DentistAPP/system/CodeIgniter.php(436): CodeIgniter\CodeIgniter->runController(Object(App\Controllers\Admin\Patient))
#7 /opt/lampp/htdocs/DentistAPP/system/CodeIgniter.php(336): CodeIgniter\CodeIgniter->handleRequest(NULL, Object(Config\Cache), false)
#8 /opt/lampp/htdocs/DentistAPP/public/index.php(37): CodeIgniter\CodeIgniter->run()
#9 {main}
CRITICAL - 2021-08-14 22:43:24 --> Undefined offset: 0
#0 /opt/lampp/htdocs/DentistAPP/app/Views/admin/patient_info.php(44): CodeIgniter\Debug\Exceptions->errorHandler(8, 'Undefined offse...', '/opt/lampp/htdo...', 44, Array)
#1 /opt/lampp/htdocs/DentistAPP/system/View/View.php(230): include('/opt/lampp/htdo...')
#2 /opt/lampp/htdocs/DentistAPP/system/View/View.php(232): CodeIgniter\View\View->CodeIgniter\View\{closure}()
#3 /opt/lampp/htdocs/DentistAPP/system/Common.php(1271): CodeIgniter\View\View->render('admin/patient_i...', Array, true)
#4 /opt/lampp/htdocs/DentistAPP/app/Controllers/Admin/Patient.php(67): view('admin/patient_i...', Array)
#5 /opt/lampp/htdocs/DentistAPP/system/CodeIgniter.php(928): App\Controllers\Admin\Patient->patient_info('sweetalert2.all...')
#6 /opt/lampp/htdocs/DentistAPP/system/CodeIgniter.php(436): CodeIgniter\CodeIgniter->runController(Object(App\Controllers\Admin\Patient))
#7 /opt/lampp/htdocs/DentistAPP/system/CodeIgniter.php(336): CodeIgniter\CodeIgniter->handleRequest(NULL, Object(Config\Cache), false)
#8 /opt/lampp/htdocs/DentistAPP/public/index.php(37): CodeIgniter\CodeIgniter->run()
#9 {main}
CRITICAL - 2021-08-14 22:43:24 --> Undefined offset: 0
#0 /opt/lampp/htdocs/DentistAPP/app/Views/admin/patient_info.php(44): CodeIgniter\Debug\Exceptions->errorHandler(8, 'Undefined offse...', '/opt/lampp/htdo...', 44, Array)
#1 /opt/lampp/htdocs/DentistAPP/system/View/View.php(230): include('/opt/lampp/htdo...')
#2 /opt/lampp/htdocs/DentistAPP/system/View/View.php(232): CodeIgniter\View\View->CodeIgniter\View\{closure}()
#3 /opt/lampp/htdocs/DentistAPP/system/Common.php(1271): CodeIgniter\View\View->render('admin/patient_i...', Array, true)
#4 /opt/lampp/htdocs/DentistAPP/app/Controllers/Admin/Patient.php(67): view('admin/patient_i...', Array)
#5 /opt/lampp/htdocs/DentistAPP/system/CodeIgniter.php(928): App\Controllers\Admin\Patient->patient_info('sweetalert2.all...')
#6 /opt/lampp/htdocs/DentistAPP/system/CodeIgniter.php(436): CodeIgniter\CodeIgniter->runController(Object(App\Controllers\Admin\Patient))
#7 /opt/lampp/htdocs/DentistAPP/system/CodeIgniter.php(336): CodeIgniter\CodeIgniter->handleRequest(NULL, Object(Config\Cache), false)
#8 /opt/lampp/htdocs/DentistAPP/public/index.php(37): CodeIgniter\CodeIgniter->run()
#9 {main}
CRITICAL - 2021-08-14 22:46:35 --> Undefined offset: 0
#0 /opt/lampp/htdocs/DentistAPP/app/Views/admin/patient_info.php(44): CodeIgniter\Debug\Exceptions->errorHandler(8, 'Undefined offse...', '/opt/lampp/htdo...', 44, Array)
#1 /opt/lampp/htdocs/DentistAPP/system/View/View.php(230): include('/opt/lampp/htdo...')
#2 /opt/lampp/htdocs/DentistAPP/system/View/View.php(232): CodeIgniter\View\View->CodeIgniter\View\{closure}()
#3 /opt/lampp/htdocs/DentistAPP/system/Common.php(1271): CodeIgniter\View\View->render('admin/patient_i...', Array, true)
#4 /opt/lampp/htdocs/DentistAPP/app/Controllers/Admin/Patient.php(67): view('admin/patient_i...', Array)
#5 /opt/lampp/htdocs/DentistAPP/system/CodeIgniter.php(928): App\Controllers\Admin\Patient->patient_info('sweetalert2.all...')
#6 /opt/lampp/htdocs/DentistAPP/system/CodeIgniter.php(436): CodeIgniter\CodeIgniter->runController(Object(App\Controllers\Admin\Patient))
#7 /opt/lampp/htdocs/DentistAPP/system/CodeIgniter.php(336): CodeIgniter\CodeIgniter->handleRequest(NULL, Object(Config\Cache), false)
#8 /opt/lampp/htdocs/DentistAPP/public/index.php(37): CodeIgniter\CodeIgniter->run()
#9 {main}
CRITICAL - 2021-08-14 22:46:35 --> Undefined offset: 0
#0 /opt/lampp/htdocs/DentistAPP/app/Views/admin/patient_info.php(44): CodeIgniter\Debug\Exceptions->errorHandler(8, 'Undefined offse...', '/opt/lampp/htdo...', 44, Array)
#1 /opt/lampp/htdocs/DentistAPP/system/View/View.php(230): include('/opt/lampp/htdo...')
#2 /opt/lampp/htdocs/DentistAPP/system/View/View.php(232): CodeIgniter\View\View->CodeIgniter\View\{closure}()
#3 /opt/lampp/htdocs/DentistAPP/system/Common.php(1271): CodeIgniter\View\View->render('admin/patient_i...', Array, true)
#4 /opt/lampp/htdocs/DentistAPP/app/Controllers/Admin/Patient.php(67): view('admin/patient_i...', Array)
#5 /opt/lampp/htdocs/DentistAPP/system/CodeIgniter.php(928): App\Controllers\Admin\Patient->patient_info('sweetalert2.all...')
#6 /opt/lampp/htdocs/DentistAPP/system/CodeIgniter.php(436): CodeIgniter\CodeIgniter->runController(Object(App\Controllers\Admin\Patient))
#7 /opt/lampp/htdocs/DentistAPP/system/CodeIgniter.php(336): CodeIgniter\CodeIgniter->handleRequest(NULL, Object(Config\Cache), false)
#8 /opt/lampp/htdocs/DentistAPP/public/index.php(37): CodeIgniter\CodeIgniter->run()
#9 {main}
CRITICAL - 2021-08-14 22:47:13 --> Undefined offset: 0
#0 /opt/lampp/htdocs/DentistAPP/app/Views/admin/patient_info.php(44): CodeIgniter\Debug\Exceptions->errorHandler(8, 'Undefined offse...', '/opt/lampp/htdo...', 44, Array)
#1 /opt/lampp/htdocs/DentistAPP/system/View/View.php(230): include('/opt/lampp/htdo...')
#2 /opt/lampp/htdocs/DentistAPP/system/View/View.php(232): CodeIgniter\View\View->CodeIgniter\View\{closure}()
#3 /opt/lampp/htdocs/DentistAPP/system/Common.php(1271): CodeIgniter\View\View->render('admin/patient_i...', Array, true)
#4 /opt/lampp/htdocs/DentistAPP/app/Controllers/Admin/Patient.php(67): view('admin/patient_i...', Array)
#5 /opt/lampp/htdocs/DentistAPP/system/CodeIgniter.php(928): App\Controllers\Admin\Patient->patient_info('sweetalert2.all...')
#6 /opt/lampp/htdocs/DentistAPP/system/CodeIgniter.php(436): CodeIgniter\CodeIgniter->runController(Object(App\Controllers\Admin\Patient))
#7 /opt/lampp/htdocs/DentistAPP/system/CodeIgniter.php(336): CodeIgniter\CodeIgniter->handleRequest(NULL, Object(Config\Cache), false)
#8 /opt/lampp/htdocs/DentistAPP/public/index.php(37): CodeIgniter\CodeIgniter->run()
#9 {main}
CRITICAL - 2021-08-14 22:47:14 --> Undefined offset: 0
#0 /opt/lampp/htdocs/DentistAPP/app/Views/admin/patient_info.php(44): CodeIgniter\Debug\Exceptions->errorHandler(8, 'Undefined offse...', '/opt/lampp/htdo...', 44, Array)
#1 /opt/lampp/htdocs/DentistAPP/system/View/View.php(230): include('/opt/lampp/htdo...')
#2 /opt/lampp/htdocs/DentistAPP/system/View/View.php(232): CodeIgniter\View\View->CodeIgniter\View\{closure}()
#3 /opt/lampp/htdocs/DentistAPP/system/Common.php(1271): CodeIgniter\View\View->render('admin/patient_i...', Array, true)
#4 /opt/lampp/htdocs/DentistAPP/app/Controllers/Admin/Patient.php(67): view('admin/patient_i...', Array)
#5 /opt/lampp/htdocs/DentistAPP/system/CodeIgniter.php(928): App\Controllers\Admin\Patient->patient_info('sweetalert2.all...')
#6 /opt/lampp/htdocs/DentistAPP/system/CodeIgniter.php(436): CodeIgniter\CodeIgniter->runController(Object(App\Controllers\Admin\Patient))
#7 /opt/lampp/htdocs/DentistAPP/system/CodeIgniter.php(336): CodeIgniter\CodeIgniter->handleRequest(NULL, Object(Config\Cache), false)
#8 /opt/lampp/htdocs/DentistAPP/public/index.php(37): CodeIgniter\CodeIgniter->run()
#9 {main}
CRITICAL - 2021-08-14 22:47:34 --> Undefined offset: 0
#0 /opt/lampp/htdocs/DentistAPP/app/Views/admin/patient_info.php(44): CodeIgniter\Debug\Exceptions->errorHandler(8, 'Undefined offse...', '/opt/lampp/htdo...', 44, Array)
#1 /opt/lampp/htdocs/DentistAPP/system/View/View.php(230): include('/opt/lampp/htdo...')
#2 /opt/lampp/htdocs/DentistAPP/system/View/View.php(232): CodeIgniter\View\View->CodeIgniter\View\{closure}()
#3 /opt/lampp/htdocs/DentistAPP/system/Common.php(1271): CodeIgniter\View\View->render('admin/patient_i...', Array, true)
#4 /opt/lampp/htdocs/DentistAPP/app/Controllers/Admin/Patient.php(67): view('admin/patient_i...', Array)
#5 /opt/lampp/htdocs/DentistAPP/system/CodeIgniter.php(928): App\Controllers\Admin\Patient->patient_info('sweetalert2.all...')
#6 /opt/lampp/htdocs/DentistAPP/system/CodeIgniter.php(436): CodeIgniter\CodeIgniter->runController(Object(App\Controllers\Admin\Patient))
#7 /opt/lampp/htdocs/DentistAPP/system/CodeIgniter.php(336): CodeIgniter\CodeIgniter->handleRequest(NULL, Object(Config\Cache), false)
#8 /opt/lampp/htdocs/DentistAPP/public/index.php(37): CodeIgniter\CodeIgniter->run()
#9 {main}
CRITICAL - 2021-08-14 22:48:49 --> Undefined offset: 0
#0 /opt/lampp/htdocs/DentistAPP/app/Views/admin/patient_info.php(44): CodeIgniter\Debug\Exceptions->errorHandler(8, 'Undefined offse...', '/opt/lampp/htdo...', 44, Array)
#1 /opt/lampp/htdocs/DentistAPP/system/View/View.php(230): include('/opt/lampp/htdo...')
#2 /opt/lampp/htdocs/DentistAPP/system/View/View.php(232): CodeIgniter\View\View->CodeIgniter\View\{closure}()
#3 /opt/lampp/htdocs/DentistAPP/system/Common.php(1271): CodeIgniter\View\View->render('admin/patient_i...', Array, true)
#4 /opt/lampp/htdocs/DentistAPP/app/Controllers/Admin/Patient.php(67): view('admin/patient_i...', Array)
#5 /opt/lampp/htdocs/DentistAPP/system/CodeIgniter.php(928): App\Controllers\Admin\Patient->patient_info('sweetalert2.all...')
#6 /opt/lampp/htdocs/DentistAPP/system/CodeIgniter.php(436): CodeIgniter\CodeIgniter->runController(Object(App\Controllers\Admin\Patient))
#7 /opt/lampp/htdocs/DentistAPP/system/CodeIgniter.php(336): CodeIgniter\CodeIgniter->handleRequest(NULL, Object(Config\Cache), false)
#8 /opt/lampp/htdocs/DentistAPP/public/index.php(37): CodeIgniter\CodeIgniter->run()
#9 {main}
CRITICAL - 2021-08-14 22:49:20 --> Undefined offset: 0
#0 /opt/lampp/htdocs/DentistAPP/app/Views/admin/patient_info.php(44): CodeIgniter\Debug\Exceptions->errorHandler(8, 'Undefined offse...', '/opt/lampp/htdo...', 44, Array)
#1 /opt/lampp/htdocs/DentistAPP/system/View/View.php(230): include('/opt/lampp/htdo...')
#2 /opt/lampp/htdocs/DentistAPP/system/View/View.php(232): CodeIgniter\View\View->CodeIgniter\View\{closure}()
#3 /opt/lampp/htdocs/DentistAPP/system/Common.php(1271): CodeIgniter\View\View->render('admin/patient_i...', Array, true)
#4 /opt/lampp/htdocs/DentistAPP/app/Controllers/Admin/Patient.php(67): view('admin/patient_i...', Array)
#5 /opt/lampp/htdocs/DentistAPP/system/CodeIgniter.php(928): App\Controllers\Admin\Patient->patient_info('sweetalert2.all...')
#6 /opt/lampp/htdocs/DentistAPP/system/CodeIgniter.php(436): CodeIgniter\CodeIgniter->runController(Object(App\Controllers\Admin\Patient))
#7 /opt/lampp/htdocs/DentistAPP/system/CodeIgniter.php(336): CodeIgniter\CodeIgniter->handleRequest(NULL, Object(Config\Cache), false)
#8 /opt/lampp/htdocs/DentistAPP/public/index.php(37): CodeIgniter\CodeIgniter->run()
#9 {main}
CRITICAL - 2021-08-14 22:49:21 --> Undefined offset: 0
#0 /opt/lampp/htdocs/DentistAPP/app/Views/admin/patient_info.php(44): CodeIgniter\Debug\Exceptions->errorHandler(8, 'Undefined offse...', '/opt/lampp/htdo...', 44, Array)
#1 /opt/lampp/htdocs/DentistAPP/system/View/View.php(230): include('/opt/lampp/htdo...')
#2 /opt/lampp/htdocs/DentistAPP/system/View/View.php(232): CodeIgniter\View\View->CodeIgniter\View\{closure}()
#3 /opt/lampp/htdocs/DentistAPP/system/Common.php(1271): CodeIgniter\View\View->render('admin/patient_i...', Array, true)
#4 /opt/lampp/htdocs/DentistAPP/app/Controllers/Admin/Patient.php(67): view('admin/patient_i...', Array)
#5 /opt/lampp/htdocs/DentistAPP/system/CodeIgniter.php(928): App\Controllers\Admin\Patient->patient_info('sweetalert2.all...')
#6 /opt/lampp/htdocs/DentistAPP/system/CodeIgniter.php(436): CodeIgniter\CodeIgniter->runController(Object(App\Controllers\Admin\Patient))
#7 /opt/lampp/htdocs/DentistAPP/system/CodeIgniter.php(336): CodeIgniter\CodeIgniter->handleRequest(NULL, Object(Config\Cache), false)
#8 /opt/lampp/htdocs/DentistAPP/public/index.php(37): CodeIgniter\CodeIgniter->run()
#9 {main}
CRITICAL - 2021-08-14 22:50:26 --> Undefined offset: 0
#0 /opt/lampp/htdocs/DentistAPP/app/Views/admin/patient_info.php(44): CodeIgniter\Debug\Exceptions->errorHandler(8, 'Undefined offse...', '/opt/lampp/htdo...', 44, Array)
#1 /opt/lampp/htdocs/DentistAPP/system/View/View.php(230): include('/opt/lampp/htdo...')
#2 /opt/lampp/htdocs/DentistAPP/system/View/View.php(232): CodeIgniter\View\View->CodeIgniter\View\{closure}()
#3 /opt/lampp/htdocs/DentistAPP/system/Common.php(1271): CodeIgniter\View\View->render('admin/patient_i...', Array, true)
#4 /opt/lampp/htdocs/DentistAPP/app/Controllers/Admin/Patient.php(67): view('admin/patient_i...', Array)
#5 /opt/lampp/htdocs/DentistAPP/system/CodeIgniter.php(928): App\Controllers\Admin\Patient->patient_info('sweetalert2.all...')
#6 /opt/lampp/htdocs/DentistAPP/system/CodeIgniter.php(436): CodeIgniter\CodeIgniter->runController(Object(App\Controllers\Admin\Patient))
#7 /opt/lampp/htdocs/DentistAPP/system/CodeIgniter.php(336): CodeIgniter\CodeIgniter->handleRequest(NULL, Object(Config\Cache), false)
#8 /opt/lampp/htdocs/DentistAPP/public/index.php(37): CodeIgniter\CodeIgniter->run()
#9 {main}
CRITICAL - 2021-08-14 22:50:36 --> Undefined offset: 0
#0 /opt/lampp/htdocs/DentistAPP/app/Views/admin/patient_info.php(44): CodeIgniter\Debug\Exceptions->errorHandler(8, 'Undefined offse...', '/opt/lampp/htdo...', 44, Array)
#1 /opt/lampp/htdocs/DentistAPP/system/View/View.php(230): include('/opt/lampp/htdo...')
#2 /opt/lampp/htdocs/DentistAPP/system/View/View.php(232): CodeIgniter\View\View->CodeIgniter\View\{closure}()
#3 /opt/lampp/htdocs/DentistAPP/system/Common.php(1271): CodeIgniter\View\View->render('admin/patient_i...', Array, true)
#4 /opt/lampp/htdocs/DentistAPP/app/Controllers/Admin/Patient.php(67): view('admin/patient_i...', Array)
#5 /opt/lampp/htdocs/DentistAPP/system/CodeIgniter.php(928): App\Controllers\Admin\Patient->patient_info('sweetalert2.all...')
#6 /opt/lampp/htdocs/DentistAPP/system/CodeIgniter.php(436): CodeIgniter\CodeIgniter->runController(Object(App\Controllers\Admin\Patient))
#7 /opt/lampp/htdocs/DentistAPP/system/CodeIgniter.php(336): CodeIgniter\CodeIgniter->handleRequest(NULL, Object(Config\Cache), false)
#8 /opt/lampp/htdocs/DentistAPP/public/index.php(37): CodeIgniter\CodeIgniter->run()
#9 {main}
CRITICAL - 2021-08-14 22:50:36 --> Undefined offset: 0
#0 /opt/lampp/htdocs/DentistAPP/app/Views/admin/patient_info.php(44): CodeIgniter\Debug\Exceptions->errorHandler(8, 'Undefined offse...', '/opt/lampp/htdo...', 44, Array)
#1 /opt/lampp/htdocs/DentistAPP/system/View/View.php(230): include('/opt/lampp/htdo...')
#2 /opt/lampp/htdocs/DentistAPP/system/View/View.php(232): CodeIgniter\View\View->CodeIgniter\View\{closure}()
#3 /opt/lampp/htdocs/DentistAPP/system/Common.php(1271): CodeIgniter\View\View->render('admin/patient_i...', Array, true)
#4 /opt/lampp/htdocs/DentistAPP/app/Controllers/Admin/Patient.php(67): view('admin/patient_i...', Array)
#5 /opt/lampp/htdocs/DentistAPP/system/CodeIgniter.php(928): App\Controllers\Admin\Patient->patient_info('sweetalert2.all...')
#6 /opt/lampp/htdocs/DentistAPP/system/CodeIgniter.php(436): CodeIgniter\CodeIgniter->runController(Object(App\Controllers\Admin\Patient))
#7 /opt/lampp/htdocs/DentistAPP/system/CodeIgniter.php(336): CodeIgniter\CodeIgniter->handleRequest(NULL, Object(Config\Cache), false)
#8 /opt/lampp/htdocs/DentistAPP/public/index.php(37): CodeIgniter\CodeIgniter->run()
#9 {main}
CRITICAL - 2021-08-14 22:50:59 --> Undefined offset: 0
#0 /opt/lampp/htdocs/DentistAPP/app/Views/admin/patient_info.php(44): CodeIgniter\Debug\Exceptions->errorHandler(8, 'Undefined offse...', '/opt/lampp/htdo...', 44, Array)
#1 /opt/lampp/htdocs/DentistAPP/system/View/View.php(230): include('/opt/lampp/htdo...')
#2 /opt/lampp/htdocs/DentistAPP/system/View/View.php(232): CodeIgniter\View\View->CodeIgniter\View\{closure}()
#3 /opt/lampp/htdocs/DentistAPP/system/Common.php(1271): CodeIgniter\View\View->render('admin/patient_i...', Array, true)
#4 /opt/lampp/htdocs/DentistAPP/app/Controllers/Admin/Patient.php(67): view('admin/patient_i...', Array)
#5 /opt/lampp/htdocs/DentistAPP/system/CodeIgniter.php(928): App\Controllers\Admin\Patient->patient_info('sweetalert2.all...')
#6 /opt/lampp/htdocs/DentistAPP/system/CodeIgniter.php(436): CodeIgniter\CodeIgniter->runController(Object(App\Controllers\Admin\Patient))
#7 /opt/lampp/htdocs/DentistAPP/system/CodeIgniter.php(336): CodeIgniter\CodeIgniter->handleRequest(NULL, Object(Config\Cache), false)
#8 /opt/lampp/htdocs/DentistAPP/public/index.php(37): CodeIgniter\CodeIgniter->run()
#9 {main}
CRITICAL - 2021-08-14 22:51:40 --> Undefined offset: 0
#0 /opt/lampp/htdocs/DentistAPP/app/Views/admin/patient_info.php(44): CodeIgniter\Debug\Exceptions->errorHandler(8, 'Undefined offse...', '/opt/lampp/htdo...', 44, Array)
#1 /opt/lampp/htdocs/DentistAPP/system/View/View.php(230): include('/opt/lampp/htdo...')
#2 /opt/lampp/htdocs/DentistAPP/system/View/View.php(232): CodeIgniter\View\View->CodeIgniter\View\{closure}()
#3 /opt/lampp/htdocs/DentistAPP/system/Common.php(1271): CodeIgniter\View\View->render('admin/patient_i...', Array, true)
#4 /opt/lampp/htdocs/DentistAPP/app/Controllers/Admin/Patient.php(67): view('admin/patient_i...', Array)
#5 /opt/lampp/htdocs/DentistAPP/system/CodeIgniter.php(928): App\Controllers\Admin\Patient->patient_info('sweetalert2.all...')
#6 /opt/lampp/htdocs/DentistAPP/system/CodeIgniter.php(436): CodeIgniter\CodeIgniter->runController(Object(App\Controllers\Admin\Patient))
#7 /opt/lampp/htdocs/DentistAPP/system/CodeIgniter.php(336): CodeIgniter\CodeIgniter->handleRequest(NULL, Object(Config\Cache), false)
#8 /opt/lampp/htdocs/DentistAPP/public/index.php(37): CodeIgniter\CodeIgniter->run()
#9 {main}
CRITICAL - 2021-08-14 22:53:08 --> Undefined offset: 0
#0 /opt/lampp/htdocs/DentistAPP/app/Views/admin/patient_info.php(44): CodeIgniter\Debug\Exceptions->errorHandler(8, 'Undefined offse...', '/opt/lampp/htdo...', 44, Array)
#1 /opt/lampp/htdocs/DentistAPP/system/View/View.php(230): include('/opt/lampp/htdo...')
#2 /opt/lampp/htdocs/DentistAPP/system/View/View.php(232): CodeIgniter\View\View->CodeIgniter\View\{closure}()
#3 /opt/lampp/htdocs/DentistAPP/system/Common.php(1271): CodeIgniter\View\View->render('admin/patient_i...', Array, true)
#4 /opt/lampp/htdocs/DentistAPP/app/Controllers/Admin/Patient.php(67): view('admin/patient_i...', Array)
#5 /opt/lampp/htdocs/DentistAPP/system/CodeIgniter.php(928): App\Controllers\Admin\Patient->patient_info('sweetalert2.all...')
#6 /opt/lampp/htdocs/DentistAPP/system/CodeIgniter.php(436): CodeIgniter\CodeIgniter->runController(Object(App\Controllers\Admin\Patient))
#7 /opt/lampp/htdocs/DentistAPP/system/CodeIgniter.php(336): CodeIgniter\CodeIgniter->handleRequest(NULL, Object(Config\Cache), false)
#8 /opt/lampp/htdocs/DentistAPP/public/index.php(37): CodeIgniter\CodeIgniter->run()
#9 {main}
CRITICAL - 2021-08-14 22:53:08 --> Undefined offset: 0
#0 /opt/lampp/htdocs/DentistAPP/app/Views/admin/patient_info.php(44): CodeIgniter\Debug\Exceptions->errorHandler(8, 'Undefined offse...', '/opt/lampp/htdo...', 44, Array)
#1 /opt/lampp/htdocs/DentistAPP/system/View/View.php(230): include('/opt/lampp/htdo...')
#2 /opt/lampp/htdocs/DentistAPP/system/View/View.php(232): CodeIgniter\View\View->CodeIgniter\View\{closure}()
#3 /opt/lampp/htdocs/DentistAPP/system/Common.php(1271): CodeIgniter\View\View->render('admin/patient_i...', Array, true)
#4 /opt/lampp/htdocs/DentistAPP/app/Controllers/Admin/Patient.php(67): view('admin/patient_i...', Array)
#5 /opt/lampp/htdocs/DentistAPP/system/CodeIgniter.php(928): App\Controllers\Admin\Patient->patient_info('sweetalert2.all...')
#6 /opt/lampp/htdocs/DentistAPP/system/CodeIgniter.php(436): CodeIgniter\CodeIgniter->runController(Object(App\Controllers\Admin\Patient))
#7 /opt/lampp/htdocs/DentistAPP/system/CodeIgniter.php(336): CodeIgniter\CodeIgniter->handleRequest(NULL, Object(Config\Cache), false)
#8 /opt/lampp/htdocs/DentistAPP/public/index.php(37): CodeIgniter\CodeIgniter->run()
#9 {main}
CRITICAL - 2021-08-14 22:53:25 --> Undefined offset: 0
#0 /opt/lampp/htdocs/DentistAPP/app/Views/admin/patient_info.php(44): CodeIgniter\Debug\Exceptions->errorHandler(8, 'Undefined offse...', '/opt/lampp/htdo...', 44, Array)
#1 /opt/lampp/htdocs/DentistAPP/system/View/View.php(230): include('/opt/lampp/htdo...')
#2 /opt/lampp/htdocs/DentistAPP/system/View/View.php(232): CodeIgniter\View\View->CodeIgniter\View\{closure}()
#3 /opt/lampp/htdocs/DentistAPP/system/Common.php(1271): CodeIgniter\View\View->render('admin/patient_i...', Array, true)
#4 /opt/lampp/htdocs/DentistAPP/app/Controllers/Admin/Patient.php(67): view('admin/patient_i...', Array)
#5 /opt/lampp/htdocs/DentistAPP/system/CodeIgniter.php(928): App\Controllers\Admin\Patient->patient_info('sweetalert2.all...')
#6 /opt/lampp/htdocs/DentistAPP/system/CodeIgniter.php(436): CodeIgniter\CodeIgniter->runController(Object(App\Controllers\Admin\Patient))
#7 /opt/lampp/htdocs/DentistAPP/system/CodeIgniter.php(336): CodeIgniter\CodeIgniter->handleRequest(NULL, Object(Config\Cache), false)
#8 /opt/lampp/htdocs/DentistAPP/public/index.php(37): CodeIgniter\CodeIgniter->run()
#9 {main}
CRITICAL - 2021-08-14 22:54:16 --> Undefined offset: 0
#0 /opt/lampp/htdocs/DentistAPP/app/Views/admin/patient_info.php(44): CodeIgniter\Debug\Exceptions->errorHandler(8, 'Undefined offse...', '/opt/lampp/htdo...', 44, Array)
#1 /opt/lampp/htdocs/DentistAPP/system/View/View.php(230): include('/opt/lampp/htdo...')
#2 /opt/lampp/htdocs/DentistAPP/system/View/View.php(232): CodeIgniter\View\View->CodeIgniter\View\{closure}()
#3 /opt/lampp/htdocs/DentistAPP/system/Common.php(1271): CodeIgniter\View\View->render('admin/patient_i...', Array, true)
#4 /opt/lampp/htdocs/DentistAPP/app/Controllers/Admin/Patient.php(67): view('admin/patient_i...', Array)
#5 /opt/lampp/htdocs/DentistAPP/system/CodeIgniter.php(928): App\Controllers\Admin\Patient->patient_info('sweetalert2.all...')
#6 /opt/lampp/htdocs/DentistAPP/system/CodeIgniter.php(436): CodeIgniter\CodeIgniter->runController(Object(App\Controllers\Admin\Patient))
#7 /opt/lampp/htdocs/DentistAPP/system/CodeIgniter.php(336): CodeIgniter\CodeIgniter->handleRequest(NULL, Object(Config\Cache), false)
#8 /opt/lampp/htdocs/DentistAPP/public/index.php(37): CodeIgniter\CodeIgniter->run()
#9 {main}
CRITICAL - 2021-08-14 22:56:36 --> Undefined offset: 0
#0 /opt/lampp/htdocs/DentistAPP/app/Views/admin/patient_info.php(44): CodeIgniter\Debug\Exceptions->errorHandler(8, 'Undefined offse...', '/opt/lampp/htdo...', 44, Array)
#1 /opt/lampp/htdocs/DentistAPP/system/View/View.php(230): include('/opt/lampp/htdo...')
#2 /opt/lampp/htdocs/DentistAPP/system/View/View.php(232): CodeIgniter\View\View->CodeIgniter\View\{closure}()
#3 /opt/lampp/htdocs/DentistAPP/system/Common.php(1271): CodeIgniter\View\View->render('admin/patient_i...', Array, true)
#4 /opt/lampp/htdocs/DentistAPP/app/Controllers/Admin/Patient.php(67): view('admin/patient_i...', Array)
#5 /opt/lampp/htdocs/DentistAPP/system/CodeIgniter.php(928): App\Controllers\Admin\Patient->patient_info('sweetalert2.all...')
#6 /opt/lampp/htdocs/DentistAPP/system/CodeIgniter.php(436): CodeIgniter\CodeIgniter->runController(Object(App\Controllers\Admin\Patient))
#7 /opt/lampp/htdocs/DentistAPP/system/CodeIgniter.php(336): CodeIgniter\CodeIgniter->handleRequest(NULL, Object(Config\Cache), false)
#8 /opt/lampp/htdocs/DentistAPP/public/index.php(37): CodeIgniter\CodeIgniter->run()
#9 {main}
CRITICAL - 2021-08-14 23:02:32 --> Undefined offset: 0
#0 /opt/lampp/htdocs/DentistAPP/app/Views/admin/patient_info.php(44): CodeIgniter\Debug\Exceptions->errorHandler(8, 'Undefined offse...', '/opt/lampp/htdo...', 44, Array)
#1 /opt/lampp/htdocs/DentistAPP/system/View/View.php(230): include('/opt/lampp/htdo...')
#2 /opt/lampp/htdocs/DentistAPP/system/View/View.php(232): CodeIgniter\View\View->CodeIgniter\View\{closure}()
#3 /opt/lampp/htdocs/DentistAPP/system/Common.php(1271): CodeIgniter\View\View->render('admin/patient_i...', Array, true)
#4 /opt/lampp/htdocs/DentistAPP/app/Controllers/Admin/Patient.php(67): view('admin/patient_i...', Array)
#5 /opt/lampp/htdocs/DentistAPP/system/CodeIgniter.php(928): App\Controllers\Admin\Patient->patient_info('sweetalert2.all...')
#6 /opt/lampp/htdocs/DentistAPP/system/CodeIgniter.php(436): CodeIgniter\CodeIgniter->runController(Object(App\Controllers\Admin\Patient))
#7 /opt/lampp/htdocs/DentistAPP/system/CodeIgniter.php(336): CodeIgniter\CodeIgniter->handleRequest(NULL, Object(Config\Cache), false)
#8 /opt/lampp/htdocs/DentistAPP/public/index.php(37): CodeIgniter\CodeIgniter->run()
#9 {main}
CRITICAL - 2021-08-14 23:02:33 --> Undefined offset: 0
#0 /opt/lampp/htdocs/DentistAPP/app/Views/admin/patient_info.php(44): CodeIgniter\Debug\Exceptions->errorHandler(8, 'Undefined offse...', '/opt/lampp/htdo...', 44, Array)
#1 /opt/lampp/htdocs/DentistAPP/system/View/View.php(230): include('/opt/lampp/htdo...')
#2 /opt/lampp/htdocs/DentistAPP/system/View/View.php(232): CodeIgniter\View\View->CodeIgniter\View\{closure}()
#3 /opt/lampp/htdocs/DentistAPP/system/Common.php(1271): CodeIgniter\View\View->render('admin/patient_i...', Array, true)
#4 /opt/lampp/htdocs/DentistAPP/app/Controllers/Admin/Patient.php(67): view('admin/patient_i...', Array)
#5 /opt/lampp/htdocs/DentistAPP/system/CodeIgniter.php(928): App\Controllers\Admin\Patient->patient_info('sweetalert2.all...')
#6 /opt/lampp/htdocs/DentistAPP/system/CodeIgniter.php(436): CodeIgniter\CodeIgniter->runController(Object(App\Controllers\Admin\Patient))
#7 /opt/lampp/htdocs/DentistAPP/system/CodeIgniter.php(336): CodeIgniter\CodeIgniter->handleRequest(NULL, Object(Config\Cache), false)
#8 /opt/lampp/htdocs/DentistAPP/public/index.php(37): CodeIgniter\CodeIgniter->run()
#9 {main}
CRITICAL - 2021-08-14 23:03:01 --> Undefined offset: 0
#0 /opt/lampp/htdocs/DentistAPP/app/Views/admin/patient_info.php(44): CodeIgniter\Debug\Exceptions->errorHandler(8, 'Undefined offse...', '/opt/lampp/htdo...', 44, Array)
#1 /opt/lampp/htdocs/DentistAPP/system/View/View.php(230): include('/opt/lampp/htdo...')
#2 /opt/lampp/htdocs/DentistAPP/system/View/View.php(232): CodeIgniter\View\View->CodeIgniter\View\{closure}()
#3 /opt/lampp/htdocs/DentistAPP/system/Common.php(1271): CodeIgniter\View\View->render('admin/patient_i...', Array, true)
#4 /opt/lampp/htdocs/DentistAPP/app/Controllers/Admin/Patient.php(67): view('admin/patient_i...', Array)
#5 /opt/lampp/htdocs/DentistAPP/system/CodeIgniter.php(928): App\Controllers\Admin\Patient->patient_info('sweetalert2.all...')
#6 /opt/lampp/htdocs/DentistAPP/system/CodeIgniter.php(436): CodeIgniter\CodeIgniter->runController(Object(App\Controllers\Admin\Patient))
#7 /opt/lampp/htdocs/DentistAPP/system/CodeIgniter.php(336): CodeIgniter\CodeIgniter->handleRequest(NULL, Object(Config\Cache), false)
#8 /opt/lampp/htdocs/DentistAPP/public/index.php(37): CodeIgniter\CodeIgniter->run()
#9 {main}
CRITICAL - 2021-08-14 23:03:01 --> Undefined offset: 0
#0 /opt/lampp/htdocs/DentistAPP/app/Views/admin/patient_info.php(44): CodeIgniter\Debug\Exceptions->errorHandler(8, 'Undefined offse...', '/opt/lampp/htdo...', 44, Array)
#1 /opt/lampp/htdocs/DentistAPP/system/View/View.php(230): include('/opt/lampp/htdo...')
#2 /opt/lampp/htdocs/DentistAPP/system/View/View.php(232): CodeIgniter\View\View->CodeIgniter\View\{closure}()
#3 /opt/lampp/htdocs/DentistAPP/system/Common.php(1271): CodeIgniter\View\View->render('admin/patient_i...', Array, true)
#4 /opt/lampp/htdocs/DentistAPP/app/Controllers/Admin/Patient.php(67): view('admin/patient_i...', Array)
#5 /opt/lampp/htdocs/DentistAPP/system/CodeIgniter.php(928): App\Controllers\Admin\Patient->patient_info('sweetalert2.all...')
#6 /opt/lampp/htdocs/DentistAPP/system/CodeIgniter.php(436): CodeIgniter\CodeIgniter->runController(Object(App\Controllers\Admin\Patient))
#7 /opt/lampp/htdocs/DentistAPP/system/CodeIgniter.php(336): CodeIgniter\CodeIgniter->handleRequest(NULL, Object(Config\Cache), false)
#8 /opt/lampp/htdocs/DentistAPP/public/index.php(37): CodeIgniter\CodeIgniter->run()
#9 {main}
CRITICAL - 2021-08-14 23:03:32 --> Undefined offset: 0
#0 /opt/lampp/htdocs/DentistAPP/app/Views/admin/patient_info.php(44): CodeIgniter\Debug\Exceptions->errorHandler(8, 'Undefined offse...', '/opt/lampp/htdo...', 44, Array)
#1 /opt/lampp/htdocs/DentistAPP/system/View/View.php(230): include('/opt/lampp/htdo...')
#2 /opt/lampp/htdocs/DentistAPP/system/View/View.php(232): CodeIgniter\View\View->CodeIgniter\View\{closure}()
#3 /opt/lampp/htdocs/DentistAPP/system/Common.php(1271): CodeIgniter\View\View->render('admin/patient_i...', Array, true)
#4 /opt/lampp/htdocs/DentistAPP/app/Controllers/Admin/Patient.php(67): view('admin/patient_i...', Array)
#5 /opt/lampp/htdocs/DentistAPP/system/CodeIgniter.php(928): App\Controllers\Admin\Patient->patient_info('sweetalert2.all...')
#6 /opt/lampp/htdocs/DentistAPP/system/CodeIgniter.php(436): CodeIgniter\CodeIgniter->runController(Object(App\Controllers\Admin\Patient))
#7 /opt/lampp/htdocs/DentistAPP/system/CodeIgniter.php(336): CodeIgniter\CodeIgniter->handleRequest(NULL, Object(Config\Cache), false)
#8 /opt/lampp/htdocs/DentistAPP/public/index.php(37): CodeIgniter\CodeIgniter->run()
#9 {main}
CRITICAL - 2021-08-14 23:03:32 --> Undefined offset: 0
#0 /opt/lampp/htdocs/DentistAPP/app/Views/admin/patient_info.php(44): CodeIgniter\Debug\Exceptions->errorHandler(8, 'Undefined offse...', '/opt/lampp/htdo...', 44, Array)
#1 /opt/lampp/htdocs/DentistAPP/system/View/View.php(230): include('/opt/lampp/htdo...')
#2 /opt/lampp/htdocs/DentistAPP/system/View/View.php(232): CodeIgniter\View\View->CodeIgniter\View\{closure}()
#3 /opt/lampp/htdocs/DentistAPP/system/Common.php(1271): CodeIgniter\View\View->render('admin/patient_i...', Array, true)
#4 /opt/lampp/htdocs/DentistAPP/app/Controllers/Admin/Patient.php(67): view('admin/patient_i...', Array)
#5 /opt/lampp/htdocs/DentistAPP/system/CodeIgniter.php(928): App\Controllers\Admin\Patient->patient_info('sweetalert2.all...')
#6 /opt/lampp/htdocs/DentistAPP/system/CodeIgniter.php(436): CodeIgniter\CodeIgniter->runController(Object(App\Controllers\Admin\Patient))
#7 /opt/lampp/htdocs/DentistAPP/system/CodeIgniter.php(336): CodeIgniter\CodeIgniter->handleRequest(NULL, Object(Config\Cache), false)
#8 /opt/lampp/htdocs/DentistAPP/public/index.php(37): CodeIgniter\CodeIgniter->run()
#9 {main}
CRITICAL - 2021-08-14 23:03:41 --> Undefined offset: 0
#0 /opt/lampp/htdocs/DentistAPP/app/Views/admin/patient_info.php(44): CodeIgniter\Debug\Exceptions->errorHandler(8, 'Undefined offse...', '/opt/lampp/htdo...', 44, Array)
#1 /opt/lampp/htdocs/DentistAPP/system/View/View.php(230): include('/opt/lampp/htdo...')
#2 /opt/lampp/htdocs/DentistAPP/system/View/View.php(232): CodeIgniter\View\View->CodeIgniter\View\{closure}()
#3 /opt/lampp/htdocs/DentistAPP/system/Common.php(1271): CodeIgniter\View\View->render('admin/patient_i...', Array, true)
#4 /opt/lampp/htdocs/DentistAPP/app/Controllers/Admin/Patient.php(67): view('admin/patient_i...', Array)
#5 /opt/lampp/htdocs/DentistAPP/system/CodeIgniter.php(928): App\Controllers\Admin\Patient->patient_info('sweetalert2.all...')
#6 /opt/lampp/htdocs/DentistAPP/system/CodeIgniter.php(436): CodeIgniter\CodeIgniter->runController(Object(App\Controllers\Admin\Patient))
#7 /opt/lampp/htdocs/DentistAPP/system/CodeIgniter.php(336): CodeIgniter\CodeIgniter->handleRequest(NULL, Object(Config\Cache), false)
#8 /opt/lampp/htdocs/DentistAPP/public/index.php(37): CodeIgniter\CodeIgniter->run()
#9 {main}
CRITICAL - 2021-08-14 23:03:41 --> Undefined offset: 0
#0 /opt/lampp/htdocs/DentistAPP/app/Views/admin/patient_info.php(44): CodeIgniter\Debug\Exceptions->errorHandler(8, 'Undefined offse...', '/opt/lampp/htdo...', 44, Array)
#1 /opt/lampp/htdocs/DentistAPP/system/View/View.php(230): include('/opt/lampp/htdo...')
#2 /opt/lampp/htdocs/DentistAPP/system/View/View.php(232): CodeIgniter\View\View->CodeIgniter\View\{closure}()
#3 /opt/lampp/htdocs/DentistAPP/system/Common.php(1271): CodeIgniter\View\View->render('admin/patient_i...', Array, true)
#4 /opt/lampp/htdocs/DentistAPP/app/Controllers/Admin/Patient.php(67): view('admin/patient_i...', Array)
#5 /opt/lampp/htdocs/DentistAPP/system/CodeIgniter.php(928): App\Controllers\Admin\Patient->patient_info('sweetalert2.all...')
#6 /opt/lampp/htdocs/DentistAPP/system/CodeIgniter.php(436): CodeIgniter\CodeIgniter->runController(Object(App\Controllers\Admin\Patient))
#7 /opt/lampp/htdocs/DentistAPP/system/CodeIgniter.php(336): CodeIgniter\CodeIgniter->handleRequest(NULL, Object(Config\Cache), false)
#8 /opt/lampp/htdocs/DentistAPP/public/index.php(37): CodeIgniter\CodeIgniter->run()
#9 {main}
CRITICAL - 2021-08-14 23:11:11 --> Undefined offset: 0
#0 /opt/lampp/htdocs/DentistAPP/app/Views/admin/patient_info.php(44): CodeIgniter\Debug\Exceptions->errorHandler(8, 'Undefined offse...', '/opt/lampp/htdo...', 44, Array)
#1 /opt/lampp/htdocs/DentistAPP/system/View/View.php(230): include('/opt/lampp/htdo...')
#2 /opt/lampp/htdocs/DentistAPP/system/View/View.php(232): CodeIgniter\View\View->CodeIgniter\View\{closure}()
#3 /opt/lampp/htdocs/DentistAPP/system/Common.php(1271): CodeIgniter\View\View->render('admin/patient_i...', Array, true)
#4 /opt/lampp/htdocs/DentistAPP/app/Controllers/Admin/Patient.php(69): view('admin/patient_i...', Array)
#5 /opt/lampp/htdocs/DentistAPP/system/CodeIgniter.php(928): App\Controllers\Admin\Patient->patient_info('sweetalert2.all...')
#6 /opt/lampp/htdocs/DentistAPP/system/CodeIgniter.php(436): CodeIgniter\CodeIgniter->runController(Object(App\Controllers\Admin\Patient))
#7 /opt/lampp/htdocs/DentistAPP/system/CodeIgniter.php(336): CodeIgniter\CodeIgniter->handleRequest(NULL, Object(Config\Cache), false)
#8 /opt/lampp/htdocs/DentistAPP/public/index.php(37): CodeIgniter\CodeIgniter->run()
#9 {main}
CRITICAL - 2021-08-14 23:11:47 --> Undefined offset: 0
#0 /opt/lampp/htdocs/DentistAPP/app/Views/admin/patient_info.php(44): CodeIgniter\Debug\Exceptions->errorHandler(8, 'Undefined offse...', '/opt/lampp/htdo...', 44, Array)
#1 /opt/lampp/htdocs/DentistAPP/system/View/View.php(230): include('/opt/lampp/htdo...')
#2 /opt/lampp/htdocs/DentistAPP/system/View/View.php(232): CodeIgniter\View\View->CodeIgniter\View\{closure}()
#3 /opt/lampp/htdocs/DentistAPP/system/Common.php(1271): CodeIgniter\View\View->render('admin/patient_i...', Array, true)
#4 /opt/lampp/htdocs/DentistAPP/app/Controllers/Admin/Patient.php(70): view('admin/patient_i...', Array)
#5 /opt/lampp/htdocs/DentistAPP/system/CodeIgniter.php(928): App\Controllers\Admin\Patient->patient_info('sweetalert2.all...')
#6 /opt/lampp/htdocs/DentistAPP/system/CodeIgniter.php(436): CodeIgniter\CodeIgniter->runController(Object(App\Controllers\Admin\Patient))
#7 /opt/lampp/htdocs/DentistAPP/system/CodeIgniter.php(336): CodeIgniter\CodeIgniter->handleRequest(NULL, Object(Config\Cache), false)
#8 /opt/lampp/htdocs/DentistAPP/public/index.php(37): CodeIgniter\CodeIgniter->run()
#9 {main}
CRITICAL - 2021-08-14 23:12:05 --> Undefined variable: patient
#0 /opt/lampp/htdocs/DentistAPP/app/Views/admin/patient_info.php(121): CodeIgniter\Debug\Exceptions->errorHandler(8, 'Undefined varia...', '/opt/lampp/htdo...', 121, Array)
#1 /opt/lampp/htdocs/DentistAPP/system/View/View.php(230): include('/opt/lampp/htdo...')
#2 /opt/lampp/htdocs/DentistAPP/system/View/View.php(232): CodeIgniter\View\View->CodeIgniter\View\{closure}()
#3 /opt/lampp/htdocs/DentistAPP/system/Common.php(1271): CodeIgniter\View\View->render('admin/patient_i...', Array, true)
#4 /opt/lampp/htdocs/DentistAPP/app/Controllers/Admin/Patient.php(69): view('admin/patient_i...', Array)
#5 /opt/lampp/htdocs/DentistAPP/system/CodeIgniter.php(928): App\Controllers\Admin\Patient->patient_info('1cb47885-fd9c-4...')
#6 /opt/lampp/htdocs/DentistAPP/system/CodeIgniter.php(436): CodeIgniter\CodeIgniter->runController(Object(App\Controllers\Admin\Patient))
#7 /opt/lampp/htdocs/DentistAPP/system/CodeIgniter.php(336): CodeIgniter\CodeIgniter->handleRequest(NULL, Object(Config\Cache), false)
#8 /opt/lampp/htdocs/DentistAPP/public/index.php(37): CodeIgniter\CodeIgniter->run()
#9 {main}
CRITICAL - 2021-08-14 23:12:20 --> Undefined offset: 0
#0 /opt/lampp/htdocs/DentistAPP/app/Views/admin/patient_info.php(44): CodeIgniter\Debug\Exceptions->errorHandler(8, 'Undefined offse...', '/opt/lampp/htdo...', 44, Array)
#1 /opt/lampp/htdocs/DentistAPP/system/View/View.php(230): include('/opt/lampp/htdo...')
#2 /opt/lampp/htdocs/DentistAPP/system/View/View.php(232): CodeIgniter\View\View->CodeIgniter\View\{closure}()
#3 /opt/lampp/htdocs/DentistAPP/system/Common.php(1271): CodeIgniter\View\View->render('admin/patient_i...', Array, true)
#4 /opt/lampp/htdocs/DentistAPP/app/Controllers/Admin/Patient.php(69): view('admin/patient_i...', Array)
#5 /opt/lampp/htdocs/DentistAPP/system/CodeIgniter.php(928): App\Controllers\Admin\Patient->patient_info('sweetalert2.all...')
#6 /opt/lampp/htdocs/DentistAPP/system/CodeIgniter.php(436): CodeIgniter\CodeIgniter->runController(Object(App\Controllers\Admin\Patient))
#7 /opt/lampp/htdocs/DentistAPP/system/CodeIgniter.php(336): CodeIgniter\CodeIgniter->handleRequest(NULL, Object(Config\Cache), false)
#8 /opt/lampp/htdocs/DentistAPP/public/index.php(37): CodeIgniter\CodeIgniter->run()
#9 {main}
CRITICAL - 2021-08-14 23:12:20 --> Undefined offset: 0
#0 /opt/lampp/htdocs/DentistAPP/app/Views/admin/patient_info.php(44): CodeIgniter\Debug\Exceptions->errorHandler(8, 'Undefined offse...', '/opt/lampp/htdo...', 44, Array)
#1 /opt/lampp/htdocs/DentistAPP/system/View/View.php(230): include('/opt/lampp/htdo...')
#2 /opt/lampp/htdocs/DentistAPP/system/View/View.php(232): CodeIgniter\View\View->CodeIgniter\View\{closure}()
#3 /opt/lampp/htdocs/DentistAPP/system/Common.php(1271): CodeIgniter\View\View->render('admin/patient_i...', Array, true)
#4 /opt/lampp/htdocs/DentistAPP/app/Controllers/Admin/Patient.php(69): view('admin/patient_i...', Array)
#5 /opt/lampp/htdocs/DentistAPP/system/CodeIgniter.php(928): App\Controllers\Admin\Patient->patient_info('sweetalert2.all...')
#6 /opt/lampp/htdocs/DentistAPP/system/CodeIgniter.php(436): CodeIgniter\CodeIgniter->runController(Object(App\Controllers\Admin\Patient))
#7 /opt/lampp/htdocs/DentistAPP/system/CodeIgniter.php(336): CodeIgniter\CodeIgniter->handleRequest(NULL, Object(Config\Cache), false)
#8 /opt/lampp/htdocs/DentistAPP/public/index.php(37): CodeIgniter\CodeIgniter->run()
#9 {main}
CRITICAL - 2021-08-14 23:12:52 --> Undefined offset: 0
#0 /opt/lampp/htdocs/DentistAPP/app/Views/admin/patient_info.php(44): CodeIgniter\Debug\Exceptions->errorHandler(8, 'Undefined offse...', '/opt/lampp/htdo...', 44, Array)
#1 /opt/lampp/htdocs/DentistAPP/system/View/View.php(230): include('/opt/lampp/htdo...')
#2 /opt/lampp/htdocs/DentistAPP/system/View/View.php(232): CodeIgniter\View\View->CodeIgniter\View\{closure}()
#3 /opt/lampp/htdocs/DentistAPP/system/Common.php(1271): CodeIgniter\View\View->render('admin/patient_i...', Array, true)
#4 /opt/lampp/htdocs/DentistAPP/app/Controllers/Admin/Patient.php(69): view('admin/patient_i...', Array)
#5 /opt/lampp/htdocs/DentistAPP/system/CodeIgniter.php(928): App\Controllers\Admin\Patient->patient_info('sweetalert2.all...')
#6 /opt/lampp/htdocs/DentistAPP/system/CodeIgniter.php(436): CodeIgniter\CodeIgniter->runController(Object(App\Controllers\Admin\Patient))
#7 /opt/lampp/htdocs/DentistAPP/system/CodeIgniter.php(336): CodeIgniter\CodeIgniter->handleRequest(NULL, Object(Config\Cache), false)
#8 /opt/lampp/htdocs/DentistAPP/public/index.php(37): CodeIgniter\CodeIgniter->run()
#9 {main}
CRITICAL - 2021-08-14 23:12:56 --> Undefined offset: 0
#0 /opt/lampp/htdocs/DentistAPP/app/Views/admin/patient_info.php(44): CodeIgniter\Debug\Exceptions->errorHandler(8, 'Undefined offse...', '/opt/lampp/htdo...', 44, Array)
#1 /opt/lampp/htdocs/DentistAPP/system/View/View.php(230): include('/opt/lampp/htdo...')
#2 /opt/lampp/htdocs/DentistAPP/system/View/View.php(232): CodeIgniter\View\View->CodeIgniter\View\{closure}()
#3 /opt/lampp/htdocs/DentistAPP/system/Common.php(1271): CodeIgniter\View\View->render('admin/patient_i...', Array, true)
#4 /opt/lampp/htdocs/DentistAPP/app/Controllers/Admin/Patient.php(69): view('admin/patient_i...', Array)
#5 /opt/lampp/htdocs/DentistAPP/system/CodeIgniter.php(928): App\Controllers\Admin\Patient->patient_info('sweetalert2.all...')
#6 /opt/lampp/htdocs/DentistAPP/system/CodeIgniter.php(436): CodeIgniter\CodeIgniter->runController(Object(App\Controllers\Admin\Patient))
#7 /opt/lampp/htdocs/DentistAPP/system/CodeIgniter.php(336): CodeIgniter\CodeIgniter->handleRequest(NULL, Object(Config\Cache), false)
#8 /opt/lampp/htdocs/DentistAPP/public/index.php(37): CodeIgniter\CodeIgniter->run()
#9 {main}
CRITICAL - 2021-08-14 23:13:01 --> Undefined offset: 0
#0 /opt/lampp/htdocs/DentistAPP/app/Views/admin/patient_info.php(44): CodeIgniter\Debug\Exceptions->errorHandler(8, 'Undefined offse...', '/opt/lampp/htdo...', 44, Array)
#1 /opt/lampp/htdocs/DentistAPP/system/View/View.php(230): include('/opt/lampp/htdo...')
#2 /opt/lampp/htdocs/DentistAPP/system/View/View.php(232): CodeIgniter\View\View->CodeIgniter\View\{closure}()
#3 /opt/lampp/htdocs/DentistAPP/system/Common.php(1271): CodeIgniter\View\View->render('admin/patient_i...', Array, true)
#4 /opt/lampp/htdocs/DentistAPP/app/Controllers/Admin/Patient.php(69): view('admin/patient_i...', Array)
#5 /opt/lampp/htdocs/DentistAPP/system/CodeIgniter.php(928): App\Controllers\Admin\Patient->patient_info('sweetalert2.all...')
#6 /opt/lampp/htdocs/DentistAPP/system/CodeIgniter.php(436): CodeIgniter\CodeIgniter->runController(Object(App\Controllers\Admin\Patient))
#7 /opt/lampp/htdocs/DentistAPP/system/CodeIgniter.php(336): CodeIgniter\CodeIgniter->handleRequest(NULL, Object(Config\Cache), false)
#8 /opt/lampp/htdocs/DentistAPP/public/index.php(37): CodeIgniter\CodeIgniter->run()
#9 {main}
CRITICAL - 2021-08-14 23:13:20 --> Undefined offset: 0
#0 /opt/lampp/htdocs/DentistAPP/app/Views/admin/patient_info.php(44): CodeIgniter\Debug\Exceptions->errorHandler(8, 'Undefined offse...', '/opt/lampp/htdo...', 44, Array)
#1 /opt/lampp/htdocs/DentistAPP/system/View/View.php(230): include('/opt/lampp/htdo...')
#2 /opt/lampp/htdocs/DentistAPP/system/View/View.php(232): CodeIgniter\View\View->CodeIgniter\View\{closure}()
#3 /opt/lampp/htdocs/DentistAPP/system/Common.php(1271): CodeIgniter\View\View->render('admin/patient_i...', Array, true)
#4 /opt/lampp/htdocs/DentistAPP/app/Controllers/Admin/Patient.php(69): view('admin/patient_i...', Array)
#5 /opt/lampp/htdocs/DentistAPP/system/CodeIgniter.php(928): App\Controllers\Admin\Patient->patient_info('sweetalert2.all...')
#6 /opt/lampp/htdocs/DentistAPP/system/CodeIgniter.php(436): CodeIgniter\CodeIgniter->runController(Object(App\Controllers\Admin\Patient))
#7 /opt/lampp/htdocs/DentistAPP/system/CodeIgniter.php(336): CodeIgniter\CodeIgniter->handleRequest(NULL, Object(Config\Cache), false)
#8 /opt/lampp/htdocs/DentistAPP/public/index.php(37): CodeIgniter\CodeIgniter->run()
#9 {main}
CRITICAL - 2021-08-14 23:13:58 --> Undefined offset: 0
#0 /opt/lampp/htdocs/DentistAPP/app/Views/admin/patient_info.php(44): CodeIgniter\Debug\Exceptions->errorHandler(8, 'Undefined offse...', '/opt/lampp/htdo...', 44, Array)
#1 /opt/lampp/htdocs/DentistAPP/system/View/View.php(230): include('/opt/lampp/htdo...')
#2 /opt/lampp/htdocs/DentistAPP/system/View/View.php(232): CodeIgniter\View\View->CodeIgniter\View\{closure}()
#3 /opt/lampp/htdocs/DentistAPP/system/Common.php(1271): CodeIgniter\View\View->render('admin/patient_i...', Array, true)
#4 /opt/lampp/htdocs/DentistAPP/app/Controllers/Admin/Patient.php(69): view('admin/patient_i...', Array)
#5 /opt/lampp/htdocs/DentistAPP/system/CodeIgniter.php(928): App\Controllers\Admin\Patient->patient_info('sweetalert2.all...')
#6 /opt/lampp/htdocs/DentistAPP/system/CodeIgniter.php(436): CodeIgniter\CodeIgniter->runController(Object(App\Controllers\Admin\Patient))
#7 /opt/lampp/htdocs/DentistAPP/system/CodeIgniter.php(336): CodeIgniter\CodeIgniter->handleRequest(NULL, Object(Config\Cache), false)
#8 /opt/lampp/htdocs/DentistAPP/public/index.php(37): CodeIgniter\CodeIgniter->run()
#9 {main}
CRITICAL - 2021-08-14 23:14:21 --> Undefined offset: 0
#0 /opt/lampp/htdocs/DentistAPP/app/Views/admin/patient_info.php(44): CodeIgniter\Debug\Exceptions->errorHandler(8, 'Undefined offse...', '/opt/lampp/htdo...', 44, Array)
#1 /opt/lampp/htdocs/DentistAPP/system/View/View.php(230): include('/opt/lampp/htdo...')
#2 /opt/lampp/htdocs/DentistAPP/system/View/View.php(232): CodeIgniter\View\View->CodeIgniter\View\{closure}()
#3 /opt/lampp/htdocs/DentistAPP/system/Common.php(1271): CodeIgniter\View\View->render('admin/patient_i...', Array, true)
#4 /opt/lampp/htdocs/DentistAPP/app/Controllers/Admin/Patient.php(69): view('admin/patient_i...', Array)
#5 /opt/lampp/htdocs/DentistAPP/system/CodeIgniter.php(928): App\Controllers\Admin\Patient->patient_info('sweetalert2.all...')
#6 /opt/lampp/htdocs/DentistAPP/system/CodeIgniter.php(436): CodeIgniter\CodeIgniter->runController(Object(App\Controllers\Admin\Patient))
#7 /opt/lampp/htdocs/DentistAPP/system/CodeIgniter.php(336): CodeIgniter\CodeIgniter->handleRequest(NULL, Object(Config\Cache), false)
#8 /opt/lampp/htdocs/DentistAPP/public/index.php(37): CodeIgniter\CodeIgniter->run()
#9 {main}
CRITICAL - 2021-08-14 23:15:12 --> Undefined offset: 0
#0 /opt/lampp/htdocs/DentistAPP/app/Views/admin/patient_info.php(44): CodeIgniter\Debug\Exceptions->errorHandler(8, 'Undefined offse...', '/opt/lampp/htdo...', 44, Array)
#1 /opt/lampp/htdocs/DentistAPP/system/View/View.php(230): include('/opt/lampp/htdo...')
#2 /opt/lampp/htdocs/DentistAPP/system/View/View.php(232): CodeIgniter\View\View->CodeIgniter\View\{closure}()
#3 /opt/lampp/htdocs/DentistAPP/system/Common.php(1271): CodeIgniter\View\View->render('admin/patient_i...', Array, true)
#4 /opt/lampp/htdocs/DentistAPP/app/Controllers/Admin/Patient.php(69): view('admin/patient_i...', Array)
#5 /opt/lampp/htdocs/DentistAPP/system/CodeIgniter.php(928): App\Controllers\Admin\Patient->patient_info('sweetalert2.all...')
#6 /opt/lampp/htdocs/DentistAPP/system/CodeIgniter.php(436): CodeIgniter\CodeIgniter->runController(Object(App\Controllers\Admin\Patient))
#7 /opt/lampp/htdocs/DentistAPP/system/CodeIgniter.php(336): CodeIgniter\CodeIgniter->handleRequest(NULL, Object(Config\Cache), false)
#8 /opt/lampp/htdocs/DentistAPP/public/index.php(37): CodeIgniter\CodeIgniter->run()
#9 {main}
CRITICAL - 2021-08-14 23:15:13 --> Undefined offset: 0
#0 /opt/lampp/htdocs/DentistAPP/app/Views/admin/patient_info.php(44): CodeIgniter\Debug\Exceptions->errorHandler(8, 'Undefined offse...', '/opt/lampp/htdo...', 44, Array)
#1 /opt/lampp/htdocs/DentistAPP/system/View/View.php(230): include('/opt/lampp/htdo...')
#2 /opt/lampp/htdocs/DentistAPP/system/View/View.php(232): CodeIgniter\View\View->CodeIgniter\View\{closure}()
#3 /opt/lampp/htdocs/DentistAPP/system/Common.php(1271): CodeIgniter\View\View->render('admin/patient_i...', Array, true)
#4 /opt/lampp/htdocs/DentistAPP/app/Controllers/Admin/Patient.php(69): view('admin/patient_i...', Array)
#5 /opt/lampp/htdocs/DentistAPP/system/CodeIgniter.php(928): App\Controllers\Admin\Patient->patient_info('sweetalert2.all...')
#6 /opt/lampp/htdocs/DentistAPP/system/CodeIgniter.php(436): CodeIgniter\CodeIgniter->runController(Object(App\Controllers\Admin\Patient))
#7 /opt/lampp/htdocs/DentistAPP/system/CodeIgniter.php(336): CodeIgniter\CodeIgniter->handleRequest(NULL, Object(Config\Cache), false)
#8 /opt/lampp/htdocs/DentistAPP/public/index.php(37): CodeIgniter\CodeIgniter->run()
#9 {main}
CRITICAL - 2021-08-14 23:16:30 --> Undefined offset: 0
#0 /opt/lampp/htdocs/DentistAPP/app/Views/admin/patient_info.php(32): CodeIgniter\Debug\Exceptions->errorHandler(8, 'Undefined offse...', '/opt/lampp/htdo...', 32, Array)
#1 /opt/lampp/htdocs/DentistAPP/system/View/View.php(230): include('/opt/lampp/htdo...')
#2 /opt/lampp/htdocs/DentistAPP/system/View/View.php(232): CodeIgniter\View\View->CodeIgniter\View\{closure}()
#3 /opt/lampp/htdocs/DentistAPP/system/Common.php(1271): CodeIgniter\View\View->render('admin/patient_i...', Array, true)
#4 /opt/lampp/htdocs/DentistAPP/app/Controllers/Admin/Patient.php(69): view('admin/patient_i...', Array)
#5 /opt/lampp/htdocs/DentistAPP/system/CodeIgniter.php(928): App\Controllers\Admin\Patient->patient_info('sweetalert2.all...')
#6 /opt/lampp/htdocs/DentistAPP/system/CodeIgniter.php(436): CodeIgniter\CodeIgniter->runController(Object(App\Controllers\Admin\Patient))
#7 /opt/lampp/htdocs/DentistAPP/system/CodeIgniter.php(336): CodeIgniter\CodeIgniter->handleRequest(NULL, Object(Config\Cache), false)
#8 /opt/lampp/htdocs/DentistAPP/public/index.php(37): CodeIgniter\CodeIgniter->run()
#9 {main}
CRITICAL - 2021-08-14 23:16:31 --> Undefined offset: 0
#0 /opt/lampp/htdocs/DentistAPP/app/Views/admin/patient_info.php(32): CodeIgniter\Debug\Exceptions->errorHandler(8, 'Undefined offse...', '/opt/lampp/htdo...', 32, Array)
#1 /opt/lampp/htdocs/DentistAPP/system/View/View.php(230): include('/opt/lampp/htdo...')
#2 /opt/lampp/htdocs/DentistAPP/system/View/View.php(232): CodeIgniter\View\View->CodeIgniter\View\{closure}()
#3 /opt/lampp/htdocs/DentistAPP/system/Common.php(1271): CodeIgniter\View\View->render('admin/patient_i...', Array, true)
#4 /opt/lampp/htdocs/DentistAPP/app/Controllers/Admin/Patient.php(69): view('admin/patient_i...', Array)
#5 /opt/lampp/htdocs/DentistAPP/system/CodeIgniter.php(928): App\Controllers\Admin\Patient->patient_info('sweetalert2.all...')
#6 /opt/lampp/htdocs/DentistAPP/system/CodeIgniter.php(436): CodeIgniter\CodeIgniter->runController(Object(App\Controllers\Admin\Patient))
#7 /opt/lampp/htdocs/DentistAPP/system/CodeIgniter.php(336): CodeIgniter\CodeIgniter->handleRequest(NULL, Object(Config\Cache), false)
#8 /opt/lampp/htdocs/DentistAPP/public/index.php(37): CodeIgniter\CodeIgniter->run()
#9 {main}
CRITICAL - 2021-08-14 23:16:42 --> Undefined offset: 0
#0 /opt/lampp/htdocs/DentistAPP/app/Views/admin/patient_info.php(32): CodeIgniter\Debug\Exceptions->errorHandler(8, 'Undefined offse...', '/opt/lampp/htdo...', 32, Array)
#1 /opt/lampp/htdocs/DentistAPP/system/View/View.php(230): include('/opt/lampp/htdo...')
#2 /opt/lampp/htdocs/DentistAPP/system/View/View.php(232): CodeIgniter\View\View->CodeIgniter\View\{closure}()
#3 /opt/lampp/htdocs/DentistAPP/system/Common.php(1271): CodeIgniter\View\View->render('admin/patient_i...', Array, true)
#4 /opt/lampp/htdocs/DentistAPP/app/Controllers/Admin/Patient.php(69): view('admin/patient_i...', Array)
#5 /opt/lampp/htdocs/DentistAPP/system/CodeIgniter.php(928): App\Controllers\Admin\Patient->patient_info('sweetalert2.all...')
#6 /opt/lampp/htdocs/DentistAPP/system/CodeIgniter.php(436): CodeIgniter\CodeIgniter->runController(Object(App\Controllers\Admin\Patient))
#7 /opt/lampp/htdocs/DentistAPP/system/CodeIgniter.php(336): CodeIgniter\CodeIgniter->handleRequest(NULL, Object(Config\Cache), false)
#8 /opt/lampp/htdocs/DentistAPP/public/index.php(37): CodeIgniter\CodeIgniter->run()
#9 {main}
CRITICAL - 2021-08-14 23:16:42 --> Undefined offset: 0
#0 /opt/lampp/htdocs/DentistAPP/app/Views/admin/patient_info.php(32): CodeIgniter\Debug\Exceptions->errorHandler(8, 'Undefined offse...', '/opt/lampp/htdo...', 32, Array)
#1 /opt/lampp/htdocs/DentistAPP/system/View/View.php(230): include('/opt/lampp/htdo...')
#2 /opt/lampp/htdocs/DentistAPP/system/View/View.php(232): CodeIgniter\View\View->CodeIgniter\View\{closure}()
#3 /opt/lampp/htdocs/DentistAPP/system/Common.php(1271): CodeIgniter\View\View->render('admin/patient_i...', Array, true)
#4 /opt/lampp/htdocs/DentistAPP/app/Controllers/Admin/Patient.php(69): view('admin/patient_i...', Array)
#5 /opt/lampp/htdocs/DentistAPP/system/CodeIgniter.php(928): App\Controllers\Admin\Patient->patient_info('sweetalert2.all...')
#6 /opt/lampp/htdocs/DentistAPP/system/CodeIgniter.php(436): CodeIgniter\CodeIgniter->runController(Object(App\Controllers\Admin\Patient))
#7 /opt/lampp/htdocs/DentistAPP/system/CodeIgniter.php(336): CodeIgniter\CodeIgniter->handleRequest(NULL, Object(Config\Cache), false)
#8 /opt/lampp/htdocs/DentistAPP/public/index.php(37): CodeIgniter\CodeIgniter->run()
#9 {main}
CRITICAL - 2021-08-14 23:16:51 --> Undefined offset: 0
#0 /opt/lampp/htdocs/DentistAPP/app/Views/admin/patient_info.php(32): CodeIgniter\Debug\Exceptions->errorHandler(8, 'Undefined offse...', '/opt/lampp/htdo...', 32, Array)
#1 /opt/lampp/htdocs/DentistAPP/system/View/View.php(230): include('/opt/lampp/htdo...')
#2 /opt/lampp/htdocs/DentistAPP/system/View/View.php(232): CodeIgniter\View\View->CodeIgniter\View\{closure}()
#3 /opt/lampp/htdocs/DentistAPP/system/Common.php(1271): CodeIgniter\View\View->render('admin/patient_i...', Array, true)
#4 /opt/lampp/htdocs/DentistAPP/app/Controllers/Admin/Patient.php(69): view('admin/patient_i...', Array)
#5 /opt/lampp/htdocs/DentistAPP/system/CodeIgniter.php(928): App\Controllers\Admin\Patient->patient_info('sweetalert2.all...')
#6 /opt/lampp/htdocs/DentistAPP/system/CodeIgniter.php(436): CodeIgniter\CodeIgniter->runController(Object(App\Controllers\Admin\Patient))
#7 /opt/lampp/htdocs/DentistAPP/system/CodeIgniter.php(336): CodeIgniter\CodeIgniter->handleRequest(NULL, Object(Config\Cache), false)
#8 /opt/lampp/htdocs/DentistAPP/public/index.php(37): CodeIgniter\CodeIgniter->run()
#9 {main}
CRITICAL - 2021-08-14 23:16:51 --> Undefined offset: 0
#0 /opt/lampp/htdocs/DentistAPP/app/Views/admin/patient_info.php(32): CodeIgniter\Debug\Exceptions->errorHandler(8, 'Undefined offse...', '/opt/lampp/htdo...', 32, Array)
#1 /opt/lampp/htdocs/DentistAPP/system/View/View.php(230): include('/opt/lampp/htdo...')
#2 /opt/lampp/htdocs/DentistAPP/system/View/View.php(232): CodeIgniter\View\View->CodeIgniter\View\{closure}()
#3 /opt/lampp/htdocs/DentistAPP/system/Common.php(1271): CodeIgniter\View\View->render('admin/patient_i...', Array, true)
#4 /opt/lampp/htdocs/DentistAPP/app/Controllers/Admin/Patient.php(69): view('admin/patient_i...', Array)
#5 /opt/lampp/htdocs/DentistAPP/system/CodeIgniter.php(928): App\Controllers\Admin\Patient->patient_info('sweetalert2.all...')
#6 /opt/lampp/htdocs/DentistAPP/system/CodeIgniter.php(436): CodeIgniter\CodeIgniter->runController(Object(App\Controllers\Admin\Patient))
#7 /opt/lampp/htdocs/DentistAPP/system/CodeIgniter.php(336): CodeIgniter\CodeIgniter->handleRequest(NULL, Object(Config\Cache), false)
#8 /opt/lampp/htdocs/DentistAPP/public/index.php(37): CodeIgniter\CodeIgniter->run()
#9 {main}
CRITICAL - 2021-08-14 23:19:47 --> Call to a member function findall() on int
#0 /opt/lampp/htdocs/DentistAPP/system/CodeIgniter.php(928): App\Controllers\Admin\Dashboard->index()
#1 /opt/lampp/htdocs/DentistAPP/system/CodeIgniter.php(436): CodeIgniter\CodeIgniter->runController(Object(App\Controllers\Admin\Dashboard))
#2 /opt/lampp/htdocs/DentistAPP/system/CodeIgniter.php(336): CodeIgniter\CodeIgniter->handleRequest(NULL, Object(Config\Cache), false)
#3 /opt/lampp/htdocs/DentistAPP/public/index.php(37): CodeIgniter\CodeIgniter->run()
#4 {main}
CRITICAL - 2021-08-14 23:22:56 --> Call to a member function where() on int
#0 /opt/lampp/htdocs/DentistAPP/system/CodeIgniter.php(928): App\Controllers\Admin\Dashboard->index()
#1 /opt/lampp/htdocs/DentistAPP/system/CodeIgniter.php(436): CodeIgniter\CodeIgniter->runController(Object(App\Controllers\Admin\Dashboard))
#2 /opt/lampp/htdocs/DentistAPP/system/CodeIgniter.php(336): CodeIgniter\CodeIgniter->handleRequest(NULL, Object(Config\Cache), false)
#3 /opt/lampp/htdocs/DentistAPP/public/index.php(37): CodeIgniter\CodeIgniter->run()
#4 {main}
CRITICAL - 2021-08-14 23:23:13 --> Call to undefined method App\Models\PatientModel::count
#0 /opt/lampp/htdocs/DentistAPP/app/Controllers/Admin/Dashboard.php(21): CodeIgniter\Model->__call('count', Array)
#1 /opt/lampp/htdocs/DentistAPP/system/CodeIgniter.php(928): App\Controllers\Admin\Dashboard->index()
#2 /opt/lampp/htdocs/DentistAPP/system/CodeIgniter.php(436): CodeIgniter\CodeIgniter->runController(Object(App\Controllers\Admin\Dashboard))
#3 /opt/lampp/htdocs/DentistAPP/system/CodeIgniter.php(336): CodeIgniter\CodeIgniter->handleRequest(NULL, Object(Config\Cache), false)
#4 /opt/lampp/htdocs/DentistAPP/public/index.php(37): CodeIgniter\CodeIgniter->run()
#5 {main}
CRITICAL - 2021-08-14 23:27:56 --> Undefined offset: 0
#0 /opt/lampp/htdocs/DentistAPP/app/Views/admin/patient_info.php(32): CodeIgniter\Debug\Exceptions->errorHandler(8, 'Undefined offse...', '/opt/lampp/htdo...', 32, Array)
#1 /opt/lampp/htdocs/DentistAPP/system/View/View.php(230): include('/opt/lampp/htdo...')
#2 /opt/lampp/htdocs/DentistAPP/system/View/View.php(232): CodeIgniter\View\View->CodeIgniter\View\{closure}()
#3 /opt/lampp/htdocs/DentistAPP/system/Common.php(1271): CodeIgniter\View\View->render('admin/patient_i...', Array, true)
#4 /opt/lampp/htdocs/DentistAPP/app/Controllers/Admin/Patient.php(69): view('admin/patient_i...', Array)
#5 /opt/lampp/htdocs/DentistAPP/system/CodeIgniter.php(928): App\Controllers\Admin\Patient->patient_info('sweetalert2.all...')
#6 /opt/lampp/htdocs/DentistAPP/system/CodeIgniter.php(436): CodeIgniter\CodeIgniter->runController(Object(App\Controllers\Admin\Patient))
#7 /opt/lampp/htdocs/DentistAPP/system/CodeIgniter.php(336): CodeIgniter\CodeIgniter->handleRequest(NULL, Object(Config\Cache), false)
#8 /opt/lampp/htdocs/DentistAPP/public/index.php(37): CodeIgniter\CodeIgniter->run()
#9 {main}
CRITICAL - 2021-08-14 23:27:56 --> Undefined offset: 0
#0 /opt/lampp/htdocs/DentistAPP/app/Views/admin/patient_info.php(32): CodeIgniter\Debug\Exceptions->errorHandler(8, 'Undefined offse...', '/opt/lampp/htdo...', 32, Array)
#1 /opt/lampp/htdocs/DentistAPP/system/View/View.php(230): include('/opt/lampp/htdo...')
#2 /opt/lampp/htdocs/DentistAPP/system/View/View.php(232): CodeIgniter\View\View->CodeIgniter\View\{closure}()
#3 /opt/lampp/htdocs/DentistAPP/system/Common.php(1271): CodeIgniter\View\View->render('admin/patient_i...', Array, true)
#4 /opt/lampp/htdocs/DentistAPP/app/Controllers/Admin/Patient.php(69): view('admin/patient_i...', Array)
#5 /opt/lampp/htdocs/DentistAPP/system/CodeIgniter.php(928): App\Controllers\Admin\Patient->patient_info('sweetalert2.all...')
#6 /opt/lampp/htdocs/DentistAPP/system/CodeIgniter.php(436): CodeIgniter\CodeIgniter->runController(Object(App\Controllers\Admin\Patient))
#7 /opt/lampp/htdocs/DentistAPP/system/CodeIgniter.php(336): CodeIgniter\CodeIgniter->handleRequest(NULL, Object(Config\Cache), false)
#8 /opt/lampp/htdocs/DentistAPP/public/index.php(37): CodeIgniter\CodeIgniter->run()
#9 {main}
CRITICAL - 2021-08-14 23:28:10 --> Undefined offset: 0
#0 /opt/lampp/htdocs/DentistAPP/app/Views/admin/patient_info.php(32): CodeIgniter\Debug\Exceptions->errorHandler(8, 'Undefined offse...', '/opt/lampp/htdo...', 32, Array)
#1 /opt/lampp/htdocs/DentistAPP/system/View/View.php(230): include('/opt/lampp/htdo...')
#2 /opt/lampp/htdocs/DentistAPP/system/View/View.php(232): CodeIgniter\View\View->CodeIgniter\View\{closure}()
#3 /opt/lampp/htdocs/DentistAPP/system/Common.php(1271): CodeIgniter\View\View->render('admin/patient_i...', Array, true)
#4 /opt/lampp/htdocs/DentistAPP/app/Controllers/Admin/Patient.php(69): view('admin/patient_i...', Array)
#5 /opt/lampp/htdocs/DentistAPP/system/CodeIgniter.php(928): App\Controllers\Admin\Patient->patient_info('sweetalert2.all...')
#6 /opt/lampp/htdocs/DentistAPP/system/CodeIgniter.php(436): CodeIgniter\CodeIgniter->runController(Object(App\Controllers\Admin\Patient))
#7 /opt/lampp/htdocs/DentistAPP/system/CodeIgniter.php(336): CodeIgniter\CodeIgniter->handleRequest(NULL, Object(Config\Cache), false)
#8 /opt/lampp/htdocs/DentistAPP/public/index.php(37): CodeIgniter\CodeIgniter->run()
#9 {main}
CRITICAL - 2021-08-14 23:28:10 --> Undefined offset: 0
#0 /opt/lampp/htdocs/DentistAPP/app/Views/admin/patient_info.php(32): CodeIgniter\Debug\Exceptions->errorHandler(8, 'Undefined offse...', '/opt/lampp/htdo...', 32, Array)
#1 /opt/lampp/htdocs/DentistAPP/system/View/View.php(230): include('/opt/lampp/htdo...')
#2 /opt/lampp/htdocs/DentistAPP/system/View/View.php(232): CodeIgniter\View\View->CodeIgniter\View\{closure}()
#3 /opt/lampp/htdocs/DentistAPP/system/Common.php(1271): CodeIgniter\View\View->render('admin/patient_i...', Array, true)
#4 /opt/lampp/htdocs/DentistAPP/app/Controllers/Admin/Patient.php(69): view('admin/patient_i...', Array)
#5 /opt/lampp/htdocs/DentistAPP/system/CodeIgniter.php(928): App\Controllers\Admin\Patient->patient_info('sweetalert2.all...')
#6 /opt/lampp/htdocs/DentistAPP/system/CodeIgniter.php(436): CodeIgniter\CodeIgniter->runController(Object(App\Controllers\Admin\Patient))
#7 /opt/lampp/htdocs/DentistAPP/system/CodeIgniter.php(336): CodeIgniter\CodeIgniter->handleRequest(NULL, Object(Config\Cache), false)
#8 /opt/lampp/htdocs/DentistAPP/public/index.php(37): CodeIgniter\CodeIgniter->run()
#9 {main}
