CRITICAL - 2021-08-13 02:43:51 --> Undefined offset: 1
#0 /opt/lampp/htdocs/DentistAPP/system/Router/Router.php(464): CodeIgniter\Debug\Exceptions->errorHandler(8, 'Undefined offse...', '/opt/lampp/htdo...', 464, Array)
#1 /opt/lampp/htdocs/DentistAPP/system/Router/Router.php(151): CodeIgniter\Router\Router->checkRoutes('register')
#2 /opt/lampp/htdocs/DentistAPP/system/CodeIgniter.php(809): CodeIgniter\Router\Router->handle('register')
#3 /opt/lampp/htdocs/DentistAPP/system/CodeIgniter.php(389): CodeIgniter\CodeIgniter->tryToRouteIt(Object(CodeIgniter\Router\RouteCollection))
#4 /opt/lampp/htdocs/DentistAPP/system/CodeIgniter.php(336): CodeIgniter\CodeIgniter->handleRequest(NULL, Object(Config\Cache), false)
#5 /opt/lampp/htdocs/DentistAPP/public/index.php(37): CodeIgniter\CodeIgniter->run()
#6 {main}
CRITICAL - 2021-08-13 05:11:32 --> Undefined property: App\Controllers\Auth::$uuid
#0 /opt/lampp/htdocs/DentistAPP/app/Controllers/Auth.php(39): CodeIgniter\Debug\Exceptions->errorHandler(8, 'Undefined prope...', '/opt/lampp/htdo...', 39, Array)
#1 /opt/lampp/htdocs/DentistAPP/system/CodeIgniter.php(928): App\Controllers\Auth->save()
#2 /opt/lampp/htdocs/DentistAPP/system/CodeIgniter.php(436): CodeIgniter\CodeIgniter->runController(Object(App\Controllers\Auth))
#3 /opt/lampp/htdocs/DentistAPP/system/CodeIgniter.php(336): CodeIgniter\CodeIgniter->handleRequest(NULL, Object(Config\Cache), false)
#4 /opt/lampp/htdocs/DentistAPP/public/index.php(37): CodeIgniter\CodeIgniter->run()
#5 {main}
CRITICAL - 2021-08-13 05:13:10 --> Undefined property: App\Controllers\Auth::$load
#0 /opt/lampp/htdocs/DentistAPP/app/Controllers/Auth.php(25): CodeIgniter\Debug\Exceptions->errorHandler(8, 'Undefined prope...', '/opt/lampp/htdo...', 25, Array)
#1 /opt/lampp/htdocs/DentistAPP/system/CodeIgniter.php(928): App\Controllers\Auth->save()
#2 /opt/lampp/htdocs/DentistAPP/system/CodeIgniter.php(436): CodeIgniter\CodeIgniter->runController(Object(App\Controllers\Auth))
#3 /opt/lampp/htdocs/DentistAPP/system/CodeIgniter.php(336): CodeIgniter\CodeIgniter->handleRequest(NULL, Object(Config\Cache), false)
#4 /opt/lampp/htdocs/DentistAPP/public/index.php(37): CodeIgniter\CodeIgniter->run()
#5 {main}
CRITICAL - 2021-08-13 05:21:51 --> Undefined property: App\Controllers\Auth::$uuid
#0 /opt/lampp/htdocs/DentistAPP/app/Controllers/Auth.php(40): CodeIgniter\Debug\Exceptions->errorHandler(8, 'Undefined prope...', '/opt/lampp/htdo...', 40, Array)
#1 /opt/lampp/htdocs/DentistAPP/system/CodeIgniter.php(928): App\Controllers\Auth->save()
#2 /opt/lampp/htdocs/DentistAPP/system/CodeIgniter.php(436): CodeIgniter\CodeIgniter->runController(Object(App\Controllers\Auth))
#3 /opt/lampp/htdocs/DentistAPP/system/CodeIgniter.php(336): CodeIgniter\CodeIgniter->handleRequest(NULL, Object(Config\Cache), false)
#4 /opt/lampp/htdocs/DentistAPP/public/index.php(37): CodeIgniter\CodeIgniter->run()
#5 {main}
CRITICAL - 2021-08-13 05:24:08 --> Namespace declaration statement has to be the very first statement or after any declare call in the script
#0 [internal function]: CodeIgniter\Debug\Exceptions->shutdownHandler()
#1 {main}
