CRITICAL - 2021-08-18 00:04:57 --> Undefined offset: 0
#0 /home/u140755111/domains/agbingmagbuhosdentalclinic.com/public_html/app/Views/admin/patient_info.php(6): CodeIgniter\Debug\Exceptions->errorHandler(8, 'Undefined offse...', '/home/u14075511...', 6, Array)
#1 /home/u140755111/domains/agbingmagbuhosdentalclinic.com/public_html/system/View/View.php(230): include('/home/u14075511...')
#2 /home/u140755111/domains/agbingmagbuhosdentalclinic.com/public_html/system/View/View.php(232): CodeIgniter\View\View->CodeIgniter\View\{closure}()
#3 /home/u140755111/domains/agbingmagbuhosdentalclinic.com/public_html/system/Common.php(1271): CodeIgniter\View\View->render('admin/patient_i...', Array, true)
#4 /home/u140755111/domains/agbingmagbuhosdentalclinic.com/public_html/app/Controllers/Admin/Patient.php(95): view('admin/patient_i...', Array)
#5 /home/u140755111/domains/agbingmagbuhosdentalclinic.com/public_html/system/CodeIgniter.php(928): App\Controllers\Admin\Patient->patient_info('sweetalert2.all...')
#6 /home/u140755111/domains/agbingmagbuhosdentalclinic.com/public_html/system/CodeIgniter.php(436): CodeIgniter\CodeIgniter->runController(Object(App\Controllers\Admin\Patient))
#7 /home/u140755111/domains/agbingmagbuhosdentalclinic.com/public_html/system/CodeIgniter.php(336): CodeIgniter\CodeIgniter->handleRequest(NULL, Object(Config\Cache), false)
#8 /home/u140755111/domains/agbingmagbuhosdentalclinic.com/public_html/public/index.php(37): CodeIgniter\CodeIgniter->run()
#9 {main}
CRITICAL - 2021-08-18 00:06:54 --> Undefined offset: 0
#0 /home/u140755111/domains/agbingmagbuhosdentalclinic.com/public_html/app/Views/admin/patient_info.php(6): CodeIgniter\Debug\Exceptions->errorHandler(8, 'Undefined offse...', '/home/u14075511...', 6, Array)
#1 /home/u140755111/domains/agbingmagbuhosdentalclinic.com/public_html/system/View/View.php(230): include('/home/u14075511...')
#2 /home/u140755111/domains/agbingmagbuhosdentalclinic.com/public_html/system/View/View.php(232): CodeIgniter\View\View->CodeIgniter\View\{closure}()
#3 /home/u140755111/domains/agbingmagbuhosdentalclinic.com/public_html/system/Common.php(1271): CodeIgniter\View\View->render('admin/patient_i...', Array, true)
#4 /home/u140755111/domains/agbingmagbuhosdentalclinic.com/public_html/app/Controllers/Admin/Patient.php(95): view('admin/patient_i...', Array)
#5 /home/u140755111/domains/agbingmagbuhosdentalclinic.com/public_html/system/CodeIgniter.php(928): App\Controllers\Admin\Patient->patient_info('sweetalert2.all...')
#6 /home/u140755111/domains/agbingmagbuhosdentalclinic.com/public_html/system/CodeIgniter.php(436): CodeIgniter\CodeIgniter->runController(Object(App\Controllers\Admin\Patient))
#7 /home/u140755111/domains/agbingmagbuhosdentalclinic.com/public_html/system/CodeIgniter.php(336): CodeIgniter\CodeIgniter->handleRequest(NULL, Object(Config\Cache), false)
#8 /home/u140755111/domains/agbingmagbuhosdentalclinic.com/public_html/public/index.php(37): CodeIgniter\CodeIgniter->run()
#9 {main}
CRITICAL - 2021-08-18 00:08:15 --> Undefined offset: 0
#0 /home/u140755111/domains/agbingmagbuhosdentalclinic.com/public_html/app/Views/admin/patient_info.php(6): CodeIgniter\Debug\Exceptions->errorHandler(8, 'Undefined offse...', '/home/u14075511...', 6, Array)
#1 /home/u140755111/domains/agbingmagbuhosdentalclinic.com/public_html/system/View/View.php(230): include('/home/u14075511...')
#2 /home/u140755111/domains/agbingmagbuhosdentalclinic.com/public_html/system/View/View.php(232): CodeIgniter\View\View->CodeIgniter\View\{closure}()
#3 /home/u140755111/domains/agbingmagbuhosdentalclinic.com/public_html/system/Common.php(1271): CodeIgniter\View\View->render('admin/patient_i...', Array, true)
#4 /home/u140755111/domains/agbingmagbuhosdentalclinic.com/public_html/app/Controllers/Admin/Patient.php(95): view('admin/patient_i...', Array)
#5 /home/u140755111/domains/agbingmagbuhosdentalclinic.com/public_html/system/CodeIgniter.php(928): App\Controllers\Admin\Patient->patient_info('sweetalert2.all...')
#6 /home/u140755111/domains/agbingmagbuhosdentalclinic.com/public_html/system/CodeIgniter.php(436): CodeIgniter\CodeIgniter->runController(Object(App\Controllers\Admin\Patient))
#7 /home/u140755111/domains/agbingmagbuhosdentalclinic.com/public_html/system/CodeIgniter.php(336): CodeIgniter\CodeIgniter->handleRequest(NULL, Object(Config\Cache), false)
#8 /home/u140755111/domains/agbingmagbuhosdentalclinic.com/public_html/public/index.php(37): CodeIgniter\CodeIgniter->run()
#9 {main}
CRITICAL - 2021-08-18 00:08:16 --> Undefined offset: 0
#0 /home/u140755111/domains/agbingmagbuhosdentalclinic.com/public_html/app/Views/admin/patient_info.php(6): CodeIgniter\Debug\Exceptions->errorHandler(8, 'Undefined offse...', '/home/u14075511...', 6, Array)
#1 /home/u140755111/domains/agbingmagbuhosdentalclinic.com/public_html/system/View/View.php(230): include('/home/u14075511...')
#2 /home/u140755111/domains/agbingmagbuhosdentalclinic.com/public_html/system/View/View.php(232): CodeIgniter\View\View->CodeIgniter\View\{closure}()
#3 /home/u140755111/domains/agbingmagbuhosdentalclinic.com/public_html/system/Common.php(1271): CodeIgniter\View\View->render('admin/patient_i...', Array, true)
#4 /home/u140755111/domains/agbingmagbuhosdentalclinic.com/public_html/app/Controllers/Admin/Patient.php(95): view('admin/patient_i...', Array)
#5 /home/u140755111/domains/agbingmagbuhosdentalclinic.com/public_html/system/CodeIgniter.php(928): App\Controllers\Admin\Patient->patient_info('sweetalert2.all...')
#6 /home/u140755111/domains/agbingmagbuhosdentalclinic.com/public_html/system/CodeIgniter.php(436): CodeIgniter\CodeIgniter->runController(Object(App\Controllers\Admin\Patient))
#7 /home/u140755111/domains/agbingmagbuhosdentalclinic.com/public_html/system/CodeIgniter.php(336): CodeIgniter\CodeIgniter->handleRequest(NULL, Object(Config\Cache), false)
#8 /home/u140755111/domains/agbingmagbuhosdentalclinic.com/public_html/public/index.php(37): CodeIgniter\CodeIgniter->run()
#9 {main}
CRITICAL - 2021-08-18 00:29:09 --> syntax error, unexpected ''created_at'' (T_CONSTANT_ENCAPSED_STRING), expecting ']'
#0 /home/u140755111/domains/agbingmagbuhosdentalclinic.com/public_html/system/Autoloader/Autoloader.php(273): CodeIgniter\Autoloader\Autoloader->includeFile('/home/u14075511...')
#1 /home/u140755111/domains/agbingmagbuhosdentalclinic.com/public_html/system/Autoloader/Autoloader.php(247): CodeIgniter\Autoloader\Autoloader->loadInNamespace('App\\Models\\Pati...')
#2 [internal function]: CodeIgniter\Autoloader\Autoloader->loadClass('App\\Models\\Pati...')
#3 /home/u140755111/domains/agbingmagbuhosdentalclinic.com/public_html/app/Controllers/Admin/Patient.php(89): spl_autoload_call('App\\Models\\Pati...')
#4 /home/u140755111/domains/agbingmagbuhosdentalclinic.com/public_html/system/CodeIgniter.php(928): App\Controllers\Admin\Patient->patient_info('2b45ed48-857f-4...')
#5 /home/u140755111/domains/agbingmagbuhosdentalclinic.com/public_html/system/CodeIgniter.php(436): CodeIgniter\CodeIgniter->runController(Object(App\Controllers\Admin\Patient))
#6 /home/u140755111/domains/agbingmagbuhosdentalclinic.com/public_html/system/CodeIgniter.php(336): CodeIgniter\CodeIgniter->handleRequest(NULL, Object(Config\Cache), false)
#7 /home/u140755111/domains/agbingmagbuhosdentalclinic.com/public_html/public/index.php(37): CodeIgniter\CodeIgniter->run()
#8 {main}
CRITICAL - 2021-08-18 00:29:36 --> Undefined offset: 0
#0 /home/u140755111/domains/agbingmagbuhosdentalclinic.com/public_html/app/Views/admin/patient_info.php(6): CodeIgniter\Debug\Exceptions->errorHandler(8, 'Undefined offse...', '/home/u14075511...', 6, Array)
#1 /home/u140755111/domains/agbingmagbuhosdentalclinic.com/public_html/system/View/View.php(230): include('/home/u14075511...')
#2 /home/u140755111/domains/agbingmagbuhosdentalclinic.com/public_html/system/View/View.php(232): CodeIgniter\View\View->CodeIgniter\View\{closure}()
#3 /home/u140755111/domains/agbingmagbuhosdentalclinic.com/public_html/system/Common.php(1271): CodeIgniter\View\View->render('admin/patient_i...', Array, true)
#4 /home/u140755111/domains/agbingmagbuhosdentalclinic.com/public_html/app/Controllers/Admin/Patient.php(95): view('admin/patient_i...', Array)
#5 /home/u140755111/domains/agbingmagbuhosdentalclinic.com/public_html/system/CodeIgniter.php(928): App\Controllers\Admin\Patient->patient_info('sweetalert2.all...')
#6 /home/u140755111/domains/agbingmagbuhosdentalclinic.com/public_html/system/CodeIgniter.php(436): CodeIgniter\CodeIgniter->runController(Object(App\Controllers\Admin\Patient))
#7 /home/u140755111/domains/agbingmagbuhosdentalclinic.com/public_html/system/CodeIgniter.php(336): CodeIgniter\CodeIgniter->handleRequest(NULL, Object(Config\Cache), false)
#8 /home/u140755111/domains/agbingmagbuhosdentalclinic.com/public_html/public/index.php(37): CodeIgniter\CodeIgniter->run()
#9 {main}
CRITICAL - 2021-08-18 00:29:36 --> Undefined offset: 0
#0 /home/u140755111/domains/agbingmagbuhosdentalclinic.com/public_html/app/Views/admin/patient_info.php(6): CodeIgniter\Debug\Exceptions->errorHandler(8, 'Undefined offse...', '/home/u14075511...', 6, Array)
#1 /home/u140755111/domains/agbingmagbuhosdentalclinic.com/public_html/system/View/View.php(230): include('/home/u14075511...')
#2 /home/u140755111/domains/agbingmagbuhosdentalclinic.com/public_html/system/View/View.php(232): CodeIgniter\View\View->CodeIgniter\View\{closure}()
#3 /home/u140755111/domains/agbingmagbuhosdentalclinic.com/public_html/system/Common.php(1271): CodeIgniter\View\View->render('admin/patient_i...', Array, true)
#4 /home/u140755111/domains/agbingmagbuhosdentalclinic.com/public_html/app/Controllers/Admin/Patient.php(95): view('admin/patient_i...', Array)
#5 /home/u140755111/domains/agbingmagbuhosdentalclinic.com/public_html/system/CodeIgniter.php(928): App\Controllers\Admin\Patient->patient_info('sweetalert2.all...')
#6 /home/u140755111/domains/agbingmagbuhosdentalclinic.com/public_html/system/CodeIgniter.php(436): CodeIgniter\CodeIgniter->runController(Object(App\Controllers\Admin\Patient))
#7 /home/u140755111/domains/agbingmagbuhosdentalclinic.com/public_html/system/CodeIgniter.php(336): CodeIgniter\CodeIgniter->handleRequest(NULL, Object(Config\Cache), false)
#8 /home/u140755111/domains/agbingmagbuhosdentalclinic.com/public_html/public/index.php(37): CodeIgniter\CodeIgniter->run()
#9 {main}
CRITICAL - 2021-08-18 00:31:26 --> Undefined offset: 0
#0 /home/u140755111/domains/agbingmagbuhosdentalclinic.com/public_html/app/Views/admin/patient_info.php(6): CodeIgniter\Debug\Exceptions->errorHandler(8, 'Undefined offse...', '/home/u14075511...', 6, Array)
#1 /home/u140755111/domains/agbingmagbuhosdentalclinic.com/public_html/system/View/View.php(230): include('/home/u14075511...')
#2 /home/u140755111/domains/agbingmagbuhosdentalclinic.com/public_html/system/View/View.php(232): CodeIgniter\View\View->CodeIgniter\View\{closure}()
#3 /home/u140755111/domains/agbingmagbuhosdentalclinic.com/public_html/system/Common.php(1271): CodeIgniter\View\View->render('admin/patient_i...', Array, true)
#4 /home/u140755111/domains/agbingmagbuhosdentalclinic.com/public_html/app/Controllers/Admin/Patient.php(95): view('admin/patient_i...', Array)
#5 /home/u140755111/domains/agbingmagbuhosdentalclinic.com/public_html/system/CodeIgniter.php(928): App\Controllers\Admin\Patient->patient_info('sweetalert2.all...')
#6 /home/u140755111/domains/agbingmagbuhosdentalclinic.com/public_html/system/CodeIgniter.php(436): CodeIgniter\CodeIgniter->runController(Object(App\Controllers\Admin\Patient))
#7 /home/u140755111/domains/agbingmagbuhosdentalclinic.com/public_html/system/CodeIgniter.php(336): CodeIgniter\CodeIgniter->handleRequest(NULL, Object(Config\Cache), false)
#8 /home/u140755111/domains/agbingmagbuhosdentalclinic.com/public_html/public/index.php(37): CodeIgniter\CodeIgniter->run()
#9 {main}
CRITICAL - 2021-08-18 00:34:18 --> Undefined offset: 0
#0 /home/u140755111/domains/agbingmagbuhosdentalclinic.com/public_html/app/Views/admin/patient_info.php(6): CodeIgniter\Debug\Exceptions->errorHandler(8, 'Undefined offse...', '/home/u14075511...', 6, Array)
#1 /home/u140755111/domains/agbingmagbuhosdentalclinic.com/public_html/system/View/View.php(230): include('/home/u14075511...')
#2 /home/u140755111/domains/agbingmagbuhosdentalclinic.com/public_html/system/View/View.php(232): CodeIgniter\View\View->CodeIgniter\View\{closure}()
#3 /home/u140755111/domains/agbingmagbuhosdentalclinic.com/public_html/system/Common.php(1271): CodeIgniter\View\View->render('admin/patient_i...', Array, true)
#4 /home/u140755111/domains/agbingmagbuhosdentalclinic.com/public_html/app/Controllers/Admin/Patient.php(95): view('admin/patient_i...', Array)
#5 /home/u140755111/domains/agbingmagbuhosdentalclinic.com/public_html/system/CodeIgniter.php(928): App\Controllers\Admin\Patient->patient_info('sweetalert2.all...')
#6 /home/u140755111/domains/agbingmagbuhosdentalclinic.com/public_html/system/CodeIgniter.php(436): CodeIgniter\CodeIgniter->runController(Object(App\Controllers\Admin\Patient))
#7 /home/u140755111/domains/agbingmagbuhosdentalclinic.com/public_html/system/CodeIgniter.php(336): CodeIgniter\CodeIgniter->handleRequest(NULL, Object(Config\Cache), false)
#8 /home/u140755111/domains/agbingmagbuhosdentalclinic.com/public_html/public/index.php(37): CodeIgniter\CodeIgniter->run()
#9 {main}
CRITICAL - 2021-08-18 00:35:45 --> Undefined offset: 0
#0 /home/u140755111/domains/agbingmagbuhosdentalclinic.com/public_html/app/Views/admin/patient_info.php(6): CodeIgniter\Debug\Exceptions->errorHandler(8, 'Undefined offse...', '/home/u14075511...', 6, Array)
#1 /home/u140755111/domains/agbingmagbuhosdentalclinic.com/public_html/system/View/View.php(230): include('/home/u14075511...')
#2 /home/u140755111/domains/agbingmagbuhosdentalclinic.com/public_html/system/View/View.php(232): CodeIgniter\View\View->CodeIgniter\View\{closure}()
#3 /home/u140755111/domains/agbingmagbuhosdentalclinic.com/public_html/system/Common.php(1271): CodeIgniter\View\View->render('admin/patient_i...', Array, true)
#4 /home/u140755111/domains/agbingmagbuhosdentalclinic.com/public_html/app/Controllers/Admin/Patient.php(95): view('admin/patient_i...', Array)
#5 /home/u140755111/domains/agbingmagbuhosdentalclinic.com/public_html/system/CodeIgniter.php(928): App\Controllers\Admin\Patient->patient_info('sweetalert2.all...')
#6 /home/u140755111/domains/agbingmagbuhosdentalclinic.com/public_html/system/CodeIgniter.php(436): CodeIgniter\CodeIgniter->runController(Object(App\Controllers\Admin\Patient))
#7 /home/u140755111/domains/agbingmagbuhosdentalclinic.com/public_html/system/CodeIgniter.php(336): CodeIgniter\CodeIgniter->handleRequest(NULL, Object(Config\Cache), false)
#8 /home/u140755111/domains/agbingmagbuhosdentalclinic.com/public_html/public/index.php(37): CodeIgniter\CodeIgniter->run()
#9 {main}
CRITICAL - 2021-08-18 00:38:58 --> Undefined offset: 0
#0 /home/u140755111/domains/agbingmagbuhosdentalclinic.com/public_html/app/Views/admin/patient_info.php(6): CodeIgniter\Debug\Exceptions->errorHandler(8, 'Undefined offse...', '/home/u14075511...', 6, Array)
#1 /home/u140755111/domains/agbingmagbuhosdentalclinic.com/public_html/system/View/View.php(230): include('/home/u14075511...')
#2 /home/u140755111/domains/agbingmagbuhosdentalclinic.com/public_html/system/View/View.php(232): CodeIgniter\View\View->CodeIgniter\View\{closure}()
#3 /home/u140755111/domains/agbingmagbuhosdentalclinic.com/public_html/system/Common.php(1271): CodeIgniter\View\View->render('admin/patient_i...', Array, true)
#4 /home/u140755111/domains/agbingmagbuhosdentalclinic.com/public_html/app/Controllers/Admin/Patient.php(95): view('admin/patient_i...', Array)
#5 /home/u140755111/domains/agbingmagbuhosdentalclinic.com/public_html/system/CodeIgniter.php(928): App\Controllers\Admin\Patient->patient_info('sweetalert2.all...')
#6 /home/u140755111/domains/agbingmagbuhosdentalclinic.com/public_html/system/CodeIgniter.php(436): CodeIgniter\CodeIgniter->runController(Object(App\Controllers\Admin\Patient))
#7 /home/u140755111/domains/agbingmagbuhosdentalclinic.com/public_html/system/CodeIgniter.php(336): CodeIgniter\CodeIgniter->handleRequest(NULL, Object(Config\Cache), false)
#8 /home/u140755111/domains/agbingmagbuhosdentalclinic.com/public_html/public/index.php(37): CodeIgniter\CodeIgniter->run()
#9 {main}
CRITICAL - 2021-08-18 00:38:59 --> Undefined offset: 0
#0 /home/u140755111/domains/agbingmagbuhosdentalclinic.com/public_html/app/Views/admin/patient_info.php(6): CodeIgniter\Debug\Exceptions->errorHandler(8, 'Undefined offse...', '/home/u14075511...', 6, Array)
#1 /home/u140755111/domains/agbingmagbuhosdentalclinic.com/public_html/system/View/View.php(230): include('/home/u14075511...')
#2 /home/u140755111/domains/agbingmagbuhosdentalclinic.com/public_html/system/View/View.php(232): CodeIgniter\View\View->CodeIgniter\View\{closure}()
#3 /home/u140755111/domains/agbingmagbuhosdentalclinic.com/public_html/system/Common.php(1271): CodeIgniter\View\View->render('admin/patient_i...', Array, true)
#4 /home/u140755111/domains/agbingmagbuhosdentalclinic.com/public_html/app/Controllers/Admin/Patient.php(95): view('admin/patient_i...', Array)
#5 /home/u140755111/domains/agbingmagbuhosdentalclinic.com/public_html/system/CodeIgniter.php(928): App\Controllers\Admin\Patient->patient_info('sweetalert2.all...')
#6 /home/u140755111/domains/agbingmagbuhosdentalclinic.com/public_html/system/CodeIgniter.php(436): CodeIgniter\CodeIgniter->runController(Object(App\Controllers\Admin\Patient))
#7 /home/u140755111/domains/agbingmagbuhosdentalclinic.com/public_html/system/CodeIgniter.php(336): CodeIgniter\CodeIgniter->handleRequest(NULL, Object(Config\Cache), false)
#8 /home/u140755111/domains/agbingmagbuhosdentalclinic.com/public_html/public/index.php(37): CodeIgniter\CodeIgniter->run()
#9 {main}
CRITICAL - 2021-08-18 00:39:09 --> Undefined offset: 0
#0 /home/u140755111/domains/agbingmagbuhosdentalclinic.com/public_html/app/Views/admin/patient_info.php(6): CodeIgniter\Debug\Exceptions->errorHandler(8, 'Undefined offse...', '/home/u14075511...', 6, Array)
#1 /home/u140755111/domains/agbingmagbuhosdentalclinic.com/public_html/system/View/View.php(230): include('/home/u14075511...')
#2 /home/u140755111/domains/agbingmagbuhosdentalclinic.com/public_html/system/View/View.php(232): CodeIgniter\View\View->CodeIgniter\View\{closure}()
#3 /home/u140755111/domains/agbingmagbuhosdentalclinic.com/public_html/system/Common.php(1271): CodeIgniter\View\View->render('admin/patient_i...', Array, true)
#4 /home/u140755111/domains/agbingmagbuhosdentalclinic.com/public_html/app/Controllers/Admin/Patient.php(95): view('admin/patient_i...', Array)
#5 /home/u140755111/domains/agbingmagbuhosdentalclinic.com/public_html/system/CodeIgniter.php(928): App\Controllers\Admin\Patient->patient_info('sweetalert2.all...')
#6 /home/u140755111/domains/agbingmagbuhosdentalclinic.com/public_html/system/CodeIgniter.php(436): CodeIgniter\CodeIgniter->runController(Object(App\Controllers\Admin\Patient))
#7 /home/u140755111/domains/agbingmagbuhosdentalclinic.com/public_html/system/CodeIgniter.php(336): CodeIgniter\CodeIgniter->handleRequest(NULL, Object(Config\Cache), false)
#8 /home/u140755111/domains/agbingmagbuhosdentalclinic.com/public_html/public/index.php(37): CodeIgniter\CodeIgniter->run()
#9 {main}
CRITICAL - 2021-08-18 00:39:45 --> Undefined offset: 0
#0 /home/u140755111/domains/agbingmagbuhosdentalclinic.com/public_html/app/Views/admin/patient_info.php(6): CodeIgniter\Debug\Exceptions->errorHandler(8, 'Undefined offse...', '/home/u14075511...', 6, Array)
#1 /home/u140755111/domains/agbingmagbuhosdentalclinic.com/public_html/system/View/View.php(230): include('/home/u14075511...')
#2 /home/u140755111/domains/agbingmagbuhosdentalclinic.com/public_html/system/View/View.php(232): CodeIgniter\View\View->CodeIgniter\View\{closure}()
#3 /home/u140755111/domains/agbingmagbuhosdentalclinic.com/public_html/system/Common.php(1271): CodeIgniter\View\View->render('admin/patient_i...', Array, true)
#4 /home/u140755111/domains/agbingmagbuhosdentalclinic.com/public_html/app/Controllers/Admin/Patient.php(95): view('admin/patient_i...', Array)
#5 /home/u140755111/domains/agbingmagbuhosdentalclinic.com/public_html/system/CodeIgniter.php(928): App\Controllers\Admin\Patient->patient_info('sweetalert2.all...')
#6 /home/u140755111/domains/agbingmagbuhosdentalclinic.com/public_html/system/CodeIgniter.php(436): CodeIgniter\CodeIgniter->runController(Object(App\Controllers\Admin\Patient))
#7 /home/u140755111/domains/agbingmagbuhosdentalclinic.com/public_html/system/CodeIgniter.php(336): CodeIgniter\CodeIgniter->handleRequest(NULL, Object(Config\Cache), false)
#8 /home/u140755111/domains/agbingmagbuhosdentalclinic.com/public_html/public/index.php(37): CodeIgniter\CodeIgniter->run()
#9 {main}
CRITICAL - 2021-08-18 00:39:48 --> Undefined offset: 0
#0 /home/u140755111/domains/agbingmagbuhosdentalclinic.com/public_html/app/Views/admin/patient_info.php(6): CodeIgniter\Debug\Exceptions->errorHandler(8, 'Undefined offse...', '/home/u14075511...', 6, Array)
#1 /home/u140755111/domains/agbingmagbuhosdentalclinic.com/public_html/system/View/View.php(230): include('/home/u14075511...')
#2 /home/u140755111/domains/agbingmagbuhosdentalclinic.com/public_html/system/View/View.php(232): CodeIgniter\View\View->CodeIgniter\View\{closure}()
#3 /home/u140755111/domains/agbingmagbuhosdentalclinic.com/public_html/system/Common.php(1271): CodeIgniter\View\View->render('admin/patient_i...', Array, true)
#4 /home/u140755111/domains/agbingmagbuhosdentalclinic.com/public_html/app/Controllers/Admin/Patient.php(95): view('admin/patient_i...', Array)
#5 /home/u140755111/domains/agbingmagbuhosdentalclinic.com/public_html/system/CodeIgniter.php(928): App\Controllers\Admin\Patient->patient_info('sweetalert2.all...')
#6 /home/u140755111/domains/agbingmagbuhosdentalclinic.com/public_html/system/CodeIgniter.php(436): CodeIgniter\CodeIgniter->runController(Object(App\Controllers\Admin\Patient))
#7 /home/u140755111/domains/agbingmagbuhosdentalclinic.com/public_html/system/CodeIgniter.php(336): CodeIgniter\CodeIgniter->handleRequest(NULL, Object(Config\Cache), false)
#8 /home/u140755111/domains/agbingmagbuhosdentalclinic.com/public_html/public/index.php(37): CodeIgniter\CodeIgniter->run()
#9 {main}
CRITICAL - 2021-08-18 00:39:48 --> Undefined offset: 0
#0 /home/u140755111/domains/agbingmagbuhosdentalclinic.com/public_html/app/Views/admin/patient_info.php(6): CodeIgniter\Debug\Exceptions->errorHandler(8, 'Undefined offse...', '/home/u14075511...', 6, Array)
#1 /home/u140755111/domains/agbingmagbuhosdentalclinic.com/public_html/system/View/View.php(230): include('/home/u14075511...')
#2 /home/u140755111/domains/agbingmagbuhosdentalclinic.com/public_html/system/View/View.php(232): CodeIgniter\View\View->CodeIgniter\View\{closure}()
#3 /home/u140755111/domains/agbingmagbuhosdentalclinic.com/public_html/system/Common.php(1271): CodeIgniter\View\View->render('admin/patient_i...', Array, true)
#4 /home/u140755111/domains/agbingmagbuhosdentalclinic.com/public_html/app/Controllers/Admin/Patient.php(95): view('admin/patient_i...', Array)
#5 /home/u140755111/domains/agbingmagbuhosdentalclinic.com/public_html/system/CodeIgniter.php(928): App\Controllers\Admin\Patient->patient_info('sweetalert2.all...')
#6 /home/u140755111/domains/agbingmagbuhosdentalclinic.com/public_html/system/CodeIgniter.php(436): CodeIgniter\CodeIgniter->runController(Object(App\Controllers\Admin\Patient))
#7 /home/u140755111/domains/agbingmagbuhosdentalclinic.com/public_html/system/CodeIgniter.php(336): CodeIgniter\CodeIgniter->handleRequest(NULL, Object(Config\Cache), false)
#8 /home/u140755111/domains/agbingmagbuhosdentalclinic.com/public_html/public/index.php(37): CodeIgniter\CodeIgniter->run()
#9 {main}
CRITICAL - 2021-08-18 00:40:14 --> Undefined offset: 0
#0 /home/u140755111/domains/agbingmagbuhosdentalclinic.com/public_html/app/Views/admin/patient_info.php(6): CodeIgniter\Debug\Exceptions->errorHandler(8, 'Undefined offse...', '/home/u14075511...', 6, Array)
#1 /home/u140755111/domains/agbingmagbuhosdentalclinic.com/public_html/system/View/View.php(230): include('/home/u14075511...')
#2 /home/u140755111/domains/agbingmagbuhosdentalclinic.com/public_html/system/View/View.php(232): CodeIgniter\View\View->CodeIgniter\View\{closure}()
#3 /home/u140755111/domains/agbingmagbuhosdentalclinic.com/public_html/system/Common.php(1271): CodeIgniter\View\View->render('admin/patient_i...', Array, true)
#4 /home/u140755111/domains/agbingmagbuhosdentalclinic.com/public_html/app/Controllers/Admin/Patient.php(95): view('admin/patient_i...', Array)
#5 /home/u140755111/domains/agbingmagbuhosdentalclinic.com/public_html/system/CodeIgniter.php(928): App\Controllers\Admin\Patient->patient_info('sweetalert2.all...')
#6 /home/u140755111/domains/agbingmagbuhosdentalclinic.com/public_html/system/CodeIgniter.php(436): CodeIgniter\CodeIgniter->runController(Object(App\Controllers\Admin\Patient))
#7 /home/u140755111/domains/agbingmagbuhosdentalclinic.com/public_html/system/CodeIgniter.php(336): CodeIgniter\CodeIgniter->handleRequest(NULL, Object(Config\Cache), false)
#8 /home/u140755111/domains/agbingmagbuhosdentalclinic.com/public_html/public/index.php(37): CodeIgniter\CodeIgniter->run()
#9 {main}
CRITICAL - 2021-08-18 00:41:51 --> Undefined offset: 0
#0 /home/u140755111/domains/agbingmagbuhosdentalclinic.com/public_html/app/Views/admin/patient_info.php(6): CodeIgniter\Debug\Exceptions->errorHandler(8, 'Undefined offse...', '/home/u14075511...', 6, Array)
#1 /home/u140755111/domains/agbingmagbuhosdentalclinic.com/public_html/system/View/View.php(230): include('/home/u14075511...')
#2 /home/u140755111/domains/agbingmagbuhosdentalclinic.com/public_html/system/View/View.php(232): CodeIgniter\View\View->CodeIgniter\View\{closure}()
#3 /home/u140755111/domains/agbingmagbuhosdentalclinic.com/public_html/system/Common.php(1271): CodeIgniter\View\View->render('admin/patient_i...', Array, true)
#4 /home/u140755111/domains/agbingmagbuhosdentalclinic.com/public_html/app/Controllers/Admin/Patient.php(95): view('admin/patient_i...', Array)
#5 /home/u140755111/domains/agbingmagbuhosdentalclinic.com/public_html/system/CodeIgniter.php(928): App\Controllers\Admin\Patient->patient_info('sweetalert2.all...')
#6 /home/u140755111/domains/agbingmagbuhosdentalclinic.com/public_html/system/CodeIgniter.php(436): CodeIgniter\CodeIgniter->runController(Object(App\Controllers\Admin\Patient))
#7 /home/u140755111/domains/agbingmagbuhosdentalclinic.com/public_html/system/CodeIgniter.php(336): CodeIgniter\CodeIgniter->handleRequest(NULL, Object(Config\Cache), false)
#8 /home/u140755111/domains/agbingmagbuhosdentalclinic.com/public_html/public/index.php(37): CodeIgniter\CodeIgniter->run()
#9 {main}
CRITICAL - 2021-08-18 00:41:51 --> Undefined offset: 0
#0 /home/u140755111/domains/agbingmagbuhosdentalclinic.com/public_html/app/Views/admin/patient_info.php(6): CodeIgniter\Debug\Exceptions->errorHandler(8, 'Undefined offse...', '/home/u14075511...', 6, Array)
#1 /home/u140755111/domains/agbingmagbuhosdentalclinic.com/public_html/system/View/View.php(230): include('/home/u14075511...')
#2 /home/u140755111/domains/agbingmagbuhosdentalclinic.com/public_html/system/View/View.php(232): CodeIgniter\View\View->CodeIgniter\View\{closure}()
#3 /home/u140755111/domains/agbingmagbuhosdentalclinic.com/public_html/system/Common.php(1271): CodeIgniter\View\View->render('admin/patient_i...', Array, true)
#4 /home/u140755111/domains/agbingmagbuhosdentalclinic.com/public_html/app/Controllers/Admin/Patient.php(95): view('admin/patient_i...', Array)
#5 /home/u140755111/domains/agbingmagbuhosdentalclinic.com/public_html/system/CodeIgniter.php(928): App\Controllers\Admin\Patient->patient_info('sweetalert2.all...')
#6 /home/u140755111/domains/agbingmagbuhosdentalclinic.com/public_html/system/CodeIgniter.php(436): CodeIgniter\CodeIgniter->runController(Object(App\Controllers\Admin\Patient))
#7 /home/u140755111/domains/agbingmagbuhosdentalclinic.com/public_html/system/CodeIgniter.php(336): CodeIgniter\CodeIgniter->handleRequest(NULL, Object(Config\Cache), false)
#8 /home/u140755111/domains/agbingmagbuhosdentalclinic.com/public_html/public/index.php(37): CodeIgniter\CodeIgniter->run()
#9 {main}
CRITICAL - 2021-08-18 00:42:59 --> Undefined offset: 0
#0 /home/u140755111/domains/agbingmagbuhosdentalclinic.com/public_html/app/Views/admin/patient_info.php(6): CodeIgniter\Debug\Exceptions->errorHandler(8, 'Undefined offse...', '/home/u14075511...', 6, Array)
#1 /home/u140755111/domains/agbingmagbuhosdentalclinic.com/public_html/system/View/View.php(230): include('/home/u14075511...')
#2 /home/u140755111/domains/agbingmagbuhosdentalclinic.com/public_html/system/View/View.php(232): CodeIgniter\View\View->CodeIgniter\View\{closure}()
#3 /home/u140755111/domains/agbingmagbuhosdentalclinic.com/public_html/system/Common.php(1271): CodeIgniter\View\View->render('admin/patient_i...', Array, true)
#4 /home/u140755111/domains/agbingmagbuhosdentalclinic.com/public_html/app/Controllers/Admin/Patient.php(95): view('admin/patient_i...', Array)
#5 /home/u140755111/domains/agbingmagbuhosdentalclinic.com/public_html/system/CodeIgniter.php(928): App\Controllers\Admin\Patient->patient_info('sweetalert2.all...')
#6 /home/u140755111/domains/agbingmagbuhosdentalclinic.com/public_html/system/CodeIgniter.php(436): CodeIgniter\CodeIgniter->runController(Object(App\Controllers\Admin\Patient))
#7 /home/u140755111/domains/agbingmagbuhosdentalclinic.com/public_html/system/CodeIgniter.php(336): CodeIgniter\CodeIgniter->handleRequest(NULL, Object(Config\Cache), false)
#8 /home/u140755111/domains/agbingmagbuhosdentalclinic.com/public_html/public/index.php(37): CodeIgniter\CodeIgniter->run()
#9 {main}
CRITICAL - 2021-08-18 00:43:00 --> Undefined offset: 0
#0 /home/u140755111/domains/agbingmagbuhosdentalclinic.com/public_html/app/Views/admin/patient_info.php(6): CodeIgniter\Debug\Exceptions->errorHandler(8, 'Undefined offse...', '/home/u14075511...', 6, Array)
#1 /home/u140755111/domains/agbingmagbuhosdentalclinic.com/public_html/system/View/View.php(230): include('/home/u14075511...')
#2 /home/u140755111/domains/agbingmagbuhosdentalclinic.com/public_html/system/View/View.php(232): CodeIgniter\View\View->CodeIgniter\View\{closure}()
#3 /home/u140755111/domains/agbingmagbuhosdentalclinic.com/public_html/system/Common.php(1271): CodeIgniter\View\View->render('admin/patient_i...', Array, true)
#4 /home/u140755111/domains/agbingmagbuhosdentalclinic.com/public_html/app/Controllers/Admin/Patient.php(95): view('admin/patient_i...', Array)
#5 /home/u140755111/domains/agbingmagbuhosdentalclinic.com/public_html/system/CodeIgniter.php(928): App\Controllers\Admin\Patient->patient_info('sweetalert2.all...')
#6 /home/u140755111/domains/agbingmagbuhosdentalclinic.com/public_html/system/CodeIgniter.php(436): CodeIgniter\CodeIgniter->runController(Object(App\Controllers\Admin\Patient))
#7 /home/u140755111/domains/agbingmagbuhosdentalclinic.com/public_html/system/CodeIgniter.php(336): CodeIgniter\CodeIgniter->handleRequest(NULL, Object(Config\Cache), false)
#8 /home/u140755111/domains/agbingmagbuhosdentalclinic.com/public_html/public/index.php(37): CodeIgniter\CodeIgniter->run()
#9 {main}
CRITICAL - 2021-08-18 00:44:26 --> Undefined offset: 0
#0 /home/u140755111/domains/agbingmagbuhosdentalclinic.com/public_html/app/Views/admin/patient_info.php(6): CodeIgniter\Debug\Exceptions->errorHandler(8, 'Undefined offse...', '/home/u14075511...', 6, Array)
#1 /home/u140755111/domains/agbingmagbuhosdentalclinic.com/public_html/system/View/View.php(230): include('/home/u14075511...')
#2 /home/u140755111/domains/agbingmagbuhosdentalclinic.com/public_html/system/View/View.php(232): CodeIgniter\View\View->CodeIgniter\View\{closure}()
#3 /home/u140755111/domains/agbingmagbuhosdentalclinic.com/public_html/system/Common.php(1271): CodeIgniter\View\View->render('admin/patient_i...', Array, true)
#4 /home/u140755111/domains/agbingmagbuhosdentalclinic.com/public_html/app/Controllers/Admin/Patient.php(95): view('admin/patient_i...', Array)
#5 /home/u140755111/domains/agbingmagbuhosdentalclinic.com/public_html/system/CodeIgniter.php(928): App\Controllers\Admin\Patient->patient_info('sweetalert2.all...')
#6 /home/u140755111/domains/agbingmagbuhosdentalclinic.com/public_html/system/CodeIgniter.php(436): CodeIgniter\CodeIgniter->runController(Object(App\Controllers\Admin\Patient))
#7 /home/u140755111/domains/agbingmagbuhosdentalclinic.com/public_html/system/CodeIgniter.php(336): CodeIgniter\CodeIgniter->handleRequest(NULL, Object(Config\Cache), false)
#8 /home/u140755111/domains/agbingmagbuhosdentalclinic.com/public_html/public/index.php(37): CodeIgniter\CodeIgniter->run()
#9 {main}
CRITICAL - 2021-08-18 00:44:26 --> Undefined offset: 0
#0 /home/u140755111/domains/agbingmagbuhosdentalclinic.com/public_html/app/Views/admin/patient_info.php(6): CodeIgniter\Debug\Exceptions->errorHandler(8, 'Undefined offse...', '/home/u14075511...', 6, Array)
#1 /home/u140755111/domains/agbingmagbuhosdentalclinic.com/public_html/system/View/View.php(230): include('/home/u14075511...')
#2 /home/u140755111/domains/agbingmagbuhosdentalclinic.com/public_html/system/View/View.php(232): CodeIgniter\View\View->CodeIgniter\View\{closure}()
#3 /home/u140755111/domains/agbingmagbuhosdentalclinic.com/public_html/system/Common.php(1271): CodeIgniter\View\View->render('admin/patient_i...', Array, true)
#4 /home/u140755111/domains/agbingmagbuhosdentalclinic.com/public_html/app/Controllers/Admin/Patient.php(95): view('admin/patient_i...', Array)
#5 /home/u140755111/domains/agbingmagbuhosdentalclinic.com/public_html/system/CodeIgniter.php(928): App\Controllers\Admin\Patient->patient_info('sweetalert2.all...')
#6 /home/u140755111/domains/agbingmagbuhosdentalclinic.com/public_html/system/CodeIgniter.php(436): CodeIgniter\CodeIgniter->runController(Object(App\Controllers\Admin\Patient))
#7 /home/u140755111/domains/agbingmagbuhosdentalclinic.com/public_html/system/CodeIgniter.php(336): CodeIgniter\CodeIgniter->handleRequest(NULL, Object(Config\Cache), false)
#8 /home/u140755111/domains/agbingmagbuhosdentalclinic.com/public_html/public/index.php(37): CodeIgniter\CodeIgniter->run()
#9 {main}
CRITICAL - 2021-08-18 00:46:04 --> Undefined offset: 0
#0 /home/u140755111/domains/agbingmagbuhosdentalclinic.com/public_html/app/Views/admin/patient_info.php(6): CodeIgniter\Debug\Exceptions->errorHandler(8, 'Undefined offse...', '/home/u14075511...', 6, Array)
#1 /home/u140755111/domains/agbingmagbuhosdentalclinic.com/public_html/system/View/View.php(230): include('/home/u14075511...')
#2 /home/u140755111/domains/agbingmagbuhosdentalclinic.com/public_html/system/View/View.php(232): CodeIgniter\View\View->CodeIgniter\View\{closure}()
#3 /home/u140755111/domains/agbingmagbuhosdentalclinic.com/public_html/system/Common.php(1271): CodeIgniter\View\View->render('admin/patient_i...', Array, true)
#4 /home/u140755111/domains/agbingmagbuhosdentalclinic.com/public_html/app/Controllers/Admin/Patient.php(95): view('admin/patient_i...', Array)
#5 /home/u140755111/domains/agbingmagbuhosdentalclinic.com/public_html/system/CodeIgniter.php(928): App\Controllers\Admin\Patient->patient_info('sweetalert2.all...')
#6 /home/u140755111/domains/agbingmagbuhosdentalclinic.com/public_html/system/CodeIgniter.php(436): CodeIgniter\CodeIgniter->runController(Object(App\Controllers\Admin\Patient))
#7 /home/u140755111/domains/agbingmagbuhosdentalclinic.com/public_html/system/CodeIgniter.php(336): CodeIgniter\CodeIgniter->handleRequest(NULL, Object(Config\Cache), false)
#8 /home/u140755111/domains/agbingmagbuhosdentalclinic.com/public_html/public/index.php(37): CodeIgniter\CodeIgniter->run()
#9 {main}
CRITICAL - 2021-08-18 00:46:05 --> Undefined offset: 0
#0 /home/u140755111/domains/agbingmagbuhosdentalclinic.com/public_html/app/Views/admin/patient_info.php(6): CodeIgniter\Debug\Exceptions->errorHandler(8, 'Undefined offse...', '/home/u14075511...', 6, Array)
#1 /home/u140755111/domains/agbingmagbuhosdentalclinic.com/public_html/system/View/View.php(230): include('/home/u14075511...')
#2 /home/u140755111/domains/agbingmagbuhosdentalclinic.com/public_html/system/View/View.php(232): CodeIgniter\View\View->CodeIgniter\View\{closure}()
#3 /home/u140755111/domains/agbingmagbuhosdentalclinic.com/public_html/system/Common.php(1271): CodeIgniter\View\View->render('admin/patient_i...', Array, true)
#4 /home/u140755111/domains/agbingmagbuhosdentalclinic.com/public_html/app/Controllers/Admin/Patient.php(95): view('admin/patient_i...', Array)
#5 /home/u140755111/domains/agbingmagbuhosdentalclinic.com/public_html/system/CodeIgniter.php(928): App\Controllers\Admin\Patient->patient_info('sweetalert2.all...')
#6 /home/u140755111/domains/agbingmagbuhosdentalclinic.com/public_html/system/CodeIgniter.php(436): CodeIgniter\CodeIgniter->runController(Object(App\Controllers\Admin\Patient))
#7 /home/u140755111/domains/agbingmagbuhosdentalclinic.com/public_html/system/CodeIgniter.php(336): CodeIgniter\CodeIgniter->handleRequest(NULL, Object(Config\Cache), false)
#8 /home/u140755111/domains/agbingmagbuhosdentalclinic.com/public_html/public/index.php(37): CodeIgniter\CodeIgniter->run()
#9 {main}
CRITICAL - 2021-08-18 00:46:13 --> There is no data to update.
#0 /home/u140755111/domains/agbingmagbuhosdentalclinic.com/public_html/system/BaseModel.php(1668): CodeIgniter\Database\Exceptions\DataException::forEmptyDataset('update')
#1 /home/u140755111/domains/agbingmagbuhosdentalclinic.com/public_html/system/BaseModel.php(880): CodeIgniter\BaseModel->transformDataToArray(NULL, 'update')
#2 /home/u140755111/domains/agbingmagbuhosdentalclinic.com/public_html/system/Model.php(718): CodeIgniter\BaseModel->update(Array, NULL)
#3 /home/u140755111/domains/agbingmagbuhosdentalclinic.com/public_html/app/Controllers/Admin/Patient.php(110): CodeIgniter\Model->update(Array)
#4 /home/u140755111/domains/agbingmagbuhosdentalclinic.com/public_html/system/CodeIgniter.php(928): App\Controllers\Admin\Patient->upload_profile_pic()
#5 /home/u140755111/domains/agbingmagbuhosdentalclinic.com/public_html/system/CodeIgniter.php(436): CodeIgniter\CodeIgniter->runController(Object(App\Controllers\Admin\Patient))
#6 /home/u140755111/domains/agbingmagbuhosdentalclinic.com/public_html/system/CodeIgniter.php(336): CodeIgniter\CodeIgniter->handleRequest(NULL, Object(Config\Cache), false)
#7 /home/u140755111/domains/agbingmagbuhosdentalclinic.com/public_html/public/index.php(37): CodeIgniter\CodeIgniter->run()
#8 {main}
CRITICAL - 2021-08-18 00:46:29 --> There is no data to update.
#0 /home/u140755111/domains/agbingmagbuhosdentalclinic.com/public_html/system/BaseModel.php(1668): CodeIgniter\Database\Exceptions\DataException::forEmptyDataset('update')
#1 /home/u140755111/domains/agbingmagbuhosdentalclinic.com/public_html/system/BaseModel.php(880): CodeIgniter\BaseModel->transformDataToArray(NULL, 'update')
#2 /home/u140755111/domains/agbingmagbuhosdentalclinic.com/public_html/system/Model.php(718): CodeIgniter\BaseModel->update(Array, NULL)
#3 /home/u140755111/domains/agbingmagbuhosdentalclinic.com/public_html/app/Controllers/Admin/Patient.php(110): CodeIgniter\Model->update(Array)
#4 /home/u140755111/domains/agbingmagbuhosdentalclinic.com/public_html/system/CodeIgniter.php(928): App\Controllers\Admin\Patient->upload_profile_pic()
#5 /home/u140755111/domains/agbingmagbuhosdentalclinic.com/public_html/system/CodeIgniter.php(436): CodeIgniter\CodeIgniter->runController(Object(App\Controllers\Admin\Patient))
#6 /home/u140755111/domains/agbingmagbuhosdentalclinic.com/public_html/system/CodeIgniter.php(336): CodeIgniter\CodeIgniter->handleRequest(NULL, Object(Config\Cache), false)
#7 /home/u140755111/domains/agbingmagbuhosdentalclinic.com/public_html/public/index.php(37): CodeIgniter\CodeIgniter->run()
#8 {main}
CRITICAL - 2021-08-18 00:46:34 --> Undefined offset: 0
#0 /home/u140755111/domains/agbingmagbuhosdentalclinic.com/public_html/app/Views/admin/patient_info.php(6): CodeIgniter\Debug\Exceptions->errorHandler(8, 'Undefined offse...', '/home/u14075511...', 6, Array)
#1 /home/u140755111/domains/agbingmagbuhosdentalclinic.com/public_html/system/View/View.php(230): include('/home/u14075511...')
#2 /home/u140755111/domains/agbingmagbuhosdentalclinic.com/public_html/system/View/View.php(232): CodeIgniter\View\View->CodeIgniter\View\{closure}()
#3 /home/u140755111/domains/agbingmagbuhosdentalclinic.com/public_html/system/Common.php(1271): CodeIgniter\View\View->render('admin/patient_i...', Array, true)
#4 /home/u140755111/domains/agbingmagbuhosdentalclinic.com/public_html/app/Controllers/Admin/Patient.php(95): view('admin/patient_i...', Array)
#5 /home/u140755111/domains/agbingmagbuhosdentalclinic.com/public_html/system/CodeIgniter.php(928): App\Controllers\Admin\Patient->patient_info('sweetalert2.all...')
#6 /home/u140755111/domains/agbingmagbuhosdentalclinic.com/public_html/system/CodeIgniter.php(436): CodeIgniter\CodeIgniter->runController(Object(App\Controllers\Admin\Patient))
#7 /home/u140755111/domains/agbingmagbuhosdentalclinic.com/public_html/system/CodeIgniter.php(336): CodeIgniter\CodeIgniter->handleRequest(NULL, Object(Config\Cache), false)
#8 /home/u140755111/domains/agbingmagbuhosdentalclinic.com/public_html/public/index.php(37): CodeIgniter\CodeIgniter->run()
#9 {main}
CRITICAL - 2021-08-18 00:46:34 --> Undefined offset: 0
#0 /home/u140755111/domains/agbingmagbuhosdentalclinic.com/public_html/app/Views/admin/patient_info.php(6): CodeIgniter\Debug\Exceptions->errorHandler(8, 'Undefined offse...', '/home/u14075511...', 6, Array)
#1 /home/u140755111/domains/agbingmagbuhosdentalclinic.com/public_html/system/View/View.php(230): include('/home/u14075511...')
#2 /home/u140755111/domains/agbingmagbuhosdentalclinic.com/public_html/system/View/View.php(232): CodeIgniter\View\View->CodeIgniter\View\{closure}()
#3 /home/u140755111/domains/agbingmagbuhosdentalclinic.com/public_html/system/Common.php(1271): CodeIgniter\View\View->render('admin/patient_i...', Array, true)
#4 /home/u140755111/domains/agbingmagbuhosdentalclinic.com/public_html/app/Controllers/Admin/Patient.php(95): view('admin/patient_i...', Array)
#5 /home/u140755111/domains/agbingmagbuhosdentalclinic.com/public_html/system/CodeIgniter.php(928): App\Controllers\Admin\Patient->patient_info('sweetalert2.all...')
#6 /home/u140755111/domains/agbingmagbuhosdentalclinic.com/public_html/system/CodeIgniter.php(436): CodeIgniter\CodeIgniter->runController(Object(App\Controllers\Admin\Patient))
#7 /home/u140755111/domains/agbingmagbuhosdentalclinic.com/public_html/system/CodeIgniter.php(336): CodeIgniter\CodeIgniter->handleRequest(NULL, Object(Config\Cache), false)
#8 /home/u140755111/domains/agbingmagbuhosdentalclinic.com/public_html/public/index.php(37): CodeIgniter\CodeIgniter->run()
#9 {main}
CRITICAL - 2021-08-18 00:47:27 --> Undefined offset: 0
#0 /home/u140755111/domains/agbingmagbuhosdentalclinic.com/public_html/app/Views/admin/patient_info.php(6): CodeIgniter\Debug\Exceptions->errorHandler(8, 'Undefined offse...', '/home/u14075511...', 6, Array)
#1 /home/u140755111/domains/agbingmagbuhosdentalclinic.com/public_html/system/View/View.php(230): include('/home/u14075511...')
#2 /home/u140755111/domains/agbingmagbuhosdentalclinic.com/public_html/system/View/View.php(232): CodeIgniter\View\View->CodeIgniter\View\{closure}()
#3 /home/u140755111/domains/agbingmagbuhosdentalclinic.com/public_html/system/Common.php(1271): CodeIgniter\View\View->render('admin/patient_i...', Array, true)
#4 /home/u140755111/domains/agbingmagbuhosdentalclinic.com/public_html/app/Controllers/Admin/Patient.php(95): view('admin/patient_i...', Array)
#5 /home/u140755111/domains/agbingmagbuhosdentalclinic.com/public_html/system/CodeIgniter.php(928): App\Controllers\Admin\Patient->patient_info('sweetalert2.all...')
#6 /home/u140755111/domains/agbingmagbuhosdentalclinic.com/public_html/system/CodeIgniter.php(436): CodeIgniter\CodeIgniter->runController(Object(App\Controllers\Admin\Patient))
#7 /home/u140755111/domains/agbingmagbuhosdentalclinic.com/public_html/system/CodeIgniter.php(336): CodeIgniter\CodeIgniter->handleRequest(NULL, Object(Config\Cache), false)
#8 /home/u140755111/domains/agbingmagbuhosdentalclinic.com/public_html/public/index.php(37): CodeIgniter\CodeIgniter->run()
#9 {main}
CRITICAL - 2021-08-18 00:47:28 --> Undefined offset: 0
#0 /home/u140755111/domains/agbingmagbuhosdentalclinic.com/public_html/app/Views/admin/patient_info.php(6): CodeIgniter\Debug\Exceptions->errorHandler(8, 'Undefined offse...', '/home/u14075511...', 6, Array)
#1 /home/u140755111/domains/agbingmagbuhosdentalclinic.com/public_html/system/View/View.php(230): include('/home/u14075511...')
#2 /home/u140755111/domains/agbingmagbuhosdentalclinic.com/public_html/system/View/View.php(232): CodeIgniter\View\View->CodeIgniter\View\{closure}()
#3 /home/u140755111/domains/agbingmagbuhosdentalclinic.com/public_html/system/Common.php(1271): CodeIgniter\View\View->render('admin/patient_i...', Array, true)
#4 /home/u140755111/domains/agbingmagbuhosdentalclinic.com/public_html/app/Controllers/Admin/Patient.php(95): view('admin/patient_i...', Array)
#5 /home/u140755111/domains/agbingmagbuhosdentalclinic.com/public_html/system/CodeIgniter.php(928): App\Controllers\Admin\Patient->patient_info('sweetalert2.all...')
#6 /home/u140755111/domains/agbingmagbuhosdentalclinic.com/public_html/system/CodeIgniter.php(436): CodeIgniter\CodeIgniter->runController(Object(App\Controllers\Admin\Patient))
#7 /home/u140755111/domains/agbingmagbuhosdentalclinic.com/public_html/system/CodeIgniter.php(336): CodeIgniter\CodeIgniter->handleRequest(NULL, Object(Config\Cache), false)
#8 /home/u140755111/domains/agbingmagbuhosdentalclinic.com/public_html/public/index.php(37): CodeIgniter\CodeIgniter->run()
#9 {main}
CRITICAL - 2021-08-18 00:47:32 --> There is no data to update.
#0 /home/u140755111/domains/agbingmagbuhosdentalclinic.com/public_html/system/BaseModel.php(1668): CodeIgniter\Database\Exceptions\DataException::forEmptyDataset('update')
#1 /home/u140755111/domains/agbingmagbuhosdentalclinic.com/public_html/system/BaseModel.php(880): CodeIgniter\BaseModel->transformDataToArray(NULL, 'update')
#2 /home/u140755111/domains/agbingmagbuhosdentalclinic.com/public_html/system/Model.php(718): CodeIgniter\BaseModel->update(Array, NULL)
#3 /home/u140755111/domains/agbingmagbuhosdentalclinic.com/public_html/app/Controllers/Admin/Patient.php(110): CodeIgniter\Model->update(Array)
#4 /home/u140755111/domains/agbingmagbuhosdentalclinic.com/public_html/system/CodeIgniter.php(928): App\Controllers\Admin\Patient->upload_profile_pic()
#5 /home/u140755111/domains/agbingmagbuhosdentalclinic.com/public_html/system/CodeIgniter.php(436): CodeIgniter\CodeIgniter->runController(Object(App\Controllers\Admin\Patient))
#6 /home/u140755111/domains/agbingmagbuhosdentalclinic.com/public_html/system/CodeIgniter.php(336): CodeIgniter\CodeIgniter->handleRequest(NULL, Object(Config\Cache), false)
#7 /home/u140755111/domains/agbingmagbuhosdentalclinic.com/public_html/public/index.php(37): CodeIgniter\CodeIgniter->run()
#8 {main}
CRITICAL - 2021-08-18 00:54:46 --> Undefined offset: 0
#0 /home/u140755111/domains/agbingmagbuhosdentalclinic.com/public_html/app/Views/admin/patient_info.php(6): CodeIgniter\Debug\Exceptions->errorHandler(8, 'Undefined offse...', '/home/u14075511...', 6, Array)
#1 /home/u140755111/domains/agbingmagbuhosdentalclinic.com/public_html/system/View/View.php(230): include('/home/u14075511...')
#2 /home/u140755111/domains/agbingmagbuhosdentalclinic.com/public_html/system/View/View.php(232): CodeIgniter\View\View->CodeIgniter\View\{closure}()
#3 /home/u140755111/domains/agbingmagbuhosdentalclinic.com/public_html/system/Common.php(1271): CodeIgniter\View\View->render('admin/patient_i...', Array, true)
#4 /home/u140755111/domains/agbingmagbuhosdentalclinic.com/public_html/app/Controllers/Admin/Patient.php(95): view('admin/patient_i...', Array)
#5 /home/u140755111/domains/agbingmagbuhosdentalclinic.com/public_html/system/CodeIgniter.php(928): App\Controllers\Admin\Patient->patient_info('sweetalert2.all...')
#6 /home/u140755111/domains/agbingmagbuhosdentalclinic.com/public_html/system/CodeIgniter.php(436): CodeIgniter\CodeIgniter->runController(Object(App\Controllers\Admin\Patient))
#7 /home/u140755111/domains/agbingmagbuhosdentalclinic.com/public_html/system/CodeIgniter.php(336): CodeIgniter\CodeIgniter->handleRequest(NULL, Object(Config\Cache), false)
#8 /home/u140755111/domains/agbingmagbuhosdentalclinic.com/public_html/public/index.php(37): CodeIgniter\CodeIgniter->run()
#9 {main}
CRITICAL - 2021-08-18 00:54:46 --> Undefined offset: 0
#0 /home/u140755111/domains/agbingmagbuhosdentalclinic.com/public_html/app/Views/admin/patient_info.php(6): CodeIgniter\Debug\Exceptions->errorHandler(8, 'Undefined offse...', '/home/u14075511...', 6, Array)
#1 /home/u140755111/domains/agbingmagbuhosdentalclinic.com/public_html/system/View/View.php(230): include('/home/u14075511...')
#2 /home/u140755111/domains/agbingmagbuhosdentalclinic.com/public_html/system/View/View.php(232): CodeIgniter\View\View->CodeIgniter\View\{closure}()
#3 /home/u140755111/domains/agbingmagbuhosdentalclinic.com/public_html/system/Common.php(1271): CodeIgniter\View\View->render('admin/patient_i...', Array, true)
#4 /home/u140755111/domains/agbingmagbuhosdentalclinic.com/public_html/app/Controllers/Admin/Patient.php(95): view('admin/patient_i...', Array)
#5 /home/u140755111/domains/agbingmagbuhosdentalclinic.com/public_html/system/CodeIgniter.php(928): App\Controllers\Admin\Patient->patient_info('sweetalert2.all...')
#6 /home/u140755111/domains/agbingmagbuhosdentalclinic.com/public_html/system/CodeIgniter.php(436): CodeIgniter\CodeIgniter->runController(Object(App\Controllers\Admin\Patient))
#7 /home/u140755111/domains/agbingmagbuhosdentalclinic.com/public_html/system/CodeIgniter.php(336): CodeIgniter\CodeIgniter->handleRequest(NULL, Object(Config\Cache), false)
#8 /home/u140755111/domains/agbingmagbuhosdentalclinic.com/public_html/public/index.php(37): CodeIgniter\CodeIgniter->run()
#9 {main}
CRITICAL - 2021-08-18 00:58:28 --> There is no data to update.
#0 /home/u140755111/domains/agbingmagbuhosdentalclinic.com/public_html/system/BaseModel.php(1668): CodeIgniter\Database\Exceptions\DataException::forEmptyDataset('update')
#1 /home/u140755111/domains/agbingmagbuhosdentalclinic.com/public_html/system/BaseModel.php(880): CodeIgniter\BaseModel->transformDataToArray(NULL, 'update')
#2 /home/u140755111/domains/agbingmagbuhosdentalclinic.com/public_html/system/Model.php(718): CodeIgniter\BaseModel->update(Array, NULL)
#3 /home/u140755111/domains/agbingmagbuhosdentalclinic.com/public_html/app/Controllers/Admin/Patient.php(110): CodeIgniter\Model->update(Array)
#4 /home/u140755111/domains/agbingmagbuhosdentalclinic.com/public_html/system/CodeIgniter.php(928): App\Controllers\Admin\Patient->upload_profile_pic()
#5 /home/u140755111/domains/agbingmagbuhosdentalclinic.com/public_html/system/CodeIgniter.php(436): CodeIgniter\CodeIgniter->runController(Object(App\Controllers\Admin\Patient))
#6 /home/u140755111/domains/agbingmagbuhosdentalclinic.com/public_html/system/CodeIgniter.php(336): CodeIgniter\CodeIgniter->handleRequest(NULL, Object(Config\Cache), false)
#7 /home/u140755111/domains/agbingmagbuhosdentalclinic.com/public_html/public/index.php(37): CodeIgniter\CodeIgniter->run()
#8 {main}
CRITICAL - 2021-08-18 00:59:45 --> Call to a member function isValid() on null
#0 /home/u140755111/domains/agbingmagbuhosdentalclinic.com/public_html/system/CodeIgniter.php(928): App\Controllers\Admin\Patient->upload_profile_pic()
#1 /home/u140755111/domains/agbingmagbuhosdentalclinic.com/public_html/system/CodeIgniter.php(436): CodeIgniter\CodeIgniter->runController(Object(App\Controllers\Admin\Patient))
#2 /home/u140755111/domains/agbingmagbuhosdentalclinic.com/public_html/system/CodeIgniter.php(336): CodeIgniter\CodeIgniter->handleRequest(NULL, Object(Config\Cache), false)
#3 /home/u140755111/domains/agbingmagbuhosdentalclinic.com/public_html/public/index.php(37): CodeIgniter\CodeIgniter->run()
#4 {main}
CRITICAL - 2021-08-18 00:59:47 --> Call to a member function isValid() on null
#0 /home/u140755111/domains/agbingmagbuhosdentalclinic.com/public_html/system/CodeIgniter.php(928): App\Controllers\Admin\Patient->upload_profile_pic()
#1 /home/u140755111/domains/agbingmagbuhosdentalclinic.com/public_html/system/CodeIgniter.php(436): CodeIgniter\CodeIgniter->runController(Object(App\Controllers\Admin\Patient))
#2 /home/u140755111/domains/agbingmagbuhosdentalclinic.com/public_html/system/CodeIgniter.php(336): CodeIgniter\CodeIgniter->handleRequest(NULL, Object(Config\Cache), false)
#3 /home/u140755111/domains/agbingmagbuhosdentalclinic.com/public_html/public/index.php(37): CodeIgniter\CodeIgniter->run()
#4 {main}
CRITICAL - 2021-08-18 01:05:18 --> Undefined offset: 0
#0 /home/u140755111/domains/agbingmagbuhosdentalclinic.com/public_html/app/Views/admin/patient_info.php(6): CodeIgniter\Debug\Exceptions->errorHandler(8, 'Undefined offse...', '/home/u14075511...', 6, Array)
#1 /home/u140755111/domains/agbingmagbuhosdentalclinic.com/public_html/system/View/View.php(230): include('/home/u14075511...')
#2 /home/u140755111/domains/agbingmagbuhosdentalclinic.com/public_html/system/View/View.php(232): CodeIgniter\View\View->CodeIgniter\View\{closure}()
#3 /home/u140755111/domains/agbingmagbuhosdentalclinic.com/public_html/system/Common.php(1271): CodeIgniter\View\View->render('admin/patient_i...', Array, true)
#4 /home/u140755111/domains/agbingmagbuhosdentalclinic.com/public_html/app/Controllers/Admin/Patient.php(95): view('admin/patient_i...', Array)
#5 /home/u140755111/domains/agbingmagbuhosdentalclinic.com/public_html/system/CodeIgniter.php(928): App\Controllers\Admin\Patient->patient_info('sweetalert2.all...')
#6 /home/u140755111/domains/agbingmagbuhosdentalclinic.com/public_html/system/CodeIgniter.php(436): CodeIgniter\CodeIgniter->runController(Object(App\Controllers\Admin\Patient))
#7 /home/u140755111/domains/agbingmagbuhosdentalclinic.com/public_html/system/CodeIgniter.php(336): CodeIgniter\CodeIgniter->handleRequest(NULL, Object(Config\Cache), false)
#8 /home/u140755111/domains/agbingmagbuhosdentalclinic.com/public_html/public/index.php(37): CodeIgniter\CodeIgniter->run()
#9 {main}
CRITICAL - 2021-08-18 01:05:23 --> There is no data to update.
#0 /home/u140755111/domains/agbingmagbuhosdentalclinic.com/public_html/system/BaseModel.php(1668): CodeIgniter\Database\Exceptions\DataException::forEmptyDataset('update')
#1 /home/u140755111/domains/agbingmagbuhosdentalclinic.com/public_html/system/BaseModel.php(880): CodeIgniter\BaseModel->transformDataToArray(NULL, 'update')
#2 /home/u140755111/domains/agbingmagbuhosdentalclinic.com/public_html/system/Model.php(718): CodeIgniter\BaseModel->update(Array, NULL)
#3 /home/u140755111/domains/agbingmagbuhosdentalclinic.com/public_html/app/Controllers/Admin/Patient.php(110): CodeIgniter\Model->update(Array)
#4 /home/u140755111/domains/agbingmagbuhosdentalclinic.com/public_html/system/CodeIgniter.php(928): App\Controllers\Admin\Patient->upload_profile_pic()
#5 /home/u140755111/domains/agbingmagbuhosdentalclinic.com/public_html/system/CodeIgniter.php(436): CodeIgniter\CodeIgniter->runController(Object(App\Controllers\Admin\Patient))
#6 /home/u140755111/domains/agbingmagbuhosdentalclinic.com/public_html/system/CodeIgniter.php(336): CodeIgniter\CodeIgniter->handleRequest(NULL, Object(Config\Cache), false)
#7 /home/u140755111/domains/agbingmagbuhosdentalclinic.com/public_html/public/index.php(37): CodeIgniter\CodeIgniter->run()
#8 {main}
CRITICAL - 2021-08-18 01:06:21 --> Undefined offset: 0
#0 /home/u140755111/domains/agbingmagbuhosdentalclinic.com/public_html/app/Views/admin/patient_info.php(6): CodeIgniter\Debug\Exceptions->errorHandler(8, 'Undefined offse...', '/home/u14075511...', 6, Array)
#1 /home/u140755111/domains/agbingmagbuhosdentalclinic.com/public_html/system/View/View.php(230): include('/home/u14075511...')
#2 /home/u140755111/domains/agbingmagbuhosdentalclinic.com/public_html/system/View/View.php(232): CodeIgniter\View\View->CodeIgniter\View\{closure}()
#3 /home/u140755111/domains/agbingmagbuhosdentalclinic.com/public_html/system/Common.php(1271): CodeIgniter\View\View->render('admin/patient_i...', Array, true)
#4 /home/u140755111/domains/agbingmagbuhosdentalclinic.com/public_html/app/Controllers/Admin/Patient.php(95): view('admin/patient_i...', Array)
#5 /home/u140755111/domains/agbingmagbuhosdentalclinic.com/public_html/system/CodeIgniter.php(928): App\Controllers\Admin\Patient->patient_info('sweetalert2.all...')
#6 /home/u140755111/domains/agbingmagbuhosdentalclinic.com/public_html/system/CodeIgniter.php(436): CodeIgniter\CodeIgniter->runController(Object(App\Controllers\Admin\Patient))
#7 /home/u140755111/domains/agbingmagbuhosdentalclinic.com/public_html/system/CodeIgniter.php(336): CodeIgniter\CodeIgniter->handleRequest(NULL, Object(Config\Cache), false)
#8 /home/u140755111/domains/agbingmagbuhosdentalclinic.com/public_html/public/index.php(37): CodeIgniter\CodeIgniter->run()
#9 {main}
CRITICAL - 2021-08-18 01:06:21 --> Undefined offset: 0
#0 /home/u140755111/domains/agbingmagbuhosdentalclinic.com/public_html/app/Views/admin/patient_info.php(6): CodeIgniter\Debug\Exceptions->errorHandler(8, 'Undefined offse...', '/home/u14075511...', 6, Array)
#1 /home/u140755111/domains/agbingmagbuhosdentalclinic.com/public_html/system/View/View.php(230): include('/home/u14075511...')
#2 /home/u140755111/domains/agbingmagbuhosdentalclinic.com/public_html/system/View/View.php(232): CodeIgniter\View\View->CodeIgniter\View\{closure}()
#3 /home/u140755111/domains/agbingmagbuhosdentalclinic.com/public_html/system/Common.php(1271): CodeIgniter\View\View->render('admin/patient_i...', Array, true)
#4 /home/u140755111/domains/agbingmagbuhosdentalclinic.com/public_html/app/Controllers/Admin/Patient.php(95): view('admin/patient_i...', Array)
#5 /home/u140755111/domains/agbingmagbuhosdentalclinic.com/public_html/system/CodeIgniter.php(928): App\Controllers\Admin\Patient->patient_info('sweetalert2.all...')
#6 /home/u140755111/domains/agbingmagbuhosdentalclinic.com/public_html/system/CodeIgniter.php(436): CodeIgniter\CodeIgniter->runController(Object(App\Controllers\Admin\Patient))
#7 /home/u140755111/domains/agbingmagbuhosdentalclinic.com/public_html/system/CodeIgniter.php(336): CodeIgniter\CodeIgniter->handleRequest(NULL, Object(Config\Cache), false)
#8 /home/u140755111/domains/agbingmagbuhosdentalclinic.com/public_html/public/index.php(37): CodeIgniter\CodeIgniter->run()
#9 {main}
CRITICAL - 2021-08-18 01:09:25 --> Undefined offset: 0
#0 /home/u140755111/domains/agbingmagbuhosdentalclinic.com/public_html/app/Views/admin/patient_info.php(6): CodeIgniter\Debug\Exceptions->errorHandler(8, 'Undefined offse...', '/home/u14075511...', 6, Array)
#1 /home/u140755111/domains/agbingmagbuhosdentalclinic.com/public_html/system/View/View.php(230): include('/home/u14075511...')
#2 /home/u140755111/domains/agbingmagbuhosdentalclinic.com/public_html/system/View/View.php(232): CodeIgniter\View\View->CodeIgniter\View\{closure}()
#3 /home/u140755111/domains/agbingmagbuhosdentalclinic.com/public_html/system/Common.php(1271): CodeIgniter\View\View->render('admin/patient_i...', Array, true)
#4 /home/u140755111/domains/agbingmagbuhosdentalclinic.com/public_html/app/Controllers/Admin/Patient.php(95): view('admin/patient_i...', Array)
#5 /home/u140755111/domains/agbingmagbuhosdentalclinic.com/public_html/system/CodeIgniter.php(928): App\Controllers\Admin\Patient->patient_info('sweetalert2.all...')
#6 /home/u140755111/domains/agbingmagbuhosdentalclinic.com/public_html/system/CodeIgniter.php(436): CodeIgniter\CodeIgniter->runController(Object(App\Controllers\Admin\Patient))
#7 /home/u140755111/domains/agbingmagbuhosdentalclinic.com/public_html/system/CodeIgniter.php(336): CodeIgniter\CodeIgniter->handleRequest(NULL, Object(Config\Cache), false)
#8 /home/u140755111/domains/agbingmagbuhosdentalclinic.com/public_html/public/index.php(37): CodeIgniter\CodeIgniter->run()
#9 {main}
CRITICAL - 2021-08-18 01:09:29 --> There is no data to update.
#0 /home/u140755111/domains/agbingmagbuhosdentalclinic.com/public_html/system/BaseModel.php(1668): CodeIgniter\Database\Exceptions\DataException::forEmptyDataset('update')
#1 /home/u140755111/domains/agbingmagbuhosdentalclinic.com/public_html/system/BaseModel.php(880): CodeIgniter\BaseModel->transformDataToArray(NULL, 'update')
#2 /home/u140755111/domains/agbingmagbuhosdentalclinic.com/public_html/system/Model.php(718): CodeIgniter\BaseModel->update(Array, NULL)
#3 /home/u140755111/domains/agbingmagbuhosdentalclinic.com/public_html/app/Controllers/Admin/Patient.php(110): CodeIgniter\Model->update(Array)
#4 /home/u140755111/domains/agbingmagbuhosdentalclinic.com/public_html/system/CodeIgniter.php(928): App\Controllers\Admin\Patient->upload_profile_pic()
#5 /home/u140755111/domains/agbingmagbuhosdentalclinic.com/public_html/system/CodeIgniter.php(436): CodeIgniter\CodeIgniter->runController(Object(App\Controllers\Admin\Patient))
#6 /home/u140755111/domains/agbingmagbuhosdentalclinic.com/public_html/system/CodeIgniter.php(336): CodeIgniter\CodeIgniter->handleRequest(NULL, Object(Config\Cache), false)
#7 /home/u140755111/domains/agbingmagbuhosdentalclinic.com/public_html/public/index.php(37): CodeIgniter\CodeIgniter->run()
#8 {main}
CRITICAL - 2021-08-18 01:10:52 --> Undefined offset: 0
#0 /home/u140755111/domains/agbingmagbuhosdentalclinic.com/public_html/app/Views/admin/patient_info.php(6): CodeIgniter\Debug\Exceptions->errorHandler(8, 'Undefined offse...', '/home/u14075511...', 6, Array)
#1 /home/u140755111/domains/agbingmagbuhosdentalclinic.com/public_html/system/View/View.php(230): include('/home/u14075511...')
#2 /home/u140755111/domains/agbingmagbuhosdentalclinic.com/public_html/system/View/View.php(232): CodeIgniter\View\View->CodeIgniter\View\{closure}()
#3 /home/u140755111/domains/agbingmagbuhosdentalclinic.com/public_html/system/Common.php(1271): CodeIgniter\View\View->render('admin/patient_i...', Array, true)
#4 /home/u140755111/domains/agbingmagbuhosdentalclinic.com/public_html/app/Controllers/Admin/Patient.php(95): view('admin/patient_i...', Array)
#5 /home/u140755111/domains/agbingmagbuhosdentalclinic.com/public_html/system/CodeIgniter.php(928): App\Controllers\Admin\Patient->patient_info('sweetalert2.all...')
#6 /home/u140755111/domains/agbingmagbuhosdentalclinic.com/public_html/system/CodeIgniter.php(436): CodeIgniter\CodeIgniter->runController(Object(App\Controllers\Admin\Patient))
#7 /home/u140755111/domains/agbingmagbuhosdentalclinic.com/public_html/system/CodeIgniter.php(336): CodeIgniter\CodeIgniter->handleRequest(NULL, Object(Config\Cache), false)
#8 /home/u140755111/domains/agbingmagbuhosdentalclinic.com/public_html/public/index.php(37): CodeIgniter\CodeIgniter->run()
#9 {main}
CRITICAL - 2021-08-18 01:11:14 --> Undefined offset: 0
#0 /home/u140755111/domains/agbingmagbuhosdentalclinic.com/public_html/app/Views/admin/patient_info.php(6): CodeIgniter\Debug\Exceptions->errorHandler(8, 'Undefined offse...', '/home/u14075511...', 6, Array)
#1 /home/u140755111/domains/agbingmagbuhosdentalclinic.com/public_html/system/View/View.php(230): include('/home/u14075511...')
#2 /home/u140755111/domains/agbingmagbuhosdentalclinic.com/public_html/system/View/View.php(232): CodeIgniter\View\View->CodeIgniter\View\{closure}()
#3 /home/u140755111/domains/agbingmagbuhosdentalclinic.com/public_html/system/Common.php(1271): CodeIgniter\View\View->render('admin/patient_i...', Array, true)
#4 /home/u140755111/domains/agbingmagbuhosdentalclinic.com/public_html/app/Controllers/Admin/Patient.php(95): view('admin/patient_i...', Array)
#5 /home/u140755111/domains/agbingmagbuhosdentalclinic.com/public_html/system/CodeIgniter.php(928): App\Controllers\Admin\Patient->patient_info('sweetalert2.all...')
#6 /home/u140755111/domains/agbingmagbuhosdentalclinic.com/public_html/system/CodeIgniter.php(436): CodeIgniter\CodeIgniter->runController(Object(App\Controllers\Admin\Patient))
#7 /home/u140755111/domains/agbingmagbuhosdentalclinic.com/public_html/system/CodeIgniter.php(336): CodeIgniter\CodeIgniter->handleRequest(NULL, Object(Config\Cache), false)
#8 /home/u140755111/domains/agbingmagbuhosdentalclinic.com/public_html/public/index.php(37): CodeIgniter\CodeIgniter->run()
#9 {main}
CRITICAL - 2021-08-18 01:15:12 --> Undefined offset: 0
#0 /home/u140755111/domains/agbingmagbuhosdentalclinic.com/public_html/app/Views/admin/patient_info.php(6): CodeIgniter\Debug\Exceptions->errorHandler(8, 'Undefined offse...', '/home/u14075511...', 6, Array)
#1 /home/u140755111/domains/agbingmagbuhosdentalclinic.com/public_html/system/View/View.php(230): include('/home/u14075511...')
#2 /home/u140755111/domains/agbingmagbuhosdentalclinic.com/public_html/system/View/View.php(232): CodeIgniter\View\View->CodeIgniter\View\{closure}()
#3 /home/u140755111/domains/agbingmagbuhosdentalclinic.com/public_html/system/Common.php(1271): CodeIgniter\View\View->render('admin/patient_i...', Array, true)
#4 /home/u140755111/domains/agbingmagbuhosdentalclinic.com/public_html/app/Controllers/Admin/Patient.php(95): view('admin/patient_i...', Array)
#5 /home/u140755111/domains/agbingmagbuhosdentalclinic.com/public_html/system/CodeIgniter.php(928): App\Controllers\Admin\Patient->patient_info('sweetalert2.all...')
#6 /home/u140755111/domains/agbingmagbuhosdentalclinic.com/public_html/system/CodeIgniter.php(436): CodeIgniter\CodeIgniter->runController(Object(App\Controllers\Admin\Patient))
#7 /home/u140755111/domains/agbingmagbuhosdentalclinic.com/public_html/system/CodeIgniter.php(336): CodeIgniter\CodeIgniter->handleRequest(NULL, Object(Config\Cache), false)
#8 /home/u140755111/domains/agbingmagbuhosdentalclinic.com/public_html/public/index.php(37): CodeIgniter\CodeIgniter->run()
#9 {main}
CRITICAL - 2021-08-18 01:16:12 --> Undefined offset: 0
#0 /home/u140755111/domains/agbingmagbuhosdentalclinic.com/public_html/app/Views/admin/patient_info.php(6): CodeIgniter\Debug\Exceptions->errorHandler(8, 'Undefined offse...', '/home/u14075511...', 6, Array)
#1 /home/u140755111/domains/agbingmagbuhosdentalclinic.com/public_html/system/View/View.php(230): include('/home/u14075511...')
#2 /home/u140755111/domains/agbingmagbuhosdentalclinic.com/public_html/system/View/View.php(232): CodeIgniter\View\View->CodeIgniter\View\{closure}()
#3 /home/u140755111/domains/agbingmagbuhosdentalclinic.com/public_html/system/Common.php(1271): CodeIgniter\View\View->render('admin/patient_i...', Array, true)
#4 /home/u140755111/domains/agbingmagbuhosdentalclinic.com/public_html/app/Controllers/Admin/Patient.php(95): view('admin/patient_i...', Array)
#5 /home/u140755111/domains/agbingmagbuhosdentalclinic.com/public_html/system/CodeIgniter.php(928): App\Controllers\Admin\Patient->patient_info('sweetalert2.all...')
#6 /home/u140755111/domains/agbingmagbuhosdentalclinic.com/public_html/system/CodeIgniter.php(436): CodeIgniter\CodeIgniter->runController(Object(App\Controllers\Admin\Patient))
#7 /home/u140755111/domains/agbingmagbuhosdentalclinic.com/public_html/system/CodeIgniter.php(336): CodeIgniter\CodeIgniter->handleRequest(NULL, Object(Config\Cache), false)
#8 /home/u140755111/domains/agbingmagbuhosdentalclinic.com/public_html/public/index.php(37): CodeIgniter\CodeIgniter->run()
#9 {main}
CRITICAL - 2021-08-18 01:17:01 --> Undefined offset: 0
#0 /home/u140755111/domains/agbingmagbuhosdentalclinic.com/public_html/app/Views/admin/patient_info.php(6): CodeIgniter\Debug\Exceptions->errorHandler(8, 'Undefined offse...', '/home/u14075511...', 6, Array)
#1 /home/u140755111/domains/agbingmagbuhosdentalclinic.com/public_html/system/View/View.php(230): include('/home/u14075511...')
#2 /home/u140755111/domains/agbingmagbuhosdentalclinic.com/public_html/system/View/View.php(232): CodeIgniter\View\View->CodeIgniter\View\{closure}()
#3 /home/u140755111/domains/agbingmagbuhosdentalclinic.com/public_html/system/Common.php(1271): CodeIgniter\View\View->render('admin/patient_i...', Array, true)
#4 /home/u140755111/domains/agbingmagbuhosdentalclinic.com/public_html/app/Controllers/Admin/Patient.php(95): view('admin/patient_i...', Array)
#5 /home/u140755111/domains/agbingmagbuhosdentalclinic.com/public_html/system/CodeIgniter.php(928): App\Controllers\Admin\Patient->patient_info('sweetalert2.all...')
#6 /home/u140755111/domains/agbingmagbuhosdentalclinic.com/public_html/system/CodeIgniter.php(436): CodeIgniter\CodeIgniter->runController(Object(App\Controllers\Admin\Patient))
#7 /home/u140755111/domains/agbingmagbuhosdentalclinic.com/public_html/system/CodeIgniter.php(336): CodeIgniter\CodeIgniter->handleRequest(NULL, Object(Config\Cache), false)
#8 /home/u140755111/domains/agbingmagbuhosdentalclinic.com/public_html/public/index.php(37): CodeIgniter\CodeIgniter->run()
#9 {main}
CRITICAL - 2021-08-18 01:17:11 --> Undefined offset: 0
#0 /home/u140755111/domains/agbingmagbuhosdentalclinic.com/public_html/app/Views/admin/patient_info.php(6): CodeIgniter\Debug\Exceptions->errorHandler(8, 'Undefined offse...', '/home/u14075511...', 6, Array)
#1 /home/u140755111/domains/agbingmagbuhosdentalclinic.com/public_html/system/View/View.php(230): include('/home/u14075511...')
#2 /home/u140755111/domains/agbingmagbuhosdentalclinic.com/public_html/system/View/View.php(232): CodeIgniter\View\View->CodeIgniter\View\{closure}()
#3 /home/u140755111/domains/agbingmagbuhosdentalclinic.com/public_html/system/Common.php(1271): CodeIgniter\View\View->render('admin/patient_i...', Array, true)
#4 /home/u140755111/domains/agbingmagbuhosdentalclinic.com/public_html/app/Controllers/Admin/Patient.php(95): view('admin/patient_i...', Array)
#5 /home/u140755111/domains/agbingmagbuhosdentalclinic.com/public_html/system/CodeIgniter.php(928): App\Controllers\Admin\Patient->patient_info('sweetalert2.all...')
#6 /home/u140755111/domains/agbingmagbuhosdentalclinic.com/public_html/system/CodeIgniter.php(436): CodeIgniter\CodeIgniter->runController(Object(App\Controllers\Admin\Patient))
#7 /home/u140755111/domains/agbingmagbuhosdentalclinic.com/public_html/system/CodeIgniter.php(336): CodeIgniter\CodeIgniter->handleRequest(NULL, Object(Config\Cache), false)
#8 /home/u140755111/domains/agbingmagbuhosdentalclinic.com/public_html/public/index.php(37): CodeIgniter\CodeIgniter->run()
#9 {main}
CRITICAL - 2021-08-18 01:17:19 --> Undefined offset: 0
#0 /home/u140755111/domains/agbingmagbuhosdentalclinic.com/public_html/app/Views/admin/patient_info.php(6): CodeIgniter\Debug\Exceptions->errorHandler(8, 'Undefined offse...', '/home/u14075511...', 6, Array)
#1 /home/u140755111/domains/agbingmagbuhosdentalclinic.com/public_html/system/View/View.php(230): include('/home/u14075511...')
#2 /home/u140755111/domains/agbingmagbuhosdentalclinic.com/public_html/system/View/View.php(232): CodeIgniter\View\View->CodeIgniter\View\{closure}()
#3 /home/u140755111/domains/agbingmagbuhosdentalclinic.com/public_html/system/Common.php(1271): CodeIgniter\View\View->render('admin/patient_i...', Array, true)
#4 /home/u140755111/domains/agbingmagbuhosdentalclinic.com/public_html/app/Controllers/Admin/Patient.php(95): view('admin/patient_i...', Array)
#5 /home/u140755111/domains/agbingmagbuhosdentalclinic.com/public_html/system/CodeIgniter.php(928): App\Controllers\Admin\Patient->patient_info('sweetalert2.all...')
#6 /home/u140755111/domains/agbingmagbuhosdentalclinic.com/public_html/system/CodeIgniter.php(436): CodeIgniter\CodeIgniter->runController(Object(App\Controllers\Admin\Patient))
#7 /home/u140755111/domains/agbingmagbuhosdentalclinic.com/public_html/system/CodeIgniter.php(336): CodeIgniter\CodeIgniter->handleRequest(NULL, Object(Config\Cache), false)
#8 /home/u140755111/domains/agbingmagbuhosdentalclinic.com/public_html/public/index.php(37): CodeIgniter\CodeIgniter->run()
#9 {main}
CRITICAL - 2021-08-18 01:17:36 --> Undefined offset: 0
#0 /home/u140755111/domains/agbingmagbuhosdentalclinic.com/public_html/app/Views/admin/patient_info.php(6): CodeIgniter\Debug\Exceptions->errorHandler(8, 'Undefined offse...', '/home/u14075511...', 6, Array)
#1 /home/u140755111/domains/agbingmagbuhosdentalclinic.com/public_html/system/View/View.php(230): include('/home/u14075511...')
#2 /home/u140755111/domains/agbingmagbuhosdentalclinic.com/public_html/system/View/View.php(232): CodeIgniter\View\View->CodeIgniter\View\{closure}()
#3 /home/u140755111/domains/agbingmagbuhosdentalclinic.com/public_html/system/Common.php(1271): CodeIgniter\View\View->render('admin/patient_i...', Array, true)
#4 /home/u140755111/domains/agbingmagbuhosdentalclinic.com/public_html/app/Controllers/Admin/Patient.php(95): view('admin/patient_i...', Array)
#5 /home/u140755111/domains/agbingmagbuhosdentalclinic.com/public_html/system/CodeIgniter.php(928): App\Controllers\Admin\Patient->patient_info('sweetalert2.all...')
#6 /home/u140755111/domains/agbingmagbuhosdentalclinic.com/public_html/system/CodeIgniter.php(436): CodeIgniter\CodeIgniter->runController(Object(App\Controllers\Admin\Patient))
#7 /home/u140755111/domains/agbingmagbuhosdentalclinic.com/public_html/system/CodeIgniter.php(336): CodeIgniter\CodeIgniter->handleRequest(NULL, Object(Config\Cache), false)
#8 /home/u140755111/domains/agbingmagbuhosdentalclinic.com/public_html/public/index.php(37): CodeIgniter\CodeIgniter->run()
#9 {main}
CRITICAL - 2021-08-18 01:19:53 --> Undefined offset: 0
#0 /home/u140755111/domains/agbingmagbuhosdentalclinic.com/public_html/app/Views/admin/patient_info.php(6): CodeIgniter\Debug\Exceptions->errorHandler(8, 'Undefined offse...', '/home/u14075511...', 6, Array)
#1 /home/u140755111/domains/agbingmagbuhosdentalclinic.com/public_html/system/View/View.php(230): include('/home/u14075511...')
#2 /home/u140755111/domains/agbingmagbuhosdentalclinic.com/public_html/system/View/View.php(232): CodeIgniter\View\View->CodeIgniter\View\{closure}()
#3 /home/u140755111/domains/agbingmagbuhosdentalclinic.com/public_html/system/Common.php(1271): CodeIgniter\View\View->render('admin/patient_i...', Array, true)
#4 /home/u140755111/domains/agbingmagbuhosdentalclinic.com/public_html/app/Controllers/Admin/Patient.php(95): view('admin/patient_i...', Array)
#5 /home/u140755111/domains/agbingmagbuhosdentalclinic.com/public_html/system/CodeIgniter.php(928): App\Controllers\Admin\Patient->patient_info('sweetalert2.all...')
#6 /home/u140755111/domains/agbingmagbuhosdentalclinic.com/public_html/system/CodeIgniter.php(436): CodeIgniter\CodeIgniter->runController(Object(App\Controllers\Admin\Patient))
#7 /home/u140755111/domains/agbingmagbuhosdentalclinic.com/public_html/system/CodeIgniter.php(336): CodeIgniter\CodeIgniter->handleRequest(NULL, Object(Config\Cache), false)
#8 /home/u140755111/domains/agbingmagbuhosdentalclinic.com/public_html/public/index.php(37): CodeIgniter\CodeIgniter->run()
#9 {main}
CRITICAL - 2021-08-18 01:26:10 --> Undefined offset: 0
#0 /home/u140755111/domains/agbingmagbuhosdentalclinic.com/public_html/app/Views/admin/patient_info.php(6): CodeIgniter\Debug\Exceptions->errorHandler(8, 'Undefined offse...', '/home/u14075511...', 6, Array)
#1 /home/u140755111/domains/agbingmagbuhosdentalclinic.com/public_html/system/View/View.php(230): include('/home/u14075511...')
#2 /home/u140755111/domains/agbingmagbuhosdentalclinic.com/public_html/system/View/View.php(232): CodeIgniter\View\View->CodeIgniter\View\{closure}()
#3 /home/u140755111/domains/agbingmagbuhosdentalclinic.com/public_html/system/Common.php(1271): CodeIgniter\View\View->render('admin/patient_i...', Array, true)
#4 /home/u140755111/domains/agbingmagbuhosdentalclinic.com/public_html/app/Controllers/Admin/Patient.php(95): view('admin/patient_i...', Array)
#5 /home/u140755111/domains/agbingmagbuhosdentalclinic.com/public_html/system/CodeIgniter.php(928): App\Controllers\Admin\Patient->patient_info('sweetalert2.all...')
#6 /home/u140755111/domains/agbingmagbuhosdentalclinic.com/public_html/system/CodeIgniter.php(436): CodeIgniter\CodeIgniter->runController(Object(App\Controllers\Admin\Patient))
#7 /home/u140755111/domains/agbingmagbuhosdentalclinic.com/public_html/system/CodeIgniter.php(336): CodeIgniter\CodeIgniter->handleRequest(NULL, Object(Config\Cache), false)
#8 /home/u140755111/domains/agbingmagbuhosdentalclinic.com/public_html/public/index.php(37): CodeIgniter\CodeIgniter->run()
#9 {main}
CRITICAL - 2021-08-18 01:26:10 --> Undefined offset: 0
#0 /home/u140755111/domains/agbingmagbuhosdentalclinic.com/public_html/app/Views/admin/patient_info.php(6): CodeIgniter\Debug\Exceptions->errorHandler(8, 'Undefined offse...', '/home/u14075511...', 6, Array)
#1 /home/u140755111/domains/agbingmagbuhosdentalclinic.com/public_html/system/View/View.php(230): include('/home/u14075511...')
#2 /home/u140755111/domains/agbingmagbuhosdentalclinic.com/public_html/system/View/View.php(232): CodeIgniter\View\View->CodeIgniter\View\{closure}()
#3 /home/u140755111/domains/agbingmagbuhosdentalclinic.com/public_html/system/Common.php(1271): CodeIgniter\View\View->render('admin/patient_i...', Array, true)
#4 /home/u140755111/domains/agbingmagbuhosdentalclinic.com/public_html/app/Controllers/Admin/Patient.php(95): view('admin/patient_i...', Array)
#5 /home/u140755111/domains/agbingmagbuhosdentalclinic.com/public_html/system/CodeIgniter.php(928): App\Controllers\Admin\Patient->patient_info('sweetalert2.all...')
#6 /home/u140755111/domains/agbingmagbuhosdentalclinic.com/public_html/system/CodeIgniter.php(436): CodeIgniter\CodeIgniter->runController(Object(App\Controllers\Admin\Patient))
#7 /home/u140755111/domains/agbingmagbuhosdentalclinic.com/public_html/system/CodeIgniter.php(336): CodeIgniter\CodeIgniter->handleRequest(NULL, Object(Config\Cache), false)
#8 /home/u140755111/domains/agbingmagbuhosdentalclinic.com/public_html/public/index.php(37): CodeIgniter\CodeIgniter->run()
#9 {main}
CRITICAL - 2021-08-18 01:26:23 --> Undefined offset: 0
#0 /home/u140755111/domains/agbingmagbuhosdentalclinic.com/public_html/app/Views/admin/patient_info.php(6): CodeIgniter\Debug\Exceptions->errorHandler(8, 'Undefined offse...', '/home/u14075511...', 6, Array)
#1 /home/u140755111/domains/agbingmagbuhosdentalclinic.com/public_html/system/View/View.php(230): include('/home/u14075511...')
#2 /home/u140755111/domains/agbingmagbuhosdentalclinic.com/public_html/system/View/View.php(232): CodeIgniter\View\View->CodeIgniter\View\{closure}()
#3 /home/u140755111/domains/agbingmagbuhosdentalclinic.com/public_html/system/Common.php(1271): CodeIgniter\View\View->render('admin/patient_i...', Array, true)
#4 /home/u140755111/domains/agbingmagbuhosdentalclinic.com/public_html/app/Controllers/Admin/Patient.php(95): view('admin/patient_i...', Array)
#5 /home/u140755111/domains/agbingmagbuhosdentalclinic.com/public_html/system/CodeIgniter.php(928): App\Controllers\Admin\Patient->patient_info('sweetalert2.all...')
#6 /home/u140755111/domains/agbingmagbuhosdentalclinic.com/public_html/system/CodeIgniter.php(436): CodeIgniter\CodeIgniter->runController(Object(App\Controllers\Admin\Patient))
#7 /home/u140755111/domains/agbingmagbuhosdentalclinic.com/public_html/system/CodeIgniter.php(336): CodeIgniter\CodeIgniter->handleRequest(NULL, Object(Config\Cache), false)
#8 /home/u140755111/domains/agbingmagbuhosdentalclinic.com/public_html/public/index.php(37): CodeIgniter\CodeIgniter->run()
#9 {main}
CRITICAL - 2021-08-18 01:26:31 --> Undefined offset: 0
#0 /home/u140755111/domains/agbingmagbuhosdentalclinic.com/public_html/app/Views/admin/patient_info.php(6): CodeIgniter\Debug\Exceptions->errorHandler(8, 'Undefined offse...', '/home/u14075511...', 6, Array)
#1 /home/u140755111/domains/agbingmagbuhosdentalclinic.com/public_html/system/View/View.php(230): include('/home/u14075511...')
#2 /home/u140755111/domains/agbingmagbuhosdentalclinic.com/public_html/system/View/View.php(232): CodeIgniter\View\View->CodeIgniter\View\{closure}()
#3 /home/u140755111/domains/agbingmagbuhosdentalclinic.com/public_html/system/Common.php(1271): CodeIgniter\View\View->render('admin/patient_i...', Array, true)
#4 /home/u140755111/domains/agbingmagbuhosdentalclinic.com/public_html/app/Controllers/Admin/Patient.php(95): view('admin/patient_i...', Array)
#5 /home/u140755111/domains/agbingmagbuhosdentalclinic.com/public_html/system/CodeIgniter.php(928): App\Controllers\Admin\Patient->patient_info('sweetalert2.all...')
#6 /home/u140755111/domains/agbingmagbuhosdentalclinic.com/public_html/system/CodeIgniter.php(436): CodeIgniter\CodeIgniter->runController(Object(App\Controllers\Admin\Patient))
#7 /home/u140755111/domains/agbingmagbuhosdentalclinic.com/public_html/system/CodeIgniter.php(336): CodeIgniter\CodeIgniter->handleRequest(NULL, Object(Config\Cache), false)
#8 /home/u140755111/domains/agbingmagbuhosdentalclinic.com/public_html/public/index.php(37): CodeIgniter\CodeIgniter->run()
#9 {main}
CRITICAL - 2021-08-18 09:19:10 --> Undefined offset: 0
#0 /home/u140755111/domains/agbingmagbuhosdentalclinic.com/public_html/app/Views/admin/patient_info.php(6): CodeIgniter\Debug\Exceptions->errorHandler(8, 'Undefined offse...', '/home/u14075511...', 6, Array)
#1 /home/u140755111/domains/agbingmagbuhosdentalclinic.com/public_html/system/View/View.php(230): include('/home/u14075511...')
#2 /home/u140755111/domains/agbingmagbuhosdentalclinic.com/public_html/system/View/View.php(232): CodeIgniter\View\View->CodeIgniter\View\{closure}()
#3 /home/u140755111/domains/agbingmagbuhosdentalclinic.com/public_html/system/Common.php(1271): CodeIgniter\View\View->render('admin/patient_i...', Array, true)
#4 /home/u140755111/domains/agbingmagbuhosdentalclinic.com/public_html/app/Controllers/Admin/Patient.php(95): view('admin/patient_i...', Array)
#5 /home/u140755111/domains/agbingmagbuhosdentalclinic.com/public_html/system/CodeIgniter.php(928): App\Controllers\Admin\Patient->patient_info('sweetalert2.all...')
#6 /home/u140755111/domains/agbingmagbuhosdentalclinic.com/public_html/system/CodeIgniter.php(436): CodeIgniter\CodeIgniter->runController(Object(App\Controllers\Admin\Patient))
#7 /home/u140755111/domains/agbingmagbuhosdentalclinic.com/public_html/system/CodeIgniter.php(336): CodeIgniter\CodeIgniter->handleRequest(NULL, Object(Config\Cache), false)
#8 /home/u140755111/domains/agbingmagbuhosdentalclinic.com/public_html/public/index.php(37): CodeIgniter\CodeIgniter->run()
#9 {main}
CRITICAL - 2021-08-18 09:19:27 --> Undefined offset: 0
#0 /home/u140755111/domains/agbingmagbuhosdentalclinic.com/public_html/app/Views/admin/patient_info.php(6): CodeIgniter\Debug\Exceptions->errorHandler(8, 'Undefined offse...', '/home/u14075511...', 6, Array)
#1 /home/u140755111/domains/agbingmagbuhosdentalclinic.com/public_html/system/View/View.php(230): include('/home/u14075511...')
#2 /home/u140755111/domains/agbingmagbuhosdentalclinic.com/public_html/system/View/View.php(232): CodeIgniter\View\View->CodeIgniter\View\{closure}()
#3 /home/u140755111/domains/agbingmagbuhosdentalclinic.com/public_html/system/Common.php(1271): CodeIgniter\View\View->render('admin/patient_i...', Array, true)
#4 /home/u140755111/domains/agbingmagbuhosdentalclinic.com/public_html/app/Controllers/Admin/Patient.php(95): view('admin/patient_i...', Array)
#5 /home/u140755111/domains/agbingmagbuhosdentalclinic.com/public_html/system/CodeIgniter.php(928): App\Controllers\Admin\Patient->patient_info('sweetalert2.all...')
#6 /home/u140755111/domains/agbingmagbuhosdentalclinic.com/public_html/system/CodeIgniter.php(436): CodeIgniter\CodeIgniter->runController(Object(App\Controllers\Admin\Patient))
#7 /home/u140755111/domains/agbingmagbuhosdentalclinic.com/public_html/system/CodeIgniter.php(336): CodeIgniter\CodeIgniter->handleRequest(NULL, Object(Config\Cache), false)
#8 /home/u140755111/domains/agbingmagbuhosdentalclinic.com/public_html/public/index.php(37): CodeIgniter\CodeIgniter->run()
#9 {main}
CRITICAL - 2021-08-18 10:44:30 --> Undefined offset: 0
#0 /home/u140755111/domains/agbingmagbuhosdentalclinic.com/public_html/app/Views/admin/patient_info.php(6): CodeIgniter\Debug\Exceptions->errorHandler(8, 'Undefined offse...', '/home/u14075511...', 6, Array)
#1 /home/u140755111/domains/agbingmagbuhosdentalclinic.com/public_html/system/View/View.php(230): include('/home/u14075511...')
#2 /home/u140755111/domains/agbingmagbuhosdentalclinic.com/public_html/system/View/View.php(232): CodeIgniter\View\View->CodeIgniter\View\{closure}()
#3 /home/u140755111/domains/agbingmagbuhosdentalclinic.com/public_html/system/Common.php(1271): CodeIgniter\View\View->render('admin/patient_i...', Array, true)
#4 /home/u140755111/domains/agbingmagbuhosdentalclinic.com/public_html/app/Controllers/Admin/Patient.php(95): view('admin/patient_i...', Array)
#5 /home/u140755111/domains/agbingmagbuhosdentalclinic.com/public_html/system/CodeIgniter.php(928): App\Controllers\Admin\Patient->patient_info('sweetalert2.all...')
#6 /home/u140755111/domains/agbingmagbuhosdentalclinic.com/public_html/system/CodeIgniter.php(436): CodeIgniter\CodeIgniter->runController(Object(App\Controllers\Admin\Patient))
#7 /home/u140755111/domains/agbingmagbuhosdentalclinic.com/public_html/system/CodeIgniter.php(336): CodeIgniter\CodeIgniter->handleRequest(NULL, Object(Config\Cache), false)
#8 /home/u140755111/domains/agbingmagbuhosdentalclinic.com/public_html/public/index.php(37): CodeIgniter\CodeIgniter->run()
#9 {main}
CRITICAL - 2021-08-18 10:44:30 --> Undefined offset: 0
#0 /home/u140755111/domains/agbingmagbuhosdentalclinic.com/public_html/app/Views/admin/patient_info.php(6): CodeIgniter\Debug\Exceptions->errorHandler(8, 'Undefined offse...', '/home/u14075511...', 6, Array)
#1 /home/u140755111/domains/agbingmagbuhosdentalclinic.com/public_html/system/View/View.php(230): include('/home/u14075511...')
#2 /home/u140755111/domains/agbingmagbuhosdentalclinic.com/public_html/system/View/View.php(232): CodeIgniter\View\View->CodeIgniter\View\{closure}()
#3 /home/u140755111/domains/agbingmagbuhosdentalclinic.com/public_html/system/Common.php(1271): CodeIgniter\View\View->render('admin/patient_i...', Array, true)
#4 /home/u140755111/domains/agbingmagbuhosdentalclinic.com/public_html/app/Controllers/Admin/Patient.php(95): view('admin/patient_i...', Array)
#5 /home/u140755111/domains/agbingmagbuhosdentalclinic.com/public_html/system/CodeIgniter.php(928): App\Controllers\Admin\Patient->patient_info('sweetalert2.all...')
#6 /home/u140755111/domains/agbingmagbuhosdentalclinic.com/public_html/system/CodeIgniter.php(436): CodeIgniter\CodeIgniter->runController(Object(App\Controllers\Admin\Patient))
#7 /home/u140755111/domains/agbingmagbuhosdentalclinic.com/public_html/system/CodeIgniter.php(336): CodeIgniter\CodeIgniter->handleRequest(NULL, Object(Config\Cache), false)
#8 /home/u140755111/domains/agbingmagbuhosdentalclinic.com/public_html/public/index.php(37): CodeIgniter\CodeIgniter->run()
#9 {main}
CRITICAL - 2021-08-18 10:44:35 --> Undefined offset: 0
#0 /home/u140755111/domains/agbingmagbuhosdentalclinic.com/public_html/app/Views/admin/patient_info.php(6): CodeIgniter\Debug\Exceptions->errorHandler(8, 'Undefined offse...', '/home/u14075511...', 6, Array)
#1 /home/u140755111/domains/agbingmagbuhosdentalclinic.com/public_html/system/View/View.php(230): include('/home/u14075511...')
#2 /home/u140755111/domains/agbingmagbuhosdentalclinic.com/public_html/system/View/View.php(232): CodeIgniter\View\View->CodeIgniter\View\{closure}()
#3 /home/u140755111/domains/agbingmagbuhosdentalclinic.com/public_html/system/Common.php(1271): CodeIgniter\View\View->render('admin/patient_i...', Array, true)
#4 /home/u140755111/domains/agbingmagbuhosdentalclinic.com/public_html/app/Controllers/Admin/Patient.php(95): view('admin/patient_i...', Array)
#5 /home/u140755111/domains/agbingmagbuhosdentalclinic.com/public_html/system/CodeIgniter.php(928): App\Controllers\Admin\Patient->patient_info('sweetalert2.all...')
#6 /home/u140755111/domains/agbingmagbuhosdentalclinic.com/public_html/system/CodeIgniter.php(436): CodeIgniter\CodeIgniter->runController(Object(App\Controllers\Admin\Patient))
#7 /home/u140755111/domains/agbingmagbuhosdentalclinic.com/public_html/system/CodeIgniter.php(336): CodeIgniter\CodeIgniter->handleRequest(NULL, Object(Config\Cache), false)
#8 /home/u140755111/domains/agbingmagbuhosdentalclinic.com/public_html/public/index.php(37): CodeIgniter\CodeIgniter->run()
#9 {main}
CRITICAL - 2021-08-18 12:14:53 --> Trying to access array offset on value of type null
#0 /home/u140755111/domains/agbingmagbuhosdentalclinic.com/public_html/app/Views/layout/main.php(121): CodeIgniter\Debug\Exceptions->errorHandler(8, 'Trying to acces...', '/home/u14075511...', 121, Array)
#1 /home/u140755111/domains/agbingmagbuhosdentalclinic.com/public_html/system/View/View.php(230): include('/home/u14075511...')
#2 /home/u140755111/domains/agbingmagbuhosdentalclinic.com/public_html/system/View/View.php(232): CodeIgniter\View\View->CodeIgniter\View\{closure}()
#3 /home/u140755111/domains/agbingmagbuhosdentalclinic.com/public_html/system/View/View.php(246): CodeIgniter\View\View->render('layout/main', Array, true)
#4 /home/u140755111/domains/agbingmagbuhosdentalclinic.com/public_html/system/Common.php(1271): CodeIgniter\View\View->render('admin/add_patie...', Array, true)
#5 /home/u140755111/domains/agbingmagbuhosdentalclinic.com/public_html/app/Controllers/Admin/Patient.php(31): view('admin/add_patie...', Array)
#6 /home/u140755111/domains/agbingmagbuhosdentalclinic.com/public_html/system/CodeIgniter.php(928): App\Controllers\Admin\Patient->add_patient()
#7 /home/u140755111/domains/agbingmagbuhosdentalclinic.com/public_html/system/CodeIgniter.php(436): CodeIgniter\CodeIgniter->runController(Object(App\Controllers\Admin\Patient))
#8 /home/u140755111/domains/agbingmagbuhosdentalclinic.com/public_html/system/CodeIgniter.php(336): CodeIgniter\CodeIgniter->handleRequest(NULL, Object(Config\Cache), false)
#9 /home/u140755111/domains/agbingmagbuhosdentalclinic.com/public_html/public/index.php(37): CodeIgniter\CodeIgniter->run()
#10 {main}
CRITICAL - 2021-08-18 12:14:57 --> Trying to access array offset on value of type null
#0 /home/u140755111/domains/agbingmagbuhosdentalclinic.com/public_html/app/Views/layout/main.php(121): CodeIgniter\Debug\Exceptions->errorHandler(8, 'Trying to acces...', '/home/u14075511...', 121, Array)
#1 /home/u140755111/domains/agbingmagbuhosdentalclinic.com/public_html/system/View/View.php(230): include('/home/u14075511...')
#2 /home/u140755111/domains/agbingmagbuhosdentalclinic.com/public_html/system/View/View.php(232): CodeIgniter\View\View->CodeIgniter\View\{closure}()
#3 /home/u140755111/domains/agbingmagbuhosdentalclinic.com/public_html/system/View/View.php(246): CodeIgniter\View\View->render('layout/main', Array, true)
#4 /home/u140755111/domains/agbingmagbuhosdentalclinic.com/public_html/system/Common.php(1271): CodeIgniter\View\View->render('admin/add_patie...', Array, true)
#5 /home/u140755111/domains/agbingmagbuhosdentalclinic.com/public_html/app/Controllers/Admin/Patient.php(31): view('admin/add_patie...', Array)
#6 /home/u140755111/domains/agbingmagbuhosdentalclinic.com/public_html/system/CodeIgniter.php(928): App\Controllers\Admin\Patient->add_patient()
#7 /home/u140755111/domains/agbingmagbuhosdentalclinic.com/public_html/system/CodeIgniter.php(436): CodeIgniter\CodeIgniter->runController(Object(App\Controllers\Admin\Patient))
#8 /home/u140755111/domains/agbingmagbuhosdentalclinic.com/public_html/system/CodeIgniter.php(336): CodeIgniter\CodeIgniter->handleRequest(NULL, Object(Config\Cache), false)
#9 /home/u140755111/domains/agbingmagbuhosdentalclinic.com/public_html/public/index.php(37): CodeIgniter\CodeIgniter->run()
#10 {main}
