ERROR - 2021-08-12 10:50:37 --> Table 'amdc.users' doesn't exist
CRITICAL - 2021-08-12 10:50:37 --> Table 'amdc.users' doesn't exist
#0 /opt/lampp/htdocs/DentistAPP/system/Database/MySQLi/Connection.php(329): mysqli->query('SELECT *\nFROM `...')
#1 /opt/lampp/htdocs/DentistAPP/system/Database/BaseConnection.php(732): CodeIgniter\Database\MySQLi\Connection->execute('SELECT *\nFROM `...')
#2 /opt/lampp/htdocs/DentistAPP/system/Database/BaseConnection.php(647): CodeIgniter\Database\BaseConnection->simpleQuery('SELECT *\nFROM `...')
#3 /opt/lampp/htdocs/DentistAPP/system/Database/BaseBuilder.php(1881): CodeIgniter\Database\BaseConnection->query('SELECT *\nFROM `...', Array, false)
#4 /opt/lampp/htdocs/DentistAPP/system/Model.php(228): CodeIgniter\Database\BaseBuilder->get()
#5 /opt/lampp/htdocs/DentistAPP/system/BaseModel.php(644): CodeIgniter\Model->doFirst()
#6 /opt/lampp/htdocs/DentistAPP/vendor/myth/auth/src/Authentication/LocalAuthenticator.php(156): CodeIgniter\BaseModel->first()
#7 /opt/lampp/htdocs/DentistAPP/vendor/myth/auth/src/Authentication/LocalAuthenticator.php(20): Myth\Auth\Authentication\LocalAuthenticator->validate(Array, true)
#8 /opt/lampp/htdocs/DentistAPP/vendor/myth/auth/src/Controllers/AuthController.php(88): Myth\Auth\Authentication\LocalAuthenticator->attempt(Array, false)
#9 /opt/lampp/htdocs/DentistAPP/system/CodeIgniter.php(928): Myth\Auth\Controllers\AuthController->attemptLogin()
#10 /opt/lampp/htdocs/DentistAPP/system/CodeIgniter.php(436): CodeIgniter\CodeIgniter->runController(Object(Myth\Auth\Controllers\AuthController))
#11 /opt/lampp/htdocs/DentistAPP/system/CodeIgniter.php(336): CodeIgniter\CodeIgniter->handleRequest(NULL, Object(Config\Cache), false)
#12 /opt/lampp/htdocs/DentistAPP/public/index.php(37): CodeIgniter\CodeIgniter->run()
#13 {main}
CRITICAL - 2021-08-12 11:34:50 --> syntax error, unexpected '}', expecting ',' or ';'
#0 /opt/lampp/htdocs/DentistAPP/system/Router/Router.php(169): CodeIgniter\Router\Router->autoRoute('Auth/register')
#1 /opt/lampp/htdocs/DentistAPP/system/CodeIgniter.php(809): CodeIgniter\Router\Router->handle('Auth/register')
#2 /opt/lampp/htdocs/DentistAPP/system/CodeIgniter.php(389): CodeIgniter\CodeIgniter->tryToRouteIt(Object(CodeIgniter\Router\RouteCollection))
#3 /opt/lampp/htdocs/DentistAPP/system/CodeIgniter.php(336): CodeIgniter\CodeIgniter->handleRequest(NULL, Object(Config\Cache), false)
#4 /opt/lampp/htdocs/DentistAPP/public/index.php(37): CodeIgniter\CodeIgniter->run()
#5 {main}
CRITICAL - 2021-08-12 11:44:23 --> Undefined variable: display_error
#0 /opt/lampp/htdocs/DentistAPP/app/Views/auth/register.php(41): CodeIgniter\Debug\Exceptions->errorHandler(8, 'Undefined varia...', '/opt/lampp/htdo...', 41, Array)
#1 /opt/lampp/htdocs/DentistAPP/system/View/View.php(230): include('/opt/lampp/htdo...')
#2 /opt/lampp/htdocs/DentistAPP/system/View/View.php(232): CodeIgniter\View\View->CodeIgniter\View\{closure}()
#3 /opt/lampp/htdocs/DentistAPP/system/Common.php(1271): CodeIgniter\View\View->render('auth/register', Array, true)
#4 /opt/lampp/htdocs/DentistAPP/app/Controllers/Auth.php(28): view('auth/register', Array)
#5 /opt/lampp/htdocs/DentistAPP/system/CodeIgniter.php(928): App\Controllers\Auth->save()
#6 /opt/lampp/htdocs/DentistAPP/system/CodeIgniter.php(436): CodeIgniter\CodeIgniter->runController(Object(App\Controllers\Auth))
#7 /opt/lampp/htdocs/DentistAPP/system/CodeIgniter.php(336): CodeIgniter\CodeIgniter->handleRequest(NULL, Object(Config\Cache), false)
#8 /opt/lampp/htdocs/DentistAPP/public/index.php(37): CodeIgniter\CodeIgniter->run()
#9 {main}
CRITICAL - 2021-08-12 11:45:15 --> Call to undefined function display_error()
#0 /opt/lampp/htdocs/DentistAPP/system/View/View.php(230): include()
#1 /opt/lampp/htdocs/DentistAPP/system/View/View.php(232): CodeIgniter\View\View->CodeIgniter\View\{closure}()
#2 /opt/lampp/htdocs/DentistAPP/system/Common.php(1271): CodeIgniter\View\View->render('auth/register', Array, true)
#3 /opt/lampp/htdocs/DentistAPP/app/Controllers/Auth.php(28): view('auth/register', Array)
#4 /opt/lampp/htdocs/DentistAPP/system/CodeIgniter.php(928): App\Controllers\Auth->save()
#5 /opt/lampp/htdocs/DentistAPP/system/CodeIgniter.php(436): CodeIgniter\CodeIgniter->runController(Object(App\Controllers\Auth))
#6 /opt/lampp/htdocs/DentistAPP/system/CodeIgniter.php(336): CodeIgniter\CodeIgniter->handleRequest(NULL, Object(Config\Cache), false)
#7 /opt/lampp/htdocs/DentistAPP/public/index.php(37): CodeIgniter\CodeIgniter->run()
#8 {main}
CRITICAL - 2021-08-12 11:45:25 --> Call to undefined function display_error()
#0 /opt/lampp/htdocs/DentistAPP/system/View/View.php(230): include()
#1 /opt/lampp/htdocs/DentistAPP/system/View/View.php(232): CodeIgniter\View\View->CodeIgniter\View\{closure}()
#2 /opt/lampp/htdocs/DentistAPP/system/Common.php(1271): CodeIgniter\View\View->render('auth/register', Array, true)
#3 /opt/lampp/htdocs/DentistAPP/app/Controllers/Auth.php(28): view('auth/register', Array)
#4 /opt/lampp/htdocs/DentistAPP/system/CodeIgniter.php(928): App\Controllers\Auth->save()
#5 /opt/lampp/htdocs/DentistAPP/system/CodeIgniter.php(436): CodeIgniter\CodeIgniter->runController(Object(App\Controllers\Auth))
#6 /opt/lampp/htdocs/DentistAPP/system/CodeIgniter.php(336): CodeIgniter\CodeIgniter->handleRequest(NULL, Object(Config\Cache), false)
#7 /opt/lampp/htdocs/DentistAPP/public/index.php(37): CodeIgniter\CodeIgniter->run()
#8 {main}
CRITICAL - 2021-08-12 11:46:59 --> Call to undefined function display_error()
#0 /opt/lampp/htdocs/DentistAPP/system/View/View.php(230): include()
#1 /opt/lampp/htdocs/DentistAPP/system/View/View.php(232): CodeIgniter\View\View->CodeIgniter\View\{closure}()
#2 /opt/lampp/htdocs/DentistAPP/system/Common.php(1271): CodeIgniter\View\View->render('auth/register', Array, true)
#3 /opt/lampp/htdocs/DentistAPP/app/Controllers/Auth.php(28): view('auth/register', Array)
#4 /opt/lampp/htdocs/DentistAPP/system/CodeIgniter.php(928): App\Controllers\Auth->save()
#5 /opt/lampp/htdocs/DentistAPP/system/CodeIgniter.php(436): CodeIgniter\CodeIgniter->runController(Object(App\Controllers\Auth))
#6 /opt/lampp/htdocs/DentistAPP/system/CodeIgniter.php(336): CodeIgniter\CodeIgniter->handleRequest(NULL, Object(Config\Cache), false)
#7 /opt/lampp/htdocs/DentistAPP/public/index.php(37): CodeIgniter\CodeIgniter->run()
#8 {main}
CRITICAL - 2021-08-12 11:48:02 --> Call to undefined function display_error()
#0 /opt/lampp/htdocs/DentistAPP/system/View/View.php(230): include()
#1 /opt/lampp/htdocs/DentistAPP/system/View/View.php(232): CodeIgniter\View\View->CodeIgniter\View\{closure}()
#2 /opt/lampp/htdocs/DentistAPP/system/Common.php(1271): CodeIgniter\View\View->render('auth/register', Array, true)
#3 /opt/lampp/htdocs/DentistAPP/app/Controllers/Auth.php(28): view('auth/register', Array)
#4 /opt/lampp/htdocs/DentistAPP/system/CodeIgniter.php(928): App\Controllers\Auth->save()
#5 /opt/lampp/htdocs/DentistAPP/system/CodeIgniter.php(436): CodeIgniter\CodeIgniter->runController(Object(App\Controllers\Auth))
#6 /opt/lampp/htdocs/DentistAPP/system/CodeIgniter.php(336): CodeIgniter\CodeIgniter->handleRequest(NULL, Object(Config\Cache), false)
#7 /opt/lampp/htdocs/DentistAPP/public/index.php(37): CodeIgniter\CodeIgniter->run()
#8 {main}
CRITICAL - 2021-08-12 11:48:42 --> Call to undefined function display_error()
#0 /opt/lampp/htdocs/DentistAPP/system/View/View.php(230): include()
#1 /opt/lampp/htdocs/DentistAPP/system/View/View.php(232): CodeIgniter\View\View->CodeIgniter\View\{closure}()
#2 /opt/lampp/htdocs/DentistAPP/system/Common.php(1271): CodeIgniter\View\View->render('auth/register', Array, true)
#3 /opt/lampp/htdocs/DentistAPP/app/Controllers/Auth.php(28): view('auth/register', Array)
#4 /opt/lampp/htdocs/DentistAPP/system/CodeIgniter.php(928): App\Controllers\Auth->save()
#5 /opt/lampp/htdocs/DentistAPP/system/CodeIgniter.php(436): CodeIgniter\CodeIgniter->runController(Object(App\Controllers\Auth))
#6 /opt/lampp/htdocs/DentistAPP/system/CodeIgniter.php(336): CodeIgniter\CodeIgniter->handleRequest(NULL, Object(Config\Cache), false)
#7 /opt/lampp/htdocs/DentistAPP/public/index.php(37): CodeIgniter\CodeIgniter->run()
#8 {main}
CRITICAL - 2021-08-12 11:49:53 --> Call to undefined function display_error()
#0 /opt/lampp/htdocs/DentistAPP/system/View/View.php(230): include()
#1 /opt/lampp/htdocs/DentistAPP/system/View/View.php(232): CodeIgniter\View\View->CodeIgniter\View\{closure}()
#2 /opt/lampp/htdocs/DentistAPP/system/Common.php(1271): CodeIgniter\View\View->render('auth/register', Array, true)
#3 /opt/lampp/htdocs/DentistAPP/app/Controllers/Auth.php(28): view('auth/register', Array)
#4 /opt/lampp/htdocs/DentistAPP/system/CodeIgniter.php(928): App\Controllers\Auth->save()
#5 /opt/lampp/htdocs/DentistAPP/system/CodeIgniter.php(436): CodeIgniter\CodeIgniter->runController(Object(App\Controllers\Auth))
#6 /opt/lampp/htdocs/DentistAPP/system/CodeIgniter.php(336): CodeIgniter\CodeIgniter->handleRequest(NULL, Object(Config\Cache), false)
#7 /opt/lampp/htdocs/DentistAPP/public/index.php(37): CodeIgniter\CodeIgniter->run()
#8 {main}
CRITICAL - 2021-08-12 11:50:06 --> Call to undefined function display_error()
#0 /opt/lampp/htdocs/DentistAPP/system/View/View.php(230): include()
#1 /opt/lampp/htdocs/DentistAPP/system/View/View.php(232): CodeIgniter\View\View->CodeIgniter\View\{closure}()
#2 /opt/lampp/htdocs/DentistAPP/system/Common.php(1271): CodeIgniter\View\View->render('auth/register', Array, true)
#3 /opt/lampp/htdocs/DentistAPP/app/Controllers/Auth.php(28): view('auth/register', Array)
#4 /opt/lampp/htdocs/DentistAPP/system/CodeIgniter.php(928): App\Controllers\Auth->save()
#5 /opt/lampp/htdocs/DentistAPP/system/CodeIgniter.php(436): CodeIgniter\CodeIgniter->runController(Object(App\Controllers\Auth))
#6 /opt/lampp/htdocs/DentistAPP/system/CodeIgniter.php(336): CodeIgniter\CodeIgniter->handleRequest(NULL, Object(Config\Cache), false)
#7 /opt/lampp/htdocs/DentistAPP/public/index.php(37): CodeIgniter\CodeIgniter->run()
#8 {main}
CRITICAL - 2021-08-12 11:55:59 --> Call to undefined function display_error()
#0 /opt/lampp/htdocs/DentistAPP/system/View/View.php(230): include()
#1 /opt/lampp/htdocs/DentistAPP/system/View/View.php(232): CodeIgniter\View\View->CodeIgniter\View\{closure}()
#2 /opt/lampp/htdocs/DentistAPP/system/Common.php(1271): CodeIgniter\View\View->render('auth/register', Array, true)
#3 /opt/lampp/htdocs/DentistAPP/app/Controllers/Auth.php(28): view('auth/register', Array)
#4 /opt/lampp/htdocs/DentistAPP/system/CodeIgniter.php(928): App\Controllers\Auth->save()
#5 /opt/lampp/htdocs/DentistAPP/system/CodeIgniter.php(436): CodeIgniter\CodeIgniter->runController(Object(App\Controllers\Auth))
#6 /opt/lampp/htdocs/DentistAPP/system/CodeIgniter.php(336): CodeIgniter\CodeIgniter->handleRequest(NULL, Object(Config\Cache), false)
#7 /opt/lampp/htdocs/DentistAPP/public/index.php(37): CodeIgniter\CodeIgniter->run()
#8 {main}
CRITICAL - 2021-08-12 11:56:33 --> Call to undefined function display_error()
#0 /opt/lampp/htdocs/DentistAPP/system/View/View.php(230): include()
#1 /opt/lampp/htdocs/DentistAPP/system/View/View.php(232): CodeIgniter\View\View->CodeIgniter\View\{closure}()
#2 /opt/lampp/htdocs/DentistAPP/system/Common.php(1271): CodeIgniter\View\View->render('auth/register', Array, true)
#3 /opt/lampp/htdocs/DentistAPP/app/Controllers/Auth.php(28): view('auth/register', Array)
#4 /opt/lampp/htdocs/DentistAPP/system/CodeIgniter.php(928): App\Controllers\Auth->save()
#5 /opt/lampp/htdocs/DentistAPP/system/CodeIgniter.php(436): CodeIgniter\CodeIgniter->runController(Object(App\Controllers\Auth))
#6 /opt/lampp/htdocs/DentistAPP/system/CodeIgniter.php(336): CodeIgniter\CodeIgniter->handleRequest(NULL, Object(Config\Cache), false)
#7 /opt/lampp/htdocs/DentistAPP/public/index.php(37): CodeIgniter\CodeIgniter->run()
#8 {main}
CRITICAL - 2021-08-12 12:02:48 --> Call to undefined function display_error()
#0 /opt/lampp/htdocs/DentistAPP/system/View/View.php(230): include()
#1 /opt/lampp/htdocs/DentistAPP/system/View/View.php(232): CodeIgniter\View\View->CodeIgniter\View\{closure}()
#2 /opt/lampp/htdocs/DentistAPP/system/Common.php(1271): CodeIgniter\View\View->render('auth/register', Array, true)
#3 /opt/lampp/htdocs/DentistAPP/app/Controllers/Auth.php(28): view('auth/register', Array)
#4 /opt/lampp/htdocs/DentistAPP/system/CodeIgniter.php(928): App\Controllers\Auth->save()
#5 /opt/lampp/htdocs/DentistAPP/system/CodeIgniter.php(436): CodeIgniter\CodeIgniter->runController(Object(App\Controllers\Auth))
#6 /opt/lampp/htdocs/DentistAPP/system/CodeIgniter.php(336): CodeIgniter\CodeIgniter->handleRequest(NULL, Object(Config\Cache), false)
#7 /opt/lampp/htdocs/DentistAPP/public/index.php(37): CodeIgniter\CodeIgniter->run()
#8 {main}
CRITICAL - 2021-08-12 12:03:47 --> Call to undefined function display_error()
#0 /opt/lampp/htdocs/DentistAPP/system/View/View.php(230): include()
#1 /opt/lampp/htdocs/DentistAPP/system/View/View.php(232): CodeIgniter\View\View->CodeIgniter\View\{closure}()
#2 /opt/lampp/htdocs/DentistAPP/system/Common.php(1271): CodeIgniter\View\View->render('auth/register', Array, true)
#3 /opt/lampp/htdocs/DentistAPP/app/Controllers/Auth.php(29): view('auth/register', Array)
#4 /opt/lampp/htdocs/DentistAPP/system/CodeIgniter.php(928): App\Controllers\Auth->save()
#5 /opt/lampp/htdocs/DentistAPP/system/CodeIgniter.php(436): CodeIgniter\CodeIgniter->runController(Object(App\Controllers\Auth))
#6 /opt/lampp/htdocs/DentistAPP/system/CodeIgniter.php(336): CodeIgniter\CodeIgniter->handleRequest(NULL, Object(Config\Cache), false)
#7 /opt/lampp/htdocs/DentistAPP/public/index.php(37): CodeIgniter\CodeIgniter->run()
#8 {main}
CRITICAL - 2021-08-12 12:04:02 --> Call to undefined function display_error()
#0 /opt/lampp/htdocs/DentistAPP/system/View/View.php(230): include()
#1 /opt/lampp/htdocs/DentistAPP/system/View/View.php(232): CodeIgniter\View\View->CodeIgniter\View\{closure}()
#2 /opt/lampp/htdocs/DentistAPP/system/Common.php(1271): CodeIgniter\View\View->render('auth/register', Array, true)
#3 /opt/lampp/htdocs/DentistAPP/app/Controllers/Auth.php(29): view('auth/register', Array)
#4 /opt/lampp/htdocs/DentistAPP/system/CodeIgniter.php(928): App\Controllers\Auth->save()
#5 /opt/lampp/htdocs/DentistAPP/system/CodeIgniter.php(436): CodeIgniter\CodeIgniter->runController(Object(App\Controllers\Auth))
#6 /opt/lampp/htdocs/DentistAPP/system/CodeIgniter.php(336): CodeIgniter\CodeIgniter->handleRequest(NULL, Object(Config\Cache), false)
#7 /opt/lampp/htdocs/DentistAPP/public/index.php(37): CodeIgniter\CodeIgniter->run()
#8 {main}
CRITICAL - 2021-08-12 12:04:14 --> Call to undefined function display_error()
#0 /opt/lampp/htdocs/DentistAPP/system/View/View.php(230): include()
#1 /opt/lampp/htdocs/DentistAPP/system/View/View.php(232): CodeIgniter\View\View->CodeIgniter\View\{closure}()
#2 /opt/lampp/htdocs/DentistAPP/system/Common.php(1271): CodeIgniter\View\View->render('auth/register', Array, true)
#3 /opt/lampp/htdocs/DentistAPP/app/Controllers/Auth.php(29): view('auth/register', Array)
#4 /opt/lampp/htdocs/DentistAPP/system/CodeIgniter.php(928): App\Controllers\Auth->save()
#5 /opt/lampp/htdocs/DentistAPP/system/CodeIgniter.php(436): CodeIgniter\CodeIgniter->runController(Object(App\Controllers\Auth))
#6 /opt/lampp/htdocs/DentistAPP/system/CodeIgniter.php(336): CodeIgniter\CodeIgniter->handleRequest(NULL, Object(Config\Cache), false)
#7 /opt/lampp/htdocs/DentistAPP/public/index.php(37): CodeIgniter\CodeIgniter->run()
#8 {main}
CRITICAL - 2021-08-12 12:19:56 --> isUnique is not a valid rule.
#0 /opt/lampp/htdocs/DentistAPP/system/Validation/Validation.php(321): CodeIgniter\Validation\Exceptions\ValidationException::forRuleNotFound('isUnique')
#1 /opt/lampp/htdocs/DentistAPP/system/Validation/Validation.php(159): CodeIgniter\Validation\Validation->processRules('email', 'email', 'asdasd', Array, Array)
#2 /opt/lampp/htdocs/DentistAPP/system/Controller.php(183): CodeIgniter\Validation\Validation->run()
#3 /opt/lampp/htdocs/DentistAPP/app/Controllers/Auth.php(23): CodeIgniter\Controller->validate(Array)
#4 /opt/lampp/htdocs/DentistAPP/system/CodeIgniter.php(928): App\Controllers\Auth->save()
#5 /opt/lampp/htdocs/DentistAPP/system/CodeIgniter.php(436): CodeIgniter\CodeIgniter->runController(Object(App\Controllers\Auth))
#6 /opt/lampp/htdocs/DentistAPP/system/CodeIgniter.php(336): CodeIgniter\CodeIgniter->handleRequest(NULL, Object(Config\Cache), false)
#7 /opt/lampp/htdocs/DentistAPP/public/index.php(37): CodeIgniter\CodeIgniter->run()
#8 {main}
CRITICAL - 2021-08-12 12:21:10 --> isUnique is not a valid rule.
#0 /opt/lampp/htdocs/DentistAPP/system/Validation/Validation.php(321): CodeIgniter\Validation\Exceptions\ValidationException::forRuleNotFound('isUnique')
#1 /opt/lampp/htdocs/DentistAPP/system/Validation/Validation.php(159): CodeIgniter\Validation\Validation->processRules('email', 'email', 'asd', Array, Array)
#2 /opt/lampp/htdocs/DentistAPP/system/Controller.php(183): CodeIgniter\Validation\Validation->run()
#3 /opt/lampp/htdocs/DentistAPP/app/Controllers/Auth.php(23): CodeIgniter\Controller->validate(Array)
#4 /opt/lampp/htdocs/DentistAPP/system/CodeIgniter.php(928): App\Controllers\Auth->save()
#5 /opt/lampp/htdocs/DentistAPP/system/CodeIgniter.php(436): CodeIgniter\CodeIgniter->runController(Object(App\Controllers\Auth))
#6 /opt/lampp/htdocs/DentistAPP/system/CodeIgniter.php(336): CodeIgniter\CodeIgniter->handleRequest(NULL, Object(Config\Cache), false)
#7 /opt/lampp/htdocs/DentistAPP/public/index.php(37): CodeIgniter\CodeIgniter->run()
#8 {main}
CRITICAL - 2021-08-12 12:23:06 --> isUnique is not a valid rule.
#0 /opt/lampp/htdocs/DentistAPP/system/Validation/Validation.php(321): CodeIgniter\Validation\Exceptions\ValidationException::forRuleNotFound('isUnique')
#1 /opt/lampp/htdocs/DentistAPP/system/Validation/Validation.php(159): CodeIgniter\Validation\Validation->processRules('email', 'email', '2@asdasd.j', Array, Array)
#2 /opt/lampp/htdocs/DentistAPP/system/Controller.php(183): CodeIgniter\Validation\Validation->run()
#3 /opt/lampp/htdocs/DentistAPP/app/Controllers/Auth.php(23): CodeIgniter\Controller->validate(Array)
#4 /opt/lampp/htdocs/DentistAPP/system/CodeIgniter.php(928): App\Controllers\Auth->save()
#5 /opt/lampp/htdocs/DentistAPP/system/CodeIgniter.php(436): CodeIgniter\CodeIgniter->runController(Object(App\Controllers\Auth))
#6 /opt/lampp/htdocs/DentistAPP/system/CodeIgniter.php(336): CodeIgniter\CodeIgniter->handleRequest(NULL, Object(Config\Cache), false)
#7 /opt/lampp/htdocs/DentistAPP/public/index.php(37): CodeIgniter\CodeIgniter->run()
#8 {main}
CRITICAL - 2021-08-12 12:36:56 -->  is not a valid rule.
#0 /opt/lampp/htdocs/DentistAPP/system/Validation/Validation.php(321): CodeIgniter\Validation\Exceptions\ValidationException::forRuleNotFound('')
#1 /opt/lampp/htdocs/DentistAPP/system/Validation/Validation.php(159): CodeIgniter\Validation\Validation->processRules('password', 'password', '12345', Array, Array)
#2 /opt/lampp/htdocs/DentistAPP/system/Controller.php(183): CodeIgniter\Validation\Validation->run()
#3 /opt/lampp/htdocs/DentistAPP/app/Controllers/Auth.php(25): CodeIgniter\Controller->validate(Array)
#4 /opt/lampp/htdocs/DentistAPP/system/CodeIgniter.php(928): App\Controllers\Auth->save()
#5 /opt/lampp/htdocs/DentistAPP/system/CodeIgniter.php(436): CodeIgniter\CodeIgniter->runController(Object(App\Controllers\Auth))
#6 /opt/lampp/htdocs/DentistAPP/system/CodeIgniter.php(336): CodeIgniter\CodeIgniter->handleRequest(NULL, Object(Config\Cache), false)
#7 /opt/lampp/htdocs/DentistAPP/public/index.php(37): CodeIgniter\CodeIgniter->run()
#8 {main}
CRITICAL - 2021-08-12 12:37:43 -->  is not a valid rule.
#0 /opt/lampp/htdocs/DentistAPP/system/Validation/Validation.php(321): CodeIgniter\Validation\Exceptions\ValidationException::forRuleNotFound('')
#1 /opt/lampp/htdocs/DentistAPP/system/Validation/Validation.php(159): CodeIgniter\Validation\Validation->processRules('password', 'password', '12345', Array, Array)
#2 /opt/lampp/htdocs/DentistAPP/system/Controller.php(183): CodeIgniter\Validation\Validation->run()
#3 /opt/lampp/htdocs/DentistAPP/app/Controllers/Auth.php(25): CodeIgniter\Controller->validate(Array)
#4 /opt/lampp/htdocs/DentistAPP/system/CodeIgniter.php(928): App\Controllers\Auth->save()
#5 /opt/lampp/htdocs/DentistAPP/system/CodeIgniter.php(436): CodeIgniter\CodeIgniter->runController(Object(App\Controllers\Auth))
#6 /opt/lampp/htdocs/DentistAPP/system/CodeIgniter.php(336): CodeIgniter\CodeIgniter->handleRequest(NULL, Object(Config\Cache), false)
#7 /opt/lampp/htdocs/DentistAPP/public/index.php(37): CodeIgniter\CodeIgniter->run()
#8 {main}
