CRITICAL - 2021-08-11 03:30:34 --> Undefined property: CodeIgniter\View\View::$uri
#0 /opt/lampp/htdocs/DentistAPP/app/Views/layout/main.php(191): CodeIgniter\Debug\Exceptions->errorHandler(8, 'Undefined prope...', '/opt/lampp/htdo...', 191, Array)
#1 /opt/lampp/htdocs/DentistAPP/system/View/View.php(230): include('/opt/lampp/htdo...')
#2 /opt/lampp/htdocs/DentistAPP/system/View/View.php(232): CodeIgniter\View\View->CodeIgniter\View\{closure}()
#3 /opt/lampp/htdocs/DentistAPP/system/View/View.php(246): CodeIgniter\View\View->render('layout/main', Array, true)
#4 /opt/lampp/htdocs/DentistAPP/system/Common.php(1271): CodeIgniter\View\View->render('admin/dashboard', Array, true)
#5 /opt/lampp/htdocs/DentistAPP/app/Controllers/Admin/Dashboard.php(10): view('admin/dashboard', Array)
#6 /opt/lampp/htdocs/DentistAPP/system/CodeIgniter.php(928): App\Controllers\Admin\Dashboard->index()
#7 /opt/lampp/htdocs/DentistAPP/system/CodeIgniter.php(436): CodeIgniter\CodeIgniter->runController(Object(App\Controllers\Admin\Dashboard))
#8 /opt/lampp/htdocs/DentistAPP/system/CodeIgniter.php(336): CodeIgniter\CodeIgniter->handleRequest(NULL, Object(Config\Cache), false)
#9 /opt/lampp/htdocs/DentistAPP/public/index.php(37): CodeIgniter\CodeIgniter->run()
#10 {main}
CRITICAL - 2021-08-11 03:31:01 --> Undefined variable: uri
#0 /opt/lampp/htdocs/DentistAPP/app/Views/layout/main.php(191): CodeIgniter\Debug\Exceptions->errorHandler(8, 'Undefined varia...', '/opt/lampp/htdo...', 191, Array)
#1 /opt/lampp/htdocs/DentistAPP/system/View/View.php(230): include('/opt/lampp/htdo...')
#2 /opt/lampp/htdocs/DentistAPP/system/View/View.php(232): CodeIgniter\View\View->CodeIgniter\View\{closure}()
#3 /opt/lampp/htdocs/DentistAPP/system/View/View.php(246): CodeIgniter\View\View->render('layout/main', Array, true)
#4 /opt/lampp/htdocs/DentistAPP/system/Common.php(1271): CodeIgniter\View\View->render('admin/dashboard', Array, true)
#5 /opt/lampp/htdocs/DentistAPP/app/Controllers/Admin/Dashboard.php(10): view('admin/dashboard', Array)
#6 /opt/lampp/htdocs/DentistAPP/system/CodeIgniter.php(928): App\Controllers\Admin\Dashboard->index()
#7 /opt/lampp/htdocs/DentistAPP/system/CodeIgniter.php(436): CodeIgniter\CodeIgniter->runController(Object(App\Controllers\Admin\Dashboard))
#8 /opt/lampp/htdocs/DentistAPP/system/CodeIgniter.php(336): CodeIgniter\CodeIgniter->handleRequest(NULL, Object(Config\Cache), false)
#9 /opt/lampp/htdocs/DentistAPP/public/index.php(37): CodeIgniter\CodeIgniter->run()
#10 {main}
