CRITICAL - 2021-08-10 04:09:09 --> Invalid file: admin/dashboard.php
#0 /opt/lampp/htdocs/DentistAPP/system/View/View.php(213): CodeIgniter\Exceptions\FrameworkException::forInvalidFile('admin/dashboard...')
#1 /opt/lampp/htdocs/DentistAPP/system/Common.php(1271): CodeIgniter\View\View->render('admin/dashboard', Array, true)
#2 /opt/lampp/htdocs/DentistAPP/app/Controllers/Admin.php(10): view('admin/dashboard')
#3 /opt/lampp/htdocs/DentistAPP/system/CodeIgniter.php(928): App\Controllers\Admin->index()
#4 /opt/lampp/htdocs/DentistAPP/system/CodeIgniter.php(436): CodeIgniter\CodeIgniter->runController(Object(App\Controllers\Admin))
#5 /opt/lampp/htdocs/DentistAPP/system/CodeIgniter.php(336): CodeIgniter\CodeIgniter->handleRequest(NULL, Object(Config\Cache), false)
#6 /opt/lampp/htdocs/DentistAPP/public/index.php(37): CodeIgniter\CodeIgniter->run()
#7 {main}
CRITICAL - 2021-08-10 04:09:14 --> Invalid file: admin/dashboard.php
#0 /opt/lampp/htdocs/DentistAPP/system/View/View.php(213): CodeIgniter\Exceptions\FrameworkException::forInvalidFile('admin/dashboard...')
#1 /opt/lampp/htdocs/DentistAPP/system/Common.php(1271): CodeIgniter\View\View->render('admin/dashboard', Array, true)
#2 /opt/lampp/htdocs/DentistAPP/app/Controllers/Admin.php(10): view('admin/dashboard')
#3 /opt/lampp/htdocs/DentistAPP/system/CodeIgniter.php(928): App\Controllers\Admin->index()
#4 /opt/lampp/htdocs/DentistAPP/system/CodeIgniter.php(436): CodeIgniter\CodeIgniter->runController(Object(App\Controllers\Admin))
#5 /opt/lampp/htdocs/DentistAPP/system/CodeIgniter.php(336): CodeIgniter\CodeIgniter->handleRequest(NULL, Object(Config\Cache), false)
#6 /opt/lampp/htdocs/DentistAPP/public/index.php(37): CodeIgniter\CodeIgniter->run()
#7 {main}
CRITICAL - 2021-08-10 04:09:30 --> Invalid file: admin/dashboard.php
#0 /opt/lampp/htdocs/DentistAPP/system/View/View.php(213): CodeIgniter\Exceptions\FrameworkException::forInvalidFile('admin/dashboard...')
#1 /opt/lampp/htdocs/DentistAPP/system/Common.php(1271): CodeIgniter\View\View->render('admin/dashboard', Array, true)
#2 /opt/lampp/htdocs/DentistAPP/app/Controllers/Admin.php(10): view('admin/dashboard')
#3 /opt/lampp/htdocs/DentistAPP/system/CodeIgniter.php(928): App\Controllers\Admin->index()
#4 /opt/lampp/htdocs/DentistAPP/system/CodeIgniter.php(436): CodeIgniter\CodeIgniter->runController(Object(App\Controllers\Admin))
#5 /opt/lampp/htdocs/DentistAPP/system/CodeIgniter.php(336): CodeIgniter\CodeIgniter->handleRequest(NULL, Object(Config\Cache), false)
#6 /opt/lampp/htdocs/DentistAPP/public/index.php(37): CodeIgniter\CodeIgniter->run()
#7 {main}
CRITICAL - 2021-08-10 04:09:45 --> Invalid file: admin.php
#0 /opt/lampp/htdocs/DentistAPP/system/View/View.php(213): CodeIgniter\Exceptions\FrameworkException::forInvalidFile('admin.php')
#1 /opt/lampp/htdocs/DentistAPP/system/Common.php(1271): CodeIgniter\View\View->render('admin', Array, true)
#2 /opt/lampp/htdocs/DentistAPP/app/Controllers/Admin.php(10): view('admin')
#3 /opt/lampp/htdocs/DentistAPP/system/CodeIgniter.php(928): App\Controllers\Admin->index()
#4 /opt/lampp/htdocs/DentistAPP/system/CodeIgniter.php(436): CodeIgniter\CodeIgniter->runController(Object(App\Controllers\Admin))
#5 /opt/lampp/htdocs/DentistAPP/system/CodeIgniter.php(336): CodeIgniter\CodeIgniter->handleRequest(NULL, Object(Config\Cache), false)
#6 /opt/lampp/htdocs/DentistAPP/public/index.php(37): CodeIgniter\CodeIgniter->run()
#7 {main}
CRITICAL - 2021-08-10 09:21:20 --> syntax error, unexpected 'if' (T_IF)
#0 /opt/lampp/htdocs/DentistAPP/system/CodeIgniter.php(389): CodeIgniter\CodeIgniter->tryToRouteIt(NULL)
#1 /opt/lampp/htdocs/DentistAPP/system/CodeIgniter.php(336): CodeIgniter\CodeIgniter->handleRequest(NULL, Object(Config\Cache), false)
#2 /opt/lampp/htdocs/DentistAPP/public/index.php(37): CodeIgniter\CodeIgniter->run()
#3 {main}
CRITICAL - 2021-08-10 09:42:37 --> Invalid file: admin\dashboard.php
#0 /opt/lampp/htdocs/DentistAPP/system/View/View.php(213): CodeIgniter\Exceptions\FrameworkException::forInvalidFile('admin\\dashboard...')
#1 /opt/lampp/htdocs/DentistAPP/system/Common.php(1271): CodeIgniter\View\View->render('admin\\dashboard', Array, true)
#2 /opt/lampp/htdocs/DentistAPP/app/Controllers/Admin/Dashboard.php(9): view('admin\\dashboard')
#3 /opt/lampp/htdocs/DentistAPP/system/CodeIgniter.php(928): App\Controllers\Admin\Dashboard->index()
#4 /opt/lampp/htdocs/DentistAPP/system/CodeIgniter.php(436): CodeIgniter\CodeIgniter->runController(Object(App\Controllers\Admin\Dashboard))
#5 /opt/lampp/htdocs/DentistAPP/system/CodeIgniter.php(336): CodeIgniter\CodeIgniter->handleRequest(NULL, Object(Config\Cache), false)
#6 /opt/lampp/htdocs/DentistAPP/public/index.php(37): CodeIgniter\CodeIgniter->run()
#7 {main}
CRITICAL - 2021-08-10 10:03:46 --> Undefined variable: baseURL
#0 /opt/lampp/htdocs/DentistAPP/app/Views/layout/main.php(14): CodeIgniter\Debug\Exceptions->errorHandler(8, 'Undefined varia...', '/opt/lampp/htdo...', 14, Array)
#1 /opt/lampp/htdocs/DentistAPP/system/View/View.php(230): include('/opt/lampp/htdo...')
#2 /opt/lampp/htdocs/DentistAPP/system/View/View.php(232): CodeIgniter\View\View->CodeIgniter\View\{closure}()
#3 /opt/lampp/htdocs/DentistAPP/system/View/View.php(246): CodeIgniter\View\View->render('layout/main', Array, true)
#4 /opt/lampp/htdocs/DentistAPP/system/Common.php(1271): CodeIgniter\View\View->render('admin/dashboard', Array, true)
#5 /opt/lampp/htdocs/DentistAPP/app/Controllers/Admin/Dashboard.php(9): view('admin/dashboard')
#6 /opt/lampp/htdocs/DentistAPP/system/CodeIgniter.php(928): App\Controllers\Admin\Dashboard->index()
#7 /opt/lampp/htdocs/DentistAPP/system/CodeIgniter.php(436): CodeIgniter\CodeIgniter->runController(Object(App\Controllers\Admin\Dashboard))
#8 /opt/lampp/htdocs/DentistAPP/system/CodeIgniter.php(336): CodeIgniter\CodeIgniter->handleRequest(NULL, Object(Config\Cache), false)
#9 /opt/lampp/htdocs/DentistAPP/public/index.php(37): CodeIgniter\CodeIgniter->run()
#10 {main}
CRITICAL - 2021-08-10 10:22:32 --> Undefined variable: uri
#0 /opt/lampp/htdocs/DentistAPP/app/Views/layout/main.php(154): CodeIgniter\Debug\Exceptions->errorHandler(8, 'Undefined varia...', '/opt/lampp/htdo...', 154, Array)
#1 /opt/lampp/htdocs/DentistAPP/system/View/View.php(230): include('/opt/lampp/htdo...')
#2 /opt/lampp/htdocs/DentistAPP/system/View/View.php(232): CodeIgniter\View\View->CodeIgniter\View\{closure}()
#3 /opt/lampp/htdocs/DentistAPP/system/View/View.php(246): CodeIgniter\View\View->render('layout/main', Array, true)
#4 /opt/lampp/htdocs/DentistAPP/system/Common.php(1271): CodeIgniter\View\View->render('admin/dashboard', Array, true)
#5 /opt/lampp/htdocs/DentistAPP/app/Controllers/Admin/Dashboard.php(9): view('admin/dashboard')
#6 /opt/lampp/htdocs/DentistAPP/system/CodeIgniter.php(928): App\Controllers\Admin\Dashboard->index()
#7 /opt/lampp/htdocs/DentistAPP/system/CodeIgniter.php(436): CodeIgniter\CodeIgniter->runController(Object(App\Controllers\Admin\Dashboard))
#8 /opt/lampp/htdocs/DentistAPP/system/CodeIgniter.php(336): CodeIgniter\CodeIgniter->handleRequest(NULL, Object(Config\Cache), false)
#9 /opt/lampp/htdocs/DentistAPP/public/index.php(37): CodeIgniter\CodeIgniter->run()
#10 {main}
CRITICAL - 2021-08-10 10:23:25 --> Undefined variable: request
#0 /opt/lampp/htdocs/DentistAPP/app/Views/layout/main.php(154): CodeIgniter\Debug\Exceptions->errorHandler(8, 'Undefined varia...', '/opt/lampp/htdo...', 154, Array)
#1 /opt/lampp/htdocs/DentistAPP/system/View/View.php(230): include('/opt/lampp/htdo...')
#2 /opt/lampp/htdocs/DentistAPP/system/View/View.php(232): CodeIgniter\View\View->CodeIgniter\View\{closure}()
#3 /opt/lampp/htdocs/DentistAPP/system/View/View.php(246): CodeIgniter\View\View->render('layout/main', Array, true)
#4 /opt/lampp/htdocs/DentistAPP/system/Common.php(1271): CodeIgniter\View\View->render('admin/dashboard', Array, true)
#5 /opt/lampp/htdocs/DentistAPP/app/Controllers/Admin/Dashboard.php(9): view('admin/dashboard')
#6 /opt/lampp/htdocs/DentistAPP/system/CodeIgniter.php(928): App\Controllers\Admin\Dashboard->index()
#7 /opt/lampp/htdocs/DentistAPP/system/CodeIgniter.php(436): CodeIgniter\CodeIgniter->runController(Object(App\Controllers\Admin\Dashboard))
#8 /opt/lampp/htdocs/DentistAPP/system/CodeIgniter.php(336): CodeIgniter\CodeIgniter->handleRequest(NULL, Object(Config\Cache), false)
#9 /opt/lampp/htdocs/DentistAPP/public/index.php(37): CodeIgniter\CodeIgniter->run()
#10 {main}
CRITICAL - 2021-08-10 10:24:42 --> Undefined variable: request
#0 /opt/lampp/htdocs/DentistAPP/app/Views/layout/main.php(1): CodeIgniter\Debug\Exceptions->errorHandler(8, 'Undefined varia...', '/opt/lampp/htdo...', 1, Array)
#1 /opt/lampp/htdocs/DentistAPP/system/View/View.php(230): include('/opt/lampp/htdo...')
#2 /opt/lampp/htdocs/DentistAPP/system/View/View.php(232): CodeIgniter\View\View->CodeIgniter\View\{closure}()
#3 /opt/lampp/htdocs/DentistAPP/system/View/View.php(246): CodeIgniter\View\View->render('layout/main', Array, true)
#4 /opt/lampp/htdocs/DentistAPP/system/Common.php(1271): CodeIgniter\View\View->render('admin/dashboard', Array, true)
#5 /opt/lampp/htdocs/DentistAPP/app/Controllers/Admin/Dashboard.php(9): view('admin/dashboard')
#6 /opt/lampp/htdocs/DentistAPP/system/CodeIgniter.php(928): App\Controllers\Admin\Dashboard->index()
#7 /opt/lampp/htdocs/DentistAPP/system/CodeIgniter.php(436): CodeIgniter\CodeIgniter->runController(Object(App\Controllers\Admin\Dashboard))
#8 /opt/lampp/htdocs/DentistAPP/system/CodeIgniter.php(336): CodeIgniter\CodeIgniter->handleRequest(NULL, Object(Config\Cache), false)
#9 /opt/lampp/htdocs/DentistAPP/public/index.php(37): CodeIgniter\CodeIgniter->run()
#10 {main}
